2023-12-26 21:53:02 [INFO ] kopo.poly.BlmUserServiceApplication - Starting BlmUserServiceApplication using Java 1.8.0_292 on SYui-MacBookPro.local with PID 32708 (/Users/soyoung/Desktop/멋진김소영/영진이네/BLM/target/classes started by soyoung in /Users/soyoung/Desktop/멋진김소영/영진이네/BLM)
2023-12-26 21:53:02 [INFO ] kopo.poly.BlmUserServiceApplication - The following 1 profile is active: "prod"
2023-12-26 21:53:05 [INFO ] kopo.poly.BlmUserServiceApplication - Started BlmUserServiceApplication in 4.36 seconds (JVM running for 6.574)
2023-12-26 21:53:15 [INFO ] kopo.poly.controller.MainController - kopo.poly.controller.MainController블루밍 서비스 메인화면 호출 시작합니다.
2023-12-26 21:53:15 [INFO ] k.poly.service.impl.PolicyService2 - kopo.poly.service.impl.PolicyService2메인 페이지에 띄울 최신 정책 10개 호출합니다.
2023-12-26 21:53:18 [INFO ] kopo.poly.service.impl.JobService - kopo.poly.service.impl.JobService메인 페이지에 띄울 최신 일자리 10개 호출합니다.
2023-12-26 21:53:18 [INFO ] kopo.poly.service.impl.NoticeService - kopo.poly.service.impl.NoticeService메인페이지에 띄울 최신글 10개 호출합니다.
2023-12-26 21:53:18 [INFO ] kopo.poly.service.impl.StoreService - kopo.poly.service.impl.StoreService.청년점포 메인에 띄울 가게 정보 호출합니다.
2023-12-26 21:53:18 [INFO ] kopo.poly.service.impl.StoreService - kopo.poly.service.impl.StoreService.청년점포 메인에 띄울 가게 정보 호출 종료합니다.
2023-12-26 21:53:19 [INFO ] kopo.poly.controller.MainController - kopo.poly.controller.MainController블루밍 서비스 메인화면 호출 종료합니다.
2023-12-26 21:53:35 [INFO ] kopo.poly.controller.StoreController - kopo.poly.controller.StoreController.점포 게시판 진입, 청년점포 리스트 가져오기 컨트롤러 실행합니다.
2023-12-26 21:53:35 [INFO ] kopo.poly.service.impl.StoreService - kopo.poly.service.impl.StoreService.청년점포 리스트 서비스 호출 받았습니다.
2023-12-26 21:53:35 [INFO ] kopo.poly.controller.StoreController - kopo.poly.controller.StoreController.점포 게시판 진입, 청년점포 리스트 가져오기 컨트롤러 종료합니다.
2023-12-26 21:53:51 [INFO ] kopo.poly.controller.StoreController - kopo.poly.controller.StoreController.청년점포 상세보기 컨트롤러 실행합니다.
2023-12-26 21:53:51 [INFO ] kopo.poly.service.impl.StoreService - kopo.poly.service.impl.StoreService.청년점포 상세보기 서비스 호출 받았습니다.
2023-12-26 21:53:52 [INFO ] kopo.poly.controller.StoreController - 메인 이미지 경로 : https://kr.object.ncloudstorage.com/bluefingers97/%EB%85%B8%ED%8B%B0%EC%8A%A42.png
2023-12-26 21:53:52 [INFO ] kopo.poly.controller.StoreController - kopo.poly.controller.StoreController.청년점포 상세보기 컨트롤러 종료합니다.
2023-12-26 21:53:53 [INFO ] k.poly.controller.ReviewController - kopo.poly.controller.ReviewController.getReviewList Start!
2023-12-26 21:53:53 [INFO ] k.poly.controller.ReviewController - store_seq : 5
2023-12-26 21:53:53 [INFO ] kopo.poly.service.impl.ReviewService - kopo.poly.service.impl.ReviewService.getReviewList start!
2023-12-26 21:53:53 [INFO ] k.poly.controller.ReviewController - org.springframework.jdbc.BadSqlGrammarException: 
### Error querying database.  Cause: java.sql.SQLSyntaxErrorException: (conn=370) FUNCTION myDB.TO_CHAR does not exist
### The error may exist in file [/Users/soyoung/Desktop/멋진김소영/영진이네/BLM/target/classes/mapper/ReviewMapper.xml]
### The error may involve kopo.poly.persistance.mapper.IReviewMapper.getReviewList-Inline
### The error occurred while setting parameters
### SQL: SELECT REVIEW_SEQ, STORE_SEQ, CONTENTS, USER_ID,                TO_CHAR(REG_DT, 'YY-MM-DD HH:MI') AS REG_DT         FROM REVIEW         WHERE STORE_SEQ = ?         ORDER BY REVIEW_SEQ DESC
### Cause: java.sql.SQLSyntaxErrorException: (conn=370) FUNCTION myDB.TO_CHAR does not exist
; bad SQL grammar []; nested exception is java.sql.SQLSyntaxErrorException: (conn=370) FUNCTION myDB.TO_CHAR does not exist
2023-12-26 21:53:53 [INFO ] k.poly.controller.ReviewController - kopo.poly.controller.ReviewController.getReviewList End!
2023-12-26 21:54:02 [INFO ] kopo.poly.controller.StoreController - kopo.poly.controller.StoreController.청년점포 상세보기 컨트롤러 실행합니다.
2023-12-26 21:54:02 [INFO ] kopo.poly.service.impl.StoreService - kopo.poly.service.impl.StoreService.청년점포 상세보기 서비스 호출 받았습니다.
2023-12-26 21:54:02 [INFO ] kopo.poly.controller.StoreController - 메인 이미지 경로 : https://kr.object.ncloudstorage.com/bluefingers97/%EC%B5%9C%EC%86%8C%ED%95%9C%EB%81%BC%20%EB%A9%94%EC%9D%B8.jpg
2023-12-26 21:54:02 [INFO ] kopo.poly.controller.StoreController - kopo.poly.controller.StoreController.청년점포 상세보기 컨트롤러 종료합니다.
2023-12-26 21:54:03 [INFO ] k.poly.controller.ReviewController - kopo.poly.controller.ReviewController.getReviewList Start!
2023-12-26 21:54:03 [INFO ] k.poly.controller.ReviewController - store_seq : 4
2023-12-26 21:54:03 [INFO ] kopo.poly.service.impl.ReviewService - kopo.poly.service.impl.ReviewService.getReviewList start!
2023-12-26 21:54:03 [INFO ] k.poly.controller.ReviewController - org.springframework.jdbc.BadSqlGrammarException: 
### Error querying database.  Cause: java.sql.SQLSyntaxErrorException: (conn=370) FUNCTION myDB.TO_CHAR does not exist
### The error may exist in file [/Users/soyoung/Desktop/멋진김소영/영진이네/BLM/target/classes/mapper/ReviewMapper.xml]
### The error may involve kopo.poly.persistance.mapper.IReviewMapper.getReviewList-Inline
### The error occurred while setting parameters
### SQL: SELECT REVIEW_SEQ, STORE_SEQ, CONTENTS, USER_ID,                TO_CHAR(REG_DT, 'YY-MM-DD HH:MI') AS REG_DT         FROM REVIEW         WHERE STORE_SEQ = ?         ORDER BY REVIEW_SEQ DESC
### Cause: java.sql.SQLSyntaxErrorException: (conn=370) FUNCTION myDB.TO_CHAR does not exist
; bad SQL grammar []; nested exception is java.sql.SQLSyntaxErrorException: (conn=370) FUNCTION myDB.TO_CHAR does not exist
2023-12-26 21:54:03 [INFO ] k.poly.controller.ReviewController - kopo.poly.controller.ReviewController.getReviewList End!
2023-12-26 21:54:10 [INFO ] kopo.poly.controller.StoreController - kopo.poly.controller.StoreController.청년점포 상세보기 컨트롤러 실행합니다.
2023-12-26 21:54:10 [INFO ] kopo.poly.service.impl.StoreService - kopo.poly.service.impl.StoreService.청년점포 상세보기 서비스 호출 받았습니다.
2023-12-26 21:54:11 [INFO ] kopo.poly.controller.StoreController - 메인 이미지 경로 : https://kr.object.ncloudstorage.com/bluefingers97/%ED%99%94%EC%88%98%ED%97%8C_0.png
2023-12-26 21:54:11 [INFO ] kopo.poly.controller.StoreController - kopo.poly.controller.StoreController.청년점포 상세보기 컨트롤러 종료합니다.
2023-12-26 21:54:11 [INFO ] k.poly.controller.ReviewController - kopo.poly.controller.ReviewController.getReviewList Start!
2023-12-26 21:54:11 [INFO ] k.poly.controller.ReviewController - store_seq : 1
2023-12-26 21:54:11 [INFO ] kopo.poly.service.impl.ReviewService - kopo.poly.service.impl.ReviewService.getReviewList start!
2023-12-26 21:54:12 [INFO ] k.poly.controller.ReviewController - org.springframework.jdbc.BadSqlGrammarException: 
### Error querying database.  Cause: java.sql.SQLSyntaxErrorException: (conn=370) FUNCTION myDB.TO_CHAR does not exist
### The error may exist in file [/Users/soyoung/Desktop/멋진김소영/영진이네/BLM/target/classes/mapper/ReviewMapper.xml]
### The error may involve kopo.poly.persistance.mapper.IReviewMapper.getReviewList-Inline
### The error occurred while setting parameters
### SQL: SELECT REVIEW_SEQ, STORE_SEQ, CONTENTS, USER_ID,                TO_CHAR(REG_DT, 'YY-MM-DD HH:MI') AS REG_DT         FROM REVIEW         WHERE STORE_SEQ = ?         ORDER BY REVIEW_SEQ DESC
### Cause: java.sql.SQLSyntaxErrorException: (conn=370) FUNCTION myDB.TO_CHAR does not exist
; bad SQL grammar []; nested exception is java.sql.SQLSyntaxErrorException: (conn=370) FUNCTION myDB.TO_CHAR does not exist
2023-12-26 21:54:12 [INFO ] k.poly.controller.ReviewController - kopo.poly.controller.ReviewController.getReviewList End!
2023-12-26 21:54:15 [INFO ] k.poly.controller.UserInfoController - kopo.poly.controller.UserInfoController로그인 시작!
2023-12-26 21:54:15 [INFO ] k.poly.controller.UserInfoController - kopo.poly.controller.UserInfoController로그인 끝!
2023-12-26 21:54:22 [INFO ] k.poly.controller.UserInfoController - kopo.poly.controller.UserInfoController.loginProc Start!
2023-12-26 21:54:22 [INFO ] k.poly.controller.UserInfoController - user_id : flower001
2023-12-26 21:54:22 [INFO ] k.poly.controller.UserInfoController - user_pwd : a12345
2023-12-26 21:54:22 [INFO ] k.poly.service.impl.UserInfoService - kopo.poly.service.impl.UserInfoService.getLogin Start!
2023-12-26 21:54:23 [INFO ] k.poly.service.impl.UserInfoService - 로그인 성공
2023-12-26 21:54:23 [INFO ] k.poly.service.impl.UserInfoService - kopo.poly.service.impl.UserInfoService.getLogin End!
2023-12-26 21:54:23 [INFO ] k.poly.controller.UserInfoController - kopo.poly.controller.UserInfoController.loginProc End!
2023-12-26 21:54:24 [INFO ] kopo.poly.controller.MainController - kopo.poly.controller.MainController블루밍 서비스 메인화면 호출 시작합니다.
2023-12-26 21:54:24 [INFO ] k.poly.service.impl.PolicyService2 - kopo.poly.service.impl.PolicyService2메인 페이지에 띄울 최신 정책 10개 호출합니다.
2023-12-26 21:54:25 [INFO ] kopo.poly.service.impl.JobService - kopo.poly.service.impl.JobService메인 페이지에 띄울 최신 일자리 10개 호출합니다.
2023-12-26 21:54:25 [INFO ] kopo.poly.service.impl.NoticeService - kopo.poly.service.impl.NoticeService메인페이지에 띄울 최신글 10개 호출합니다.
2023-12-26 21:54:26 [INFO ] kopo.poly.service.impl.StoreService - kopo.poly.service.impl.StoreService.청년점포 메인에 띄울 가게 정보 호출합니다.
2023-12-26 21:54:26 [INFO ] kopo.poly.service.impl.StoreService - kopo.poly.service.impl.StoreService.청년점포 메인에 띄울 가게 정보 호출 종료합니다.
2023-12-26 21:54:26 [INFO ] kopo.poly.controller.MainController - kopo.poly.controller.MainController블루밍 서비스 메인화면 호출 종료합니다.
2023-12-26 21:54:28 [INFO ] kopo.poly.controller.StoreController - kopo.poly.controller.StoreController.점포 게시판 진입, 청년점포 리스트 가져오기 컨트롤러 실행합니다.
2023-12-26 21:54:28 [INFO ] kopo.poly.service.impl.StoreService - kopo.poly.service.impl.StoreService.청년점포 리스트 서비스 호출 받았습니다.
2023-12-26 21:54:29 [INFO ] kopo.poly.controller.StoreController - kopo.poly.controller.StoreController.점포 게시판 진입, 청년점포 리스트 가져오기 컨트롤러 종료합니다.
2023-12-26 21:54:32 [INFO ] kopo.poly.controller.StoreController - kopo.poly.controller.StoreController.청년점포 상세보기 컨트롤러 실행합니다.
2023-12-26 21:54:32 [INFO ] kopo.poly.service.impl.StoreService - kopo.poly.service.impl.StoreService.청년점포 상세보기 서비스 호출 받았습니다.
2023-12-26 21:54:33 [INFO ] kopo.poly.controller.StoreController - 메인 이미지 경로 : https://kr.object.ncloudstorage.com/bluefingers97/%EB%AC%B4%EB%93%B1%EC%82%B0%20%EB%A9%94%EC%9D%B8.jpg
2023-12-26 21:54:33 [INFO ] kopo.poly.controller.StoreController - kopo.poly.controller.StoreController.청년점포 상세보기 컨트롤러 종료합니다.
2023-12-26 21:54:33 [INFO ] k.poly.controller.ReviewController - kopo.poly.controller.ReviewController.getReviewList Start!
2023-12-26 21:54:33 [INFO ] k.poly.controller.ReviewController - store_seq : 3
2023-12-26 21:54:33 [INFO ] kopo.poly.service.impl.ReviewService - kopo.poly.service.impl.ReviewService.getReviewList start!
2023-12-26 21:54:34 [INFO ] k.poly.controller.ReviewController - org.springframework.jdbc.BadSqlGrammarException: 
### Error querying database.  Cause: java.sql.SQLSyntaxErrorException: (conn=370) FUNCTION myDB.TO_CHAR does not exist
### The error may exist in file [/Users/soyoung/Desktop/멋진김소영/영진이네/BLM/target/classes/mapper/ReviewMapper.xml]
### The error may involve kopo.poly.persistance.mapper.IReviewMapper.getReviewList-Inline
### The error occurred while setting parameters
### SQL: SELECT REVIEW_SEQ, STORE_SEQ, CONTENTS, USER_ID,                TO_CHAR(REG_DT, 'YY-MM-DD HH:MI') AS REG_DT         FROM REVIEW         WHERE STORE_SEQ = ?         ORDER BY REVIEW_SEQ DESC
### Cause: java.sql.SQLSyntaxErrorException: (conn=370) FUNCTION myDB.TO_CHAR does not exist
; bad SQL grammar []; nested exception is java.sql.SQLSyntaxErrorException: (conn=370) FUNCTION myDB.TO_CHAR does not exist
2023-12-26 21:54:34 [INFO ] k.poly.controller.ReviewController - kopo.poly.controller.ReviewController.getReviewList End!
2023-12-26 21:54:38 [INFO ] kopo.poly.controller.StoreController - kopo.poly.controller.StoreController.청년점포 상세보기 컨트롤러 실행합니다.
2023-12-26 21:54:38 [INFO ] kopo.poly.service.impl.StoreService - kopo.poly.service.impl.StoreService.청년점포 상세보기 서비스 호출 받았습니다.
2023-12-26 21:54:39 [INFO ] kopo.poly.controller.StoreController - 메인 이미지 경로 : https://kr.object.ncloudstorage.com/bluefingers97/hoppy_0.jpg
2023-12-26 21:54:39 [INFO ] kopo.poly.controller.StoreController - kopo.poly.controller.StoreController.청년점포 상세보기 컨트롤러 종료합니다.
2023-12-26 21:54:39 [INFO ] k.poly.controller.ReviewController - kopo.poly.controller.ReviewController.getReviewList Start!
2023-12-26 21:54:39 [INFO ] k.poly.controller.ReviewController - store_seq : 2
2023-12-26 21:54:39 [INFO ] kopo.poly.service.impl.ReviewService - kopo.poly.service.impl.ReviewService.getReviewList start!
2023-12-26 21:54:40 [INFO ] k.poly.controller.ReviewController - org.springframework.jdbc.BadSqlGrammarException: 
### Error querying database.  Cause: java.sql.SQLSyntaxErrorException: (conn=370) FUNCTION myDB.TO_CHAR does not exist
### The error may exist in file [/Users/soyoung/Desktop/멋진김소영/영진이네/BLM/target/classes/mapper/ReviewMapper.xml]
### The error may involve kopo.poly.persistance.mapper.IReviewMapper.getReviewList-Inline
### The error occurred while setting parameters
### SQL: SELECT REVIEW_SEQ, STORE_SEQ, CONTENTS, USER_ID,                TO_CHAR(REG_DT, 'YY-MM-DD HH:MI') AS REG_DT         FROM REVIEW         WHERE STORE_SEQ = ?         ORDER BY REVIEW_SEQ DESC
### Cause: java.sql.SQLSyntaxErrorException: (conn=370) FUNCTION myDB.TO_CHAR does not exist
; bad SQL grammar []; nested exception is java.sql.SQLSyntaxErrorException: (conn=370) FUNCTION myDB.TO_CHAR does not exist
2023-12-26 21:54:40 [INFO ] k.poly.controller.ReviewController - kopo.poly.controller.ReviewController.getReviewList End!
2023-12-26 21:54:49 [INFO ] kopo.poly.controller.StoreController - kopo.poly.controller.StoreController.청년점포 상세보기 컨트롤러 실행합니다.
2023-12-26 21:54:49 [INFO ] kopo.poly.service.impl.StoreService - kopo.poly.service.impl.StoreService.청년점포 상세보기 서비스 호출 받았습니다.
2023-12-26 21:54:49 [INFO ] kopo.poly.controller.StoreController - 메인 이미지 경로 : https://kr.object.ncloudstorage.com/bluefingers97/hoppy_0.jpg
2023-12-26 21:54:49 [INFO ] kopo.poly.controller.StoreController - kopo.poly.controller.StoreController.청년점포 상세보기 컨트롤러 종료합니다.
2023-12-26 21:54:50 [INFO ] k.poly.controller.ReviewController - kopo.poly.controller.ReviewController.getReviewList Start!
2023-12-26 21:54:50 [INFO ] k.poly.controller.ReviewController - store_seq : 2
2023-12-26 21:54:50 [INFO ] kopo.poly.service.impl.ReviewService - kopo.poly.service.impl.ReviewService.getReviewList start!
2023-12-26 21:54:50 [INFO ] k.poly.controller.ReviewController - org.springframework.jdbc.BadSqlGrammarException: 
### Error querying database.  Cause: java.sql.SQLSyntaxErrorException: (conn=370) FUNCTION myDB.TO_CHAR does not exist
### The error may exist in file [/Users/soyoung/Desktop/멋진김소영/영진이네/BLM/target/classes/mapper/ReviewMapper.xml]
### The error may involve kopo.poly.persistance.mapper.IReviewMapper.getReviewList-Inline
### The error occurred while setting parameters
### SQL: SELECT REVIEW_SEQ, STORE_SEQ, CONTENTS, USER_ID,                TO_CHAR(REG_DT, 'YY-MM-DD HH:MI') AS REG_DT         FROM REVIEW         WHERE STORE_SEQ = ?         ORDER BY REVIEW_SEQ DESC
### Cause: java.sql.SQLSyntaxErrorException: (conn=370) FUNCTION myDB.TO_CHAR does not exist
; bad SQL grammar []; nested exception is java.sql.SQLSyntaxErrorException: (conn=370) FUNCTION myDB.TO_CHAR does not exist
2023-12-26 21:54:50 [INFO ] k.poly.controller.ReviewController - kopo.poly.controller.ReviewController.getReviewList End!
2023-12-26 21:56:48 [INFO ] k.poly.controller.ReviewController - kopo.poly.controller.ReviewController.reviewInsert Start!
2023-12-26 21:56:48 [INFO ] k.poly.controller.ReviewController - session user_id : flower001
2023-12-26 21:56:48 [INFO ] k.poly.controller.ReviewController - contents : 원데이 클래스 너무너무 재밌었어요 다음에 또 오고 싶어요!!
2023-12-26 21:56:48 [INFO ] k.poly.controller.ReviewController - store_seq : 2
2023-12-26 21:56:48 [INFO ] kopo.poly.service.impl.ReviewService - kopo.poly.service.impl.ReviewService.insertReviewInfo start!
2023-12-26 21:56:49 [INFO ] k.poly.controller.ReviewController - org.springframework.jdbc.BadSqlGrammarException: 
### Error updating database.  Cause: java.sql.SQLSyntaxErrorException: (conn=370) FUNCTION myDB.NVL does not exist
### The error may exist in file [/Users/soyoung/Desktop/멋진김소영/영진이네/BLM/target/classes/mapper/ReviewMapper.xml]
### The error may involve kopo.poly.persistance.mapper.IReviewMapper.insertReviewInfo-Inline
### The error occurred while setting parameters
### SQL: INSERT INTO REVIEW         (             REVIEW_SEQ, STORE_SEQ, CONTENTS, USER_ID, REG_DT         )         VALUES(                       (SELECT NVL(MAX(A.REVIEW_SEQ),0)+1 FROM REVIEW A),                       ?,  ?, ?, SYSDATE()               )
### Cause: java.sql.SQLSyntaxErrorException: (conn=370) FUNCTION myDB.NVL does not exist
; bad SQL grammar []; nested exception is java.sql.SQLSyntaxErrorException: (conn=370) FUNCTION myDB.NVL does not exist
2023-12-26 21:56:49 [INFO ] k.poly.controller.ReviewController - kopo.poly.controller.ReviewController.reviewInsert End!
2023-12-26 21:56:49 [INFO ] k.poly.controller.ReviewController - kopo.poly.controller.ReviewController.getReviewList Start!
2023-12-26 21:56:49 [INFO ] k.poly.controller.ReviewController - store_seq : 2
2023-12-26 21:56:49 [INFO ] kopo.poly.service.impl.ReviewService - kopo.poly.service.impl.ReviewService.getReviewList start!
2023-12-26 21:56:50 [INFO ] k.poly.controller.ReviewController - org.springframework.jdbc.BadSqlGrammarException: 
### Error querying database.  Cause: java.sql.SQLSyntaxErrorException: (conn=370) FUNCTION myDB.TO_CHAR does not exist
### The error may exist in file [/Users/soyoung/Desktop/멋진김소영/영진이네/BLM/target/classes/mapper/ReviewMapper.xml]
### The error may involve kopo.poly.persistance.mapper.IReviewMapper.getReviewList-Inline
### The error occurred while setting parameters
### SQL: SELECT REVIEW_SEQ, STORE_SEQ, CONTENTS, USER_ID,                TO_CHAR(REG_DT, 'YY-MM-DD HH:MI') AS REG_DT         FROM REVIEW         WHERE STORE_SEQ = ?         ORDER BY REVIEW_SEQ DESC
### Cause: java.sql.SQLSyntaxErrorException: (conn=370) FUNCTION myDB.TO_CHAR does not exist
; bad SQL grammar []; nested exception is java.sql.SQLSyntaxErrorException: (conn=370) FUNCTION myDB.TO_CHAR does not exist
2023-12-26 21:56:50 [INFO ] k.poly.controller.ReviewController - kopo.poly.controller.ReviewController.getReviewList End!
2023-12-26 22:00:17 [INFO ] kopo.poly.BlmUserServiceApplication - Starting BlmUserServiceApplication using Java 1.8.0_292 on SYui-MacBookPro.local with PID 32790 (/Users/soyoung/Desktop/멋진김소영/영진이네/BLM/target/classes started by soyoung in /Users/soyoung/Desktop/멋진김소영/영진이네/BLM)
2023-12-26 22:00:17 [INFO ] kopo.poly.BlmUserServiceApplication - The following 1 profile is active: "prod"
2023-12-26 22:00:20 [INFO ] kopo.poly.BlmUserServiceApplication - Started BlmUserServiceApplication in 3.607 seconds (JVM running for 5.093)
2023-12-26 22:00:27 [INFO ] kopo.poly.controller.StoreController - kopo.poly.controller.StoreController.청년점포 상세보기 컨트롤러 실행합니다.
2023-12-26 22:00:27 [INFO ] kopo.poly.service.impl.StoreService - kopo.poly.service.impl.StoreService.청년점포 상세보기 서비스 호출 받았습니다.
2023-12-26 22:00:29 [INFO ] kopo.poly.controller.StoreController - 메인 이미지 경로 : https://kr.object.ncloudstorage.com/bluefingers97/hoppy_0.jpg
2023-12-26 22:00:29 [INFO ] kopo.poly.controller.StoreController - kopo.poly.controller.StoreController.청년점포 상세보기 컨트롤러 종료합니다.
2023-12-26 22:00:31 [INFO ] k.poly.controller.ReviewController - kopo.poly.controller.ReviewController.getReviewList Start!
2023-12-26 22:00:31 [INFO ] k.poly.controller.ReviewController - store_seq : 2
2023-12-26 22:00:31 [INFO ] kopo.poly.service.impl.ReviewService - kopo.poly.service.impl.ReviewService.getReviewList start!
2023-12-26 22:00:31 [INFO ] k.poly.controller.ReviewController - 조회된 리뷰 수 : 1
2023-12-26 22:00:31 [INFO ] k.poly.controller.ReviewController - kopo.poly.controller.ReviewController.getReviewList End!
2023-12-26 22:01:34 [INFO ] kopo.poly.controller.StoreController - kopo.poly.controller.StoreController.점포 게시판 진입, 청년점포 리스트 가져오기 컨트롤러 실행합니다.
2023-12-26 22:01:34 [INFO ] kopo.poly.service.impl.StoreService - kopo.poly.service.impl.StoreService.청년점포 리스트 서비스 호출 받았습니다.
2023-12-26 22:01:34 [INFO ] kopo.poly.controller.StoreController - kopo.poly.controller.StoreController.점포 게시판 진입, 청년점포 리스트 가져오기 컨트롤러 종료합니다.
2023-12-26 22:03:09 [INFO ] kopo.poly.controller.StoreController - kopo.poly.controller.StoreController.청년점포 상세보기 컨트롤러 실행합니다.
2023-12-26 22:03:09 [INFO ] kopo.poly.service.impl.StoreService - kopo.poly.service.impl.StoreService.청년점포 상세보기 서비스 호출 받았습니다.
2023-12-26 22:03:10 [INFO ] kopo.poly.controller.StoreController - 메인 이미지 경로 : https://kr.object.ncloudstorage.com/bluefingers97/%ED%95%98%EC%86%9C%EB%AA%85%EA%B0%804.jpg
2023-12-26 22:03:10 [INFO ] kopo.poly.controller.StoreController - kopo.poly.controller.StoreController.청년점포 상세보기 컨트롤러 종료합니다.
2023-12-26 22:03:11 [INFO ] k.poly.controller.ReviewController - kopo.poly.controller.ReviewController.getReviewList Start!
2023-12-26 22:03:11 [INFO ] k.poly.controller.ReviewController - store_seq : 6
2023-12-26 22:03:11 [INFO ] kopo.poly.service.impl.ReviewService - kopo.poly.service.impl.ReviewService.getReviewList start!
2023-12-26 22:03:11 [INFO ] k.poly.controller.ReviewController - 조회된 리뷰 수 : 1
2023-12-26 22:03:11 [INFO ] k.poly.controller.ReviewController - kopo.poly.controller.ReviewController.getReviewList End!
2023-12-26 22:03:30 [INFO ] kopo.poly.controller.StoreController - kopo.poly.controller.StoreController.청년점포 상세보기 컨트롤러 실행합니다.
2023-12-26 22:03:30 [INFO ] kopo.poly.service.impl.StoreService - kopo.poly.service.impl.StoreService.청년점포 상세보기 서비스 호출 받았습니다.
2023-12-26 22:03:30 [INFO ] kopo.poly.controller.StoreController - 메인 이미지 경로 : https://kr.object.ncloudstorage.com/bluefingers97/%ED%95%98%EC%86%9C%EB%AA%85%EA%B0%804.jpg
2023-12-26 22:03:30 [INFO ] kopo.poly.controller.StoreController - kopo.poly.controller.StoreController.청년점포 상세보기 컨트롤러 종료합니다.
2023-12-26 22:03:31 [INFO ] k.poly.controller.ReviewController - kopo.poly.controller.ReviewController.getReviewList Start!
2023-12-26 22:03:31 [INFO ] k.poly.controller.ReviewController - store_seq : 6
2023-12-26 22:03:31 [INFO ] kopo.poly.service.impl.ReviewService - kopo.poly.service.impl.ReviewService.getReviewList start!
2023-12-26 22:03:32 [INFO ] k.poly.controller.ReviewController - 조회된 리뷰 수 : 1
2023-12-26 22:03:32 [INFO ] k.poly.controller.ReviewController - kopo.poly.controller.ReviewController.getReviewList End!
2023-12-26 22:04:40 [INFO ] kopo.poly.controller.StoreController - kopo.poly.controller.StoreController.청년점포 상세보기 컨트롤러 실행합니다.
2023-12-26 22:04:40 [INFO ] kopo.poly.service.impl.StoreService - kopo.poly.service.impl.StoreService.청년점포 상세보기 서비스 호출 받았습니다.
2023-12-26 22:04:40 [INFO ] kopo.poly.controller.StoreController - 메인 이미지 경로 : https://kr.object.ncloudstorage.com/bluefingers97/%ED%95%98%EC%86%9C%EB%AA%85%EA%B0%804.jpg
2023-12-26 22:04:40 [INFO ] kopo.poly.controller.StoreController - kopo.poly.controller.StoreController.청년점포 상세보기 컨트롤러 종료합니다.
2023-12-26 22:04:41 [INFO ] k.poly.controller.ReviewController - kopo.poly.controller.ReviewController.getReviewList Start!
2023-12-26 22:04:41 [INFO ] k.poly.controller.ReviewController - store_seq : 6
2023-12-26 22:04:41 [INFO ] kopo.poly.service.impl.ReviewService - kopo.poly.service.impl.ReviewService.getReviewList start!
2023-12-26 22:04:41 [INFO ] k.poly.controller.ReviewController - 조회된 리뷰 수 : 1
2023-12-26 22:04:41 [INFO ] k.poly.controller.ReviewController - kopo.poly.controller.ReviewController.getReviewList End!
2023-12-26 22:05:15 [INFO ] kopo.poly.controller.StoreController - kopo.poly.controller.StoreController.청년점포 상세보기 컨트롤러 실행합니다.
2023-12-26 22:05:15 [INFO ] kopo.poly.service.impl.StoreService - kopo.poly.service.impl.StoreService.청년점포 상세보기 서비스 호출 받았습니다.
2023-12-26 22:05:16 [INFO ] kopo.poly.controller.StoreController - 메인 이미지 경로 : https://kr.object.ncloudstorage.com/bluefingers97/%ED%95%98%EC%86%9C%EB%AA%85%EA%B0%804.jpg
2023-12-26 22:05:16 [INFO ] kopo.poly.controller.StoreController - kopo.poly.controller.StoreController.청년점포 상세보기 컨트롤러 종료합니다.
2023-12-26 22:05:16 [INFO ] k.poly.controller.ReviewController - kopo.poly.controller.ReviewController.getReviewList Start!
2023-12-26 22:05:16 [INFO ] k.poly.controller.ReviewController - store_seq : 6
2023-12-26 22:05:16 [INFO ] kopo.poly.service.impl.ReviewService - kopo.poly.service.impl.ReviewService.getReviewList start!
2023-12-26 22:05:17 [INFO ] k.poly.controller.ReviewController - 조회된 리뷰 수 : 1
2023-12-26 22:05:17 [INFO ] k.poly.controller.ReviewController - kopo.poly.controller.ReviewController.getReviewList End!
2023-12-26 22:06:21 [INFO ] kopo.poly.controller.StoreController - kopo.poly.controller.StoreController.청년점포 상세보기 컨트롤러 실행합니다.
2023-12-26 22:06:21 [INFO ] kopo.poly.service.impl.StoreService - kopo.poly.service.impl.StoreService.청년점포 상세보기 서비스 호출 받았습니다.
2023-12-26 22:06:22 [INFO ] kopo.poly.controller.StoreController - 메인 이미지 경로 : https://kr.object.ncloudstorage.com/bluefingers97/%ED%95%98%EC%86%9C%EB%AA%85%EA%B0%804.jpg
2023-12-26 22:06:22 [INFO ] kopo.poly.controller.StoreController - kopo.poly.controller.StoreController.청년점포 상세보기 컨트롤러 종료합니다.
2023-12-26 22:06:23 [INFO ] k.poly.controller.ReviewController - kopo.poly.controller.ReviewController.getReviewList Start!
2023-12-26 22:06:23 [INFO ] k.poly.controller.ReviewController - store_seq : 6
2023-12-26 22:06:23 [INFO ] kopo.poly.service.impl.ReviewService - kopo.poly.service.impl.ReviewService.getReviewList start!
2023-12-26 22:06:24 [INFO ] k.poly.controller.ReviewController - 조회된 리뷰 수 : 1
2023-12-26 22:06:24 [INFO ] k.poly.controller.ReviewController - kopo.poly.controller.ReviewController.getReviewList End!
2023-12-26 22:06:45 [INFO ] kopo.poly.controller.StoreController - kopo.poly.controller.StoreController.청년점포 상세보기 컨트롤러 실행합니다.
2023-12-26 22:06:45 [INFO ] kopo.poly.service.impl.StoreService - kopo.poly.service.impl.StoreService.청년점포 상세보기 서비스 호출 받았습니다.
2023-12-26 22:06:46 [INFO ] kopo.poly.controller.StoreController - 메인 이미지 경로 : https://kr.object.ncloudstorage.com/bluefingers97/%ED%95%98%EC%86%9C%EB%AA%85%EA%B0%804.jpg
2023-12-26 22:06:46 [INFO ] kopo.poly.controller.StoreController - kopo.poly.controller.StoreController.청년점포 상세보기 컨트롤러 종료합니다.
2023-12-26 22:06:47 [INFO ] k.poly.controller.ReviewController - kopo.poly.controller.ReviewController.getReviewList Start!
2023-12-26 22:06:47 [INFO ] k.poly.controller.ReviewController - store_seq : 6
2023-12-26 22:06:47 [INFO ] kopo.poly.service.impl.ReviewService - kopo.poly.service.impl.ReviewService.getReviewList start!
2023-12-26 22:06:48 [INFO ] k.poly.controller.ReviewController - 조회된 리뷰 수 : 1
2023-12-26 22:06:48 [INFO ] k.poly.controller.ReviewController - kopo.poly.controller.ReviewController.getReviewList End!
2023-12-26 22:07:11 [INFO ] kopo.poly.controller.StoreController - kopo.poly.controller.StoreController.청년점포 상세보기 컨트롤러 실행합니다.
2023-12-26 22:07:11 [INFO ] kopo.poly.service.impl.StoreService - kopo.poly.service.impl.StoreService.청년점포 상세보기 서비스 호출 받았습니다.
2023-12-26 22:07:12 [INFO ] kopo.poly.controller.StoreController - 메인 이미지 경로 : https://kr.object.ncloudstorage.com/bluefingers97/%ED%95%98%EC%86%9C%EB%AA%85%EA%B0%804.jpg
2023-12-26 22:07:12 [INFO ] kopo.poly.controller.StoreController - kopo.poly.controller.StoreController.청년점포 상세보기 컨트롤러 종료합니다.
2023-12-26 22:07:13 [INFO ] k.poly.controller.ReviewController - kopo.poly.controller.ReviewController.getReviewList Start!
2023-12-26 22:07:13 [INFO ] k.poly.controller.ReviewController - store_seq : 6
2023-12-26 22:07:13 [INFO ] kopo.poly.service.impl.ReviewService - kopo.poly.service.impl.ReviewService.getReviewList start!
2023-12-26 22:07:13 [INFO ] k.poly.controller.ReviewController - 조회된 리뷰 수 : 1
2023-12-26 22:07:13 [INFO ] k.poly.controller.ReviewController - kopo.poly.controller.ReviewController.getReviewList End!
2023-12-26 22:08:27 [INFO ] k.poly.controller.ReviewController - kopo.poly.controller.ReviewController.reviewInsert Start!
2023-12-26 22:08:27 [INFO ] k.poly.controller.ReviewController - session user_id : flower001
2023-12-26 22:08:27 [INFO ] k.poly.controller.ReviewController - contents : 가게 홍보보고 찾아가봤는데 진짜 맛있었어요 꼭 가보세요 강력추천합니다!!!!
2023-12-26 22:08:27 [INFO ] k.poly.controller.ReviewController - store_seq : 6
2023-12-26 22:08:27 [INFO ] kopo.poly.service.impl.ReviewService - kopo.poly.service.impl.ReviewService.insertReviewInfo start!
2023-12-26 22:08:29 [INFO ] k.poly.controller.ReviewController - org.springframework.jdbc.BadSqlGrammarException: 
### Error updating database.  Cause: java.sql.SQLSyntaxErrorException: (conn=380) FUNCTION myDB.NVL does not exist
### The error may exist in file [/Users/soyoung/Desktop/멋진김소영/영진이네/BLM/target/classes/mapper/ReviewMapper.xml]
### The error may involve kopo.poly.persistance.mapper.IReviewMapper.insertReviewInfo-Inline
### The error occurred while setting parameters
### SQL: INSERT INTO REVIEW         (             REVIEW_SEQ, STORE_SEQ, CONTENTS, USER_ID, REG_DT         )         VALUES(                       (SELECT NVL(MAX(A.REVIEW_SEQ),0)+1 FROM REVIEW A),                       ?,  ?, ?, SYSDATE()               )
### Cause: java.sql.SQLSyntaxErrorException: (conn=380) FUNCTION myDB.NVL does not exist
; bad SQL grammar []; nested exception is java.sql.SQLSyntaxErrorException: (conn=380) FUNCTION myDB.NVL does not exist
2023-12-26 22:08:29 [INFO ] k.poly.controller.ReviewController - kopo.poly.controller.ReviewController.reviewInsert End!
2023-12-26 22:08:29 [INFO ] k.poly.controller.ReviewController - kopo.poly.controller.ReviewController.getReviewList Start!
2023-12-26 22:08:29 [INFO ] k.poly.controller.ReviewController - store_seq : 6
2023-12-26 22:08:29 [INFO ] kopo.poly.service.impl.ReviewService - kopo.poly.service.impl.ReviewService.getReviewList start!
2023-12-26 22:08:29 [INFO ] k.poly.controller.ReviewController - 조회된 리뷰 수 : 1
2023-12-26 22:08:29 [INFO ] k.poly.controller.ReviewController - kopo.poly.controller.ReviewController.getReviewList End!
2023-12-26 22:08:34 [INFO ] kopo.poly.controller.StoreController - kopo.poly.controller.StoreController.청년점포 상세보기 컨트롤러 실행합니다.
2023-12-26 22:08:34 [INFO ] kopo.poly.service.impl.StoreService - kopo.poly.service.impl.StoreService.청년점포 상세보기 서비스 호출 받았습니다.
2023-12-26 22:08:34 [INFO ] kopo.poly.controller.StoreController - 메인 이미지 경로 : https://kr.object.ncloudstorage.com/bluefingers97/%ED%95%98%EC%86%9C%EB%AA%85%EA%B0%804.jpg
2023-12-26 22:08:34 [INFO ] kopo.poly.controller.StoreController - kopo.poly.controller.StoreController.청년점포 상세보기 컨트롤러 종료합니다.
2023-12-26 22:08:38 [INFO ] k.poly.controller.ReviewController - kopo.poly.controller.ReviewController.getReviewList Start!
2023-12-26 22:08:38 [INFO ] k.poly.controller.ReviewController - store_seq : 6
2023-12-26 22:08:38 [INFO ] kopo.poly.service.impl.ReviewService - kopo.poly.service.impl.ReviewService.getReviewList start!
2023-12-26 22:08:38 [INFO ] k.poly.controller.ReviewController - 조회된 리뷰 수 : 1
2023-12-26 22:08:38 [INFO ] k.poly.controller.ReviewController - kopo.poly.controller.ReviewController.getReviewList End!
2023-12-26 22:08:42 [INFO ] kopo.poly.controller.StoreController - kopo.poly.controller.StoreController.청년점포 상세보기 컨트롤러 실행합니다.
2023-12-26 22:08:42 [INFO ] kopo.poly.service.impl.StoreService - kopo.poly.service.impl.StoreService.청년점포 상세보기 서비스 호출 받았습니다.
2023-12-26 22:08:43 [INFO ] kopo.poly.controller.StoreController - 메인 이미지 경로 : https://kr.object.ncloudstorage.com/bluefingers97/%ED%95%98%EC%86%9C%EB%AA%85%EA%B0%804.jpg
2023-12-26 22:08:43 [INFO ] kopo.poly.controller.StoreController - kopo.poly.controller.StoreController.청년점포 상세보기 컨트롤러 종료합니다.
2023-12-26 22:08:45 [INFO ] k.poly.controller.ReviewController - kopo.poly.controller.ReviewController.getReviewList Start!
2023-12-26 22:08:45 [INFO ] k.poly.controller.ReviewController - store_seq : 6
2023-12-26 22:08:45 [INFO ] kopo.poly.service.impl.ReviewService - kopo.poly.service.impl.ReviewService.getReviewList start!
2023-12-26 22:08:46 [INFO ] k.poly.controller.ReviewController - 조회된 리뷰 수 : 1
2023-12-26 22:08:46 [INFO ] k.poly.controller.ReviewController - kopo.poly.controller.ReviewController.getReviewList End!
2023-12-26 22:10:16 [INFO ] kopo.poly.BlmUserServiceApplication - Starting BlmUserServiceApplication using Java 1.8.0_292 on SYui-MacBookPro.local with PID 32901 (/Users/soyoung/Desktop/멋진김소영/영진이네/BLM/target/classes started by soyoung in /Users/soyoung/Desktop/멋진김소영/영진이네/BLM)
2023-12-26 22:10:17 [INFO ] kopo.poly.BlmUserServiceApplication - The following 1 profile is active: "prod"
2023-12-26 22:10:22 [INFO ] kopo.poly.BlmUserServiceApplication - Started BlmUserServiceApplication in 7.843 seconds (JVM running for 13.041)
2023-12-26 22:10:57 [INFO ] kopo.poly.controller.StoreController - kopo.poly.controller.StoreController.청년점포 상세보기 컨트롤러 실행합니다.
2023-12-26 22:10:57 [INFO ] kopo.poly.service.impl.StoreService - kopo.poly.service.impl.StoreService.청년점포 상세보기 서비스 호출 받았습니다.
2023-12-26 22:11:02 [INFO ] kopo.poly.controller.StoreController - kopo.poly.controller.StoreController.청년점포 상세보기 컨트롤러 실행합니다.
2023-12-26 22:11:02 [INFO ] kopo.poly.service.impl.StoreService - kopo.poly.service.impl.StoreService.청년점포 상세보기 서비스 호출 받았습니다.
2023-12-26 22:11:04 [INFO ] kopo.poly.controller.StoreController - 메인 이미지 경로 : https://kr.object.ncloudstorage.com/bluefingers97/%ED%95%98%EC%86%9C%EB%AA%85%EA%B0%804.jpg
2023-12-26 22:11:04 [INFO ] kopo.poly.controller.StoreController - kopo.poly.controller.StoreController.청년점포 상세보기 컨트롤러 종료합니다.
2023-12-26 22:11:06 [INFO ] k.poly.controller.ReviewController - kopo.poly.controller.ReviewController.getReviewList Start!
2023-12-26 22:11:06 [INFO ] k.poly.controller.ReviewController - store_seq : 6
2023-12-26 22:11:06 [INFO ] kopo.poly.service.impl.ReviewService - kopo.poly.service.impl.ReviewService.getReviewList start!
2023-12-26 22:11:07 [INFO ] k.poly.controller.ReviewController - 조회된 리뷰 수 : 1
2023-12-26 22:11:07 [INFO ] k.poly.controller.ReviewController - kopo.poly.controller.ReviewController.getReviewList End!
2023-12-26 22:11:11 [INFO ] k.poly.controller.ReviewController - kopo.poly.controller.ReviewController.reviewInsert Start!
2023-12-26 22:11:11 [INFO ] k.poly.controller.ReviewController - session user_id : flower001
2023-12-26 22:11:11 [INFO ] k.poly.controller.ReviewController - contents : 가보자고
2023-12-26 22:11:11 [INFO ] k.poly.controller.ReviewController - store_seq : 6
2023-12-26 22:11:12 [INFO ] kopo.poly.service.impl.ReviewService - kopo.poly.service.impl.ReviewService.insertReviewInfo start!
2023-12-26 22:11:13 [INFO ] k.poly.controller.ReviewController - kopo.poly.controller.ReviewController.reviewInsert End!
2023-12-26 22:11:13 [INFO ] k.poly.controller.ReviewController - kopo.poly.controller.ReviewController.getReviewList Start!
2023-12-26 22:11:13 [INFO ] k.poly.controller.ReviewController - store_seq : 6
2023-12-26 22:11:13 [INFO ] kopo.poly.service.impl.ReviewService - kopo.poly.service.impl.ReviewService.getReviewList start!
2023-12-26 22:11:13 [INFO ] k.poly.controller.ReviewController - 조회된 리뷰 수 : 2
2023-12-26 22:11:13 [INFO ] k.poly.controller.ReviewController - kopo.poly.controller.ReviewController.getReviewList End!
2023-12-26 22:11:15 [INFO ] k.poly.controller.ReviewController - kopo.poly.controller.ReviewController.reviewDelete Start!
2023-12-26 22:11:15 [INFO ] k.poly.controller.ReviewController - review_seq : 7
2023-12-26 22:11:16 [INFO ] kopo.poly.service.impl.ReviewService - kopo.poly.service.impl.ReviewService.deleteReviewInfo start!
2023-12-26 22:11:17 [INFO ] k.poly.controller.ReviewController - kopo.poly.controller.ReviewController.reviewDelete End!
2023-12-26 22:11:17 [INFO ] k.poly.controller.ReviewController - kopo.poly.controller.ReviewController.getReviewList Start!
2023-12-26 22:11:17 [INFO ] k.poly.controller.ReviewController - store_seq : 6
2023-12-26 22:11:17 [INFO ] kopo.poly.service.impl.ReviewService - kopo.poly.service.impl.ReviewService.getReviewList start!
2023-12-26 22:11:17 [INFO ] k.poly.controller.ReviewController - 조회된 리뷰 수 : 1
2023-12-26 22:11:17 [INFO ] k.poly.controller.ReviewController - kopo.poly.controller.ReviewController.getReviewList End!
2023-12-26 22:11:35 [INFO ] kopo.poly.controller.StoreController - kopo.poly.controller.StoreController.청년점포 상세보기 컨트롤러 실행합니다.
2023-12-26 22:11:35 [INFO ] kopo.poly.service.impl.StoreService - kopo.poly.service.impl.StoreService.청년점포 상세보기 서비스 호출 받았습니다.
2023-12-26 22:11:36 [INFO ] kopo.poly.controller.StoreController - 메인 이미지 경로 : https://kr.object.ncloudstorage.com/bluefingers97/%ED%95%98%EC%86%9C%EB%AA%85%EA%B0%804.jpg
2023-12-26 22:11:36 [INFO ] kopo.poly.controller.StoreController - kopo.poly.controller.StoreController.청년점포 상세보기 컨트롤러 종료합니다.
2023-12-26 22:11:36 [INFO ] k.poly.controller.ReviewController - kopo.poly.controller.ReviewController.getReviewList Start!
2023-12-26 22:11:36 [INFO ] k.poly.controller.ReviewController - store_seq : 6
2023-12-26 22:11:36 [INFO ] kopo.poly.service.impl.ReviewService - kopo.poly.service.impl.ReviewService.getReviewList start!
2023-12-26 22:11:37 [INFO ] k.poly.controller.ReviewController - 조회된 리뷰 수 : 1
2023-12-26 22:11:37 [INFO ] k.poly.controller.ReviewController - kopo.poly.controller.ReviewController.getReviewList End!
2023-12-26 22:12:09 [INFO ] kopo.poly.controller.StoreController - kopo.poly.controller.StoreController.청년점포 상세보기 컨트롤러 실행합니다.
2023-12-26 22:12:09 [INFO ] kopo.poly.service.impl.StoreService - kopo.poly.service.impl.StoreService.청년점포 상세보기 서비스 호출 받았습니다.
2023-12-26 22:12:10 [INFO ] kopo.poly.controller.StoreController - 메인 이미지 경로 : https://kr.object.ncloudstorage.com/bluefingers97/%ED%95%98%EC%86%9C%EB%AA%85%EA%B0%804.jpg
2023-12-26 22:12:10 [INFO ] kopo.poly.controller.StoreController - kopo.poly.controller.StoreController.청년점포 상세보기 컨트롤러 종료합니다.
2023-12-26 22:12:10 [INFO ] k.poly.controller.ReviewController - kopo.poly.controller.ReviewController.getReviewList Start!
2023-12-26 22:12:10 [INFO ] k.poly.controller.ReviewController - store_seq : 6
2023-12-26 22:12:10 [INFO ] kopo.poly.service.impl.ReviewService - kopo.poly.service.impl.ReviewService.getReviewList start!
2023-12-26 22:12:11 [INFO ] k.poly.controller.ReviewController - 조회된 리뷰 수 : 1
2023-12-26 22:12:11 [INFO ] k.poly.controller.ReviewController - kopo.poly.controller.ReviewController.getReviewList End!
2023-12-26 22:12:32 [INFO ] kopo.poly.controller.StoreController - kopo.poly.controller.StoreController.청년점포 상세보기 컨트롤러 실행합니다.
2023-12-26 22:12:32 [INFO ] kopo.poly.service.impl.StoreService - kopo.poly.service.impl.StoreService.청년점포 상세보기 서비스 호출 받았습니다.
2023-12-26 22:12:32 [INFO ] kopo.poly.controller.StoreController - 메인 이미지 경로 : https://kr.object.ncloudstorage.com/bluefingers97/%ED%95%98%EC%86%9C%EB%AA%85%EA%B0%804.jpg
2023-12-26 22:12:32 [INFO ] kopo.poly.controller.StoreController - kopo.poly.controller.StoreController.청년점포 상세보기 컨트롤러 종료합니다.
2023-12-26 22:12:33 [INFO ] k.poly.controller.ReviewController - kopo.poly.controller.ReviewController.getReviewList Start!
2023-12-26 22:12:33 [INFO ] k.poly.controller.ReviewController - store_seq : 6
2023-12-26 22:12:33 [INFO ] kopo.poly.service.impl.ReviewService - kopo.poly.service.impl.ReviewService.getReviewList start!
2023-12-26 22:12:34 [INFO ] k.poly.controller.ReviewController - 조회된 리뷰 수 : 1
2023-12-26 22:12:34 [INFO ] k.poly.controller.ReviewController - kopo.poly.controller.ReviewController.getReviewList End!
2023-12-26 22:12:57 [INFO ] k.poly.controller.ReviewController - kopo.poly.controller.ReviewController.reviewInsert Start!
2023-12-26 22:12:57 [INFO ] k.poly.controller.ReviewController - session user_id : flower001
2023-12-26 22:12:57 [INFO ] k.poly.controller.ReviewController - contents : 홍보보고 찾아가봤는데 엄청 맛있었어요 꼭 가보세요!!!
2023-12-26 22:12:57 [INFO ] k.poly.controller.ReviewController - store_seq : 6
2023-12-26 22:12:57 [INFO ] kopo.poly.service.impl.ReviewService - kopo.poly.service.impl.ReviewService.insertReviewInfo start!
2023-12-26 22:12:58 [INFO ] k.poly.controller.ReviewController - kopo.poly.controller.ReviewController.reviewInsert End!
2023-12-26 22:12:58 [INFO ] k.poly.controller.ReviewController - kopo.poly.controller.ReviewController.getReviewList Start!
2023-12-26 22:12:58 [INFO ] k.poly.controller.ReviewController - store_seq : 6
2023-12-26 22:12:58 [INFO ] kopo.poly.service.impl.ReviewService - kopo.poly.service.impl.ReviewService.getReviewList start!
2023-12-26 22:12:58 [INFO ] k.poly.controller.ReviewController - 조회된 리뷰 수 : 2
2023-12-26 22:12:58 [INFO ] k.poly.controller.ReviewController - kopo.poly.controller.ReviewController.getReviewList End!
2023-12-26 22:13:05 [INFO ] kopo.poly.controller.StoreController - kopo.poly.controller.StoreController.청년점포 상세보기 컨트롤러 실행합니다.
2023-12-26 22:13:05 [INFO ] kopo.poly.service.impl.StoreService - kopo.poly.service.impl.StoreService.청년점포 상세보기 서비스 호출 받았습니다.
2023-12-26 22:13:06 [INFO ] kopo.poly.controller.StoreController - 메인 이미지 경로 : https://kr.object.ncloudstorage.com/bluefingers97/%ED%95%98%EC%86%9C%EB%AA%85%EA%B0%804.jpg
2023-12-26 22:13:06 [INFO ] kopo.poly.controller.StoreController - kopo.poly.controller.StoreController.청년점포 상세보기 컨트롤러 종료합니다.
2023-12-26 22:13:06 [INFO ] k.poly.controller.ReviewController - kopo.poly.controller.ReviewController.getReviewList Start!
2023-12-26 22:13:06 [INFO ] k.poly.controller.ReviewController - store_seq : 6
2023-12-26 22:13:06 [INFO ] kopo.poly.service.impl.ReviewService - kopo.poly.service.impl.ReviewService.getReviewList start!
2023-12-26 22:13:07 [INFO ] k.poly.controller.ReviewController - 조회된 리뷰 수 : 2
2023-12-26 22:13:07 [INFO ] k.poly.controller.ReviewController - kopo.poly.controller.ReviewController.getReviewList End!
2023-12-26 22:13:14 [INFO ] k.poly.controller.ReviewController - kopo.poly.controller.ReviewController.reviewDelete Start!
2023-12-26 22:13:14 [INFO ] k.poly.controller.ReviewController - review_seq : 7
2023-12-26 22:13:14 [INFO ] kopo.poly.service.impl.ReviewService - kopo.poly.service.impl.ReviewService.deleteReviewInfo start!
2023-12-26 22:13:15 [INFO ] k.poly.controller.ReviewController - kopo.poly.controller.ReviewController.reviewDelete End!
2023-12-26 22:13:15 [INFO ] k.poly.controller.ReviewController - kopo.poly.controller.ReviewController.getReviewList Start!
2023-12-26 22:13:15 [INFO ] k.poly.controller.ReviewController - store_seq : 6
2023-12-26 22:13:15 [INFO ] kopo.poly.service.impl.ReviewService - kopo.poly.service.impl.ReviewService.getReviewList start!
2023-12-26 22:13:15 [INFO ] k.poly.controller.ReviewController - 조회된 리뷰 수 : 1
2023-12-26 22:13:15 [INFO ] k.poly.controller.ReviewController - kopo.poly.controller.ReviewController.getReviewList End!
2023-12-26 22:13:50 [INFO ] k.poly.controller.ReviewController - kopo.poly.controller.ReviewController.reviewInsert Start!
2023-12-26 22:13:50 [INFO ] k.poly.controller.ReviewController - session user_id : flower001
2023-12-26 22:13:50 [INFO ] k.poly.controller.ReviewController - contents : 홍보보고 찾아가봤는데 엄청 맛있네요!!!!
2023-12-26 22:13:50 [INFO ] k.poly.controller.ReviewController - store_seq : 6
2023-12-26 22:13:51 [INFO ] kopo.poly.service.impl.ReviewService - kopo.poly.service.impl.ReviewService.insertReviewInfo start!
2023-12-26 22:13:52 [INFO ] k.poly.controller.ReviewController - kopo.poly.controller.ReviewController.reviewInsert End!
2023-12-26 22:13:52 [INFO ] k.poly.controller.ReviewController - kopo.poly.controller.ReviewController.getReviewList Start!
2023-12-26 22:13:52 [INFO ] k.poly.controller.ReviewController - store_seq : 6
2023-12-26 22:13:52 [INFO ] kopo.poly.service.impl.ReviewService - kopo.poly.service.impl.ReviewService.getReviewList start!
2023-12-26 22:13:52 [INFO ] k.poly.controller.ReviewController - 조회된 리뷰 수 : 2
2023-12-26 22:13:52 [INFO ] k.poly.controller.ReviewController - kopo.poly.controller.ReviewController.getReviewList End!
2023-12-26 22:14:03 [INFO ] k.poly.controller.ReviewController - kopo.poly.controller.ReviewController.reviewDelete Start!
2023-12-26 22:14:03 [INFO ] k.poly.controller.ReviewController - review_seq : 7
2023-12-26 22:14:04 [INFO ] kopo.poly.service.impl.ReviewService - kopo.poly.service.impl.ReviewService.deleteReviewInfo start!
2023-12-26 22:14:05 [INFO ] k.poly.controller.ReviewController - kopo.poly.controller.ReviewController.reviewDelete End!
2023-12-26 22:14:05 [INFO ] k.poly.controller.ReviewController - kopo.poly.controller.ReviewController.getReviewList Start!
2023-12-26 22:14:05 [INFO ] k.poly.controller.ReviewController - store_seq : 6
2023-12-26 22:14:05 [INFO ] kopo.poly.service.impl.ReviewService - kopo.poly.service.impl.ReviewService.getReviewList start!
2023-12-26 22:14:05 [INFO ] k.poly.controller.ReviewController - 조회된 리뷰 수 : 1
2023-12-26 22:14:05 [INFO ] k.poly.controller.ReviewController - kopo.poly.controller.ReviewController.getReviewList End!
2023-12-26 22:14:10 [INFO ] kopo.poly.controller.StoreController - kopo.poly.controller.StoreController.청년점포 상세보기 컨트롤러 실행합니다.
2023-12-26 22:14:10 [INFO ] kopo.poly.service.impl.StoreService - kopo.poly.service.impl.StoreService.청년점포 상세보기 서비스 호출 받았습니다.
2023-12-26 22:14:10 [INFO ] kopo.poly.controller.StoreController - 메인 이미지 경로 : https://kr.object.ncloudstorage.com/bluefingers97/%ED%95%98%EC%86%9C%EB%AA%85%EA%B0%804.jpg
2023-12-26 22:14:10 [INFO ] kopo.poly.controller.StoreController - kopo.poly.controller.StoreController.청년점포 상세보기 컨트롤러 종료합니다.
2023-12-26 22:14:11 [INFO ] k.poly.controller.ReviewController - kopo.poly.controller.ReviewController.getReviewList Start!
2023-12-26 22:14:11 [INFO ] k.poly.controller.ReviewController - store_seq : 6
2023-12-26 22:14:11 [INFO ] kopo.poly.service.impl.ReviewService - kopo.poly.service.impl.ReviewService.getReviewList start!
2023-12-26 22:14:12 [INFO ] k.poly.controller.ReviewController - 조회된 리뷰 수 : 1
2023-12-26 22:14:12 [INFO ] k.poly.controller.ReviewController - kopo.poly.controller.ReviewController.getReviewList End!
2023-12-26 22:14:31 [INFO ] k.poly.controller.ReviewController - kopo.poly.controller.ReviewController.reviewInsert Start!
2023-12-26 22:14:31 [INFO ] k.poly.controller.ReviewController - session user_id : flower001
2023-12-26 22:14:31 [INFO ] k.poly.controller.ReviewController - contents : 홍보보고 찾아가봤는데 엄청 맛있었어요!!!!
2023-12-26 22:14:31 [INFO ] k.poly.controller.ReviewController - store_seq : 6
2023-12-26 22:14:32 [INFO ] kopo.poly.service.impl.ReviewService - kopo.poly.service.impl.ReviewService.insertReviewInfo start!
2023-12-26 22:14:33 [INFO ] k.poly.controller.ReviewController - kopo.poly.controller.ReviewController.reviewInsert End!
2023-12-26 22:14:33 [INFO ] k.poly.controller.ReviewController - kopo.poly.controller.ReviewController.getReviewList Start!
2023-12-26 22:14:33 [INFO ] k.poly.controller.ReviewController - store_seq : 6
2023-12-26 22:14:33 [INFO ] kopo.poly.service.impl.ReviewService - kopo.poly.service.impl.ReviewService.getReviewList start!
2023-12-26 22:14:33 [INFO ] k.poly.controller.ReviewController - 조회된 리뷰 수 : 2
2023-12-26 22:14:33 [INFO ] k.poly.controller.ReviewController - kopo.poly.controller.ReviewController.getReviewList End!
2023-12-26 22:23:49 [INFO ] kopo.poly.controller.MainController - kopo.poly.controller.MainController블루밍 서비스 메인화면 호출 시작합니다.
2023-12-26 22:23:49 [INFO ] k.poly.service.impl.PolicyService2 - kopo.poly.service.impl.PolicyService2메인 페이지에 띄울 최신 정책 10개 호출합니다.
2023-12-26 22:23:50 [INFO ] kopo.poly.service.impl.JobService - kopo.poly.service.impl.JobService메인 페이지에 띄울 최신 일자리 10개 호출합니다.
2023-12-26 22:23:50 [INFO ] kopo.poly.service.impl.NoticeService - kopo.poly.service.impl.NoticeService메인페이지에 띄울 최신글 10개 호출합니다.
2023-12-26 22:23:50 [INFO ] kopo.poly.service.impl.StoreService - kopo.poly.service.impl.StoreService.청년점포 메인에 띄울 가게 정보 호출합니다.
2023-12-26 22:23:50 [INFO ] kopo.poly.service.impl.StoreService - kopo.poly.service.impl.StoreService.청년점포 메인에 띄울 가게 정보 호출 종료합니다.
2023-12-26 22:23:51 [INFO ] kopo.poly.controller.MainController - kopo.poly.controller.MainController블루밍 서비스 메인화면 호출 종료합니다.
2023-12-26 22:26:52 [INFO ] kopo.poly.controller.StoreController - kopo.poly.controller.StoreController.점포 게시판 진입, 청년점포 리스트 가져오기 컨트롤러 실행합니다.
2023-12-26 22:26:52 [INFO ] kopo.poly.service.impl.StoreService - kopo.poly.service.impl.StoreService.청년점포 리스트 서비스 호출 받았습니다.
2023-12-26 22:26:52 [INFO ] kopo.poly.controller.StoreController - kopo.poly.controller.StoreController.점포 게시판 진입, 청년점포 리스트 가져오기 컨트롤러 종료합니다.
2023-12-26 22:27:10 [INFO ] kopo.poly.controller.MainController - kopo.poly.controller.MainController블루밍 서비스 메인화면 호출 시작합니다.
2023-12-26 22:27:10 [INFO ] k.poly.service.impl.PolicyService2 - kopo.poly.service.impl.PolicyService2메인 페이지에 띄울 최신 정책 10개 호출합니다.
2023-12-26 22:27:10 [INFO ] kopo.poly.service.impl.JobService - kopo.poly.service.impl.JobService메인 페이지에 띄울 최신 일자리 10개 호출합니다.
2023-12-26 22:27:11 [INFO ] kopo.poly.service.impl.NoticeService - kopo.poly.service.impl.NoticeService메인페이지에 띄울 최신글 10개 호출합니다.
2023-12-26 22:27:11 [INFO ] kopo.poly.service.impl.StoreService - kopo.poly.service.impl.StoreService.청년점포 메인에 띄울 가게 정보 호출합니다.
2023-12-26 22:27:11 [INFO ] kopo.poly.service.impl.StoreService - kopo.poly.service.impl.StoreService.청년점포 메인에 띄울 가게 정보 호출 종료합니다.
2023-12-26 22:27:11 [INFO ] kopo.poly.controller.MainController - kopo.poly.controller.MainController블루밍 서비스 메인화면 호출 종료합니다.
2023-12-26 22:50:28 [INFO ] kopo.poly.controller.StoreController - kopo.poly.controller.StoreController.청년점포 상세보기 컨트롤러 실행합니다.
2023-12-26 22:50:28 [INFO ] kopo.poly.service.impl.StoreService - kopo.poly.service.impl.StoreService.청년점포 상세보기 서비스 호출 받았습니다.
2023-12-26 22:50:29 [INFO ] kopo.poly.controller.StoreController - 메인 이미지 경로 : https://kr.object.ncloudstorage.com/bluefingers97/%ED%95%98%EC%86%9C%EB%AA%85%EA%B0%804.jpg
2023-12-26 22:50:29 [INFO ] kopo.poly.controller.StoreController - kopo.poly.controller.StoreController.청년점포 상세보기 컨트롤러 종료합니다.
2023-12-26 22:50:30 [INFO ] k.poly.controller.ReviewController - kopo.poly.controller.ReviewController.getReviewList Start!
2023-12-26 22:50:30 [INFO ] k.poly.controller.ReviewController - store_seq : 6
2023-12-26 22:50:30 [INFO ] kopo.poly.service.impl.ReviewService - kopo.poly.service.impl.ReviewService.getReviewList start!
2023-12-26 22:50:31 [INFO ] k.poly.controller.ReviewController - 조회된 리뷰 수 : 2
2023-12-26 22:50:31 [INFO ] k.poly.controller.ReviewController - kopo.poly.controller.ReviewController.getReviewList End!
