2023-12-24 01:32:38 [INFO ] kopo.poly.BlmUserServiceApplication - Starting BlmUserServiceApplication using Java 1.8.0_292 on SYui-MacBookPro.local with PID 24269 (/Users/soyoung/Desktop/멋진김소영/영진이네/BLM/target/classes started by soyoung in /Users/soyoung/Desktop/멋진김소영/영진이네/BLM)
2023-12-24 01:32:38 [INFO ] kopo.poly.BlmUserServiceApplication - The following 1 profile is active: "prod"
2023-12-24 01:32:42 [INFO ] kopo.poly.BlmUserServiceApplication - Started BlmUserServiceApplication in 4.929 seconds (JVM running for 7.083)
2023-12-24 01:33:10 [INFO ] kopo.poly.controller.StoreController - kopo.poly.controller.StoreController.청년점포 등록 페이지로 이동 컨트롤러 실행합니다.
2023-12-24 01:37:04 [INFO ] kopo.poly.BlmUserServiceApplication - Starting BlmUserServiceApplication using Java 1.8.0_292 on SYui-MacBookPro.local with PID 24324 (/Users/soyoung/Desktop/멋진김소영/영진이네/BLM/target/classes started by soyoung in /Users/soyoung/Desktop/멋진김소영/영진이네/BLM)
2023-12-24 01:37:04 [INFO ] kopo.poly.BlmUserServiceApplication - The following 1 profile is active: "prod"
2023-12-24 01:37:06 [INFO ] kopo.poly.BlmUserServiceApplication - Started BlmUserServiceApplication in 3.403 seconds (JVM running for 4.997)
2023-12-24 01:37:13 [INFO ] kopo.poly.controller.StoreController - kopo.poly.controller.StoreController.청년점포 등록 페이지로 이동 컨트롤러 실행합니다.
2023-12-24 02:19:24 [INFO ] kopo.poly.BlmUserServiceApplication - Starting BlmUserServiceApplication using Java 1.8.0_292 on SYui-MacBookPro.local with PID 24750 (/Users/soyoung/Desktop/멋진김소영/영진이네/BLM/target/classes started by soyoung in /Users/soyoung/Desktop/멋진김소영/영진이네/BLM)
2023-12-24 02:19:24 [INFO ] kopo.poly.BlmUserServiceApplication - The following 1 profile is active: "prod"
2023-12-24 02:19:27 [INFO ] kopo.poly.BlmUserServiceApplication - Started BlmUserServiceApplication in 3.634 seconds (JVM running for 5.053)
2023-12-24 02:20:03 [INFO ] kopo.poly.BlmUserServiceApplication - Starting BlmUserServiceApplication using Java 1.8.0_292 on SYui-MacBookPro.local with PID 24759 (/Users/soyoung/Desktop/멋진김소영/영진이네/BLM/target/classes started by soyoung in /Users/soyoung/Desktop/멋진김소영/영진이네/BLM)
2023-12-24 02:20:03 [INFO ] kopo.poly.BlmUserServiceApplication - The following 1 profile is active: "prod"
2023-12-24 02:20:06 [INFO ] kopo.poly.BlmUserServiceApplication - Started BlmUserServiceApplication in 3.732 seconds (JVM running for 5.905)
2023-12-24 02:20:13 [INFO ] kopo.poly.controller.StoreController - kopo.poly.controller.StoreController.청년점포 등록 페이지로 이동 컨트롤러 실행합니다.
2023-12-24 02:28:35 [INFO ] kopo.poly.BlmUserServiceApplication - Starting BlmUserServiceApplication using Java 1.8.0_292 on SYui-MacBookPro.local with PID 24834 (/Users/soyoung/Desktop/멋진김소영/영진이네/BLM/target/classes started by soyoung in /Users/soyoung/Desktop/멋진김소영/영진이네/BLM)
2023-12-24 02:28:35 [INFO ] kopo.poly.BlmUserServiceApplication - The following 1 profile is active: "prod"
2023-12-24 02:28:38 [INFO ] kopo.poly.BlmUserServiceApplication - Started BlmUserServiceApplication in 2.988 seconds (JVM running for 4.583)
2023-12-24 02:29:04 [INFO ] kopo.poly.controller.StoreController - kopo.poly.controller.StoreController.청년점포 등록 페이지로 이동 컨트롤러 실행합니다.
2023-12-24 02:30:49 [INFO ] kopo.poly.BlmUserServiceApplication - Starting BlmUserServiceApplication using Java 1.8.0_292 on SYui-MacBookPro.local with PID 24864 (/Users/soyoung/Desktop/멋진김소영/영진이네/BLM/target/classes started by soyoung in /Users/soyoung/Desktop/멋진김소영/영진이네/BLM)
2023-12-24 02:30:49 [INFO ] kopo.poly.BlmUserServiceApplication - The following 1 profile is active: "prod"
2023-12-24 02:30:52 [INFO ] kopo.poly.BlmUserServiceApplication - Started BlmUserServiceApplication in 3.687 seconds (JVM running for 5.449)
2023-12-24 02:30:58 [INFO ] kopo.poly.controller.StoreController - kopo.poly.controller.StoreController.청년점포 등록 페이지로 이동 컨트롤러 실행합니다.
2023-12-24 02:31:34 [INFO ] kopo.poly.controller.StoreController - kopo.poly.controller.StoreController.청춘활짝 블루밍, 청년점포 등록 컨트롤러 요청 받았습니다.
2023-12-24 02:31:34 [INFO ] kopo.poly.service.impl.StoreService - kopo.poly.service.impl.StoreService점포 정보 등록, 서비스 실행합니다.
2023-12-24 02:31:35 [INFO ] kopo.poly.service.impl.StoreService - photoUrl : https://bluefingers97.kr.object.ncloudstorage.com/bootstrap.png
2023-12-24 02:31:35 [INFO ] kopo.poly.service.impl.StoreService - photoUrl : https://bluefingers97.kr.object.ncloudstorage.com/css3-logo.png
2023-12-24 02:31:35 [INFO ] kopo.poly.service.impl.StoreService - photoUrl : https://bluefingers97.kr.object.ncloudstorage.com/html_logo.png
2023-12-24 02:31:35 [INFO ] kopo.poly.service.impl.StoreService - photoUrl : https://bluefingers97.kr.object.ncloudstorage.com/java-logo-1.png
2023-12-24 02:31:35 [INFO ] kopo.poly.service.impl.StoreService - kopo.poly.service.impl.StoreService점포 정보 등록, 서비스 종료합니다.
2023-12-24 02:31:35 [INFO ] kopo.poly.controller.StoreController - org.springframework.jdbc.BadSqlGrammarException: 
### Error updating database.  Cause: java.sql.SQLSyntaxErrorException: (conn=58567) Unknown column 'STORE_REG' in 'field list'
### The error may exist in file [/Users/soyoung/Desktop/멋진김소영/영진이네/BLM/target/classes/mapper/StoreMapper.xml]
### The error may involve kopo.poly.persistance.mapper.IStoreMapper.insertStoreInfo-Inline
### The error occurred while setting parameters
### SQL: INSERT INTO STORE_INFO         (STORE_SEQ,          USER_ID,          STORE_NAME,          STORE_OWNER_NAME,          STORE_INTRODUCE,          STORE_MAIN_PHOTO,          STORE_SUB_PHOTO_ONE,          STORE_SUB_PHOTO_TWO,          STORE_SUB_PHOTO_THREE,          STORE_ADDR,          STORE_ADDR2,          STORE_CALL,          STORE_REG)         VALUES ((SELECT NVL(MAX(A.STORE_SEQ), 0) + 1 FROM STORE_INFO A),                 ?, ?, ?, ?, ?,                 ?, ?, ?, ?,                 ?, ?, SYSDATE())
### Cause: java.sql.SQLSyntaxErrorException: (conn=58567) Unknown column 'STORE_REG' in 'field list'
; bad SQL grammar []; nested exception is java.sql.SQLSyntaxErrorException: (conn=58567) Unknown column 'STORE_REG' in 'field list'
2023-12-24 02:31:35 [INFO ] kopo.poly.controller.StoreController - kopo.poly.controller.StoreController.청춘활짝 블루밍, 청년점포 등록 컨트롤러 요청 종료합니다.
2023-12-24 02:33:10 [INFO ] kopo.poly.BlmUserServiceApplication - Starting BlmUserServiceApplication using Java 1.8.0_292 on SYui-MacBookPro.local with PID 24908 (/Users/soyoung/Desktop/멋진김소영/영진이네/BLM/target/classes started by soyoung in /Users/soyoung/Desktop/멋진김소영/영진이네/BLM)
2023-12-24 02:33:10 [INFO ] kopo.poly.BlmUserServiceApplication - The following 1 profile is active: "prod"
2023-12-24 02:33:12 [INFO ] kopo.poly.BlmUserServiceApplication - Started BlmUserServiceApplication in 3.176 seconds (JVM running for 4.695)
2023-12-24 02:33:53 [INFO ] kopo.poly.controller.StoreController - kopo.poly.controller.StoreController.청년점포 등록 페이지로 이동 컨트롤러 실행합니다.
2023-12-24 02:34:32 [INFO ] kopo.poly.controller.StoreController - kopo.poly.controller.StoreController.청춘활짝 블루밍, 청년점포 등록 컨트롤러 요청 받았습니다.
2023-12-24 02:34:32 [INFO ] kopo.poly.service.impl.StoreService - kopo.poly.service.impl.StoreService점포 정보 등록, 서비스 실행합니다.
2023-12-24 02:34:33 [INFO ] kopo.poly.service.impl.StoreService - photoUrl : https://bluefingers97.kr.object.ncloudstorage.com/mariadb.png
2023-12-24 02:34:33 [INFO ] kopo.poly.service.impl.StoreService - photoUrl : https://bluefingers97.kr.object.ncloudstorage.com/Naver_logo.png
2023-12-24 02:34:33 [INFO ] kopo.poly.service.impl.StoreService - photoUrl : https://bluefingers97.kr.object.ncloudstorage.com/naver.png
2023-12-24 02:34:33 [INFO ] kopo.poly.service.impl.StoreService - photoUrl : https://bluefingers97.kr.object.ncloudstorage.com/ncp.png
2023-12-24 02:34:33 [INFO ] kopo.poly.service.impl.StoreService - kopo.poly.service.impl.StoreService점포 정보 등록, 서비스 종료합니다.
2023-12-24 02:34:34 [INFO ] kopo.poly.controller.StoreController - org.springframework.dao.DataIntegrityViolationException: 
### Error updating database.  Cause: java.sql.SQLIntegrityConstraintViolationException: (conn=58578) Column 'USER_ID' cannot be null
### The error may exist in file [/Users/soyoung/Desktop/멋진김소영/영진이네/BLM/target/classes/mapper/StoreMapper.xml]
### The error may involve kopo.poly.persistance.mapper.IStoreMapper.insertStoreInfo-Inline
### The error occurred while setting parameters
### SQL: INSERT INTO STORE_INFO         (STORE_SEQ,          USER_ID,          STORE_NAME,          STORE_OWNER_NAME,          STORE_INTRODUCE,          STORE_MAIN_PHOTO,          STORE_SUB_PHOTO_ONE,          STORE_SUB_PHOTO_TWO,          STORE_SUB_PHOTO_THREE,          STORE_ADDR,          STORE_ADDR2,          STORE_CALL,          REG_DT)         VALUES ((SELECT NVL(MAX(A.STORE_SEQ), 0) + 1 FROM STORE_INFO A),                 ?, ?, ?, ?, ?,                 ?, ?, ?, ?,                 ?, ?, SYSDATE())
### Cause: java.sql.SQLIntegrityConstraintViolationException: (conn=58578) Column 'USER_ID' cannot be null
; (conn=58578) Column 'USER_ID' cannot be null; nested exception is java.sql.SQLIntegrityConstraintViolationException: (conn=58578) Column 'USER_ID' cannot be null
2023-12-24 02:34:34 [INFO ] kopo.poly.controller.StoreController - kopo.poly.controller.StoreController.청춘활짝 블루밍, 청년점포 등록 컨트롤러 요청 종료합니다.
2023-12-24 02:36:00 [INFO ] kopo.poly.BlmUserServiceApplication - Starting BlmUserServiceApplication using Java 1.8.0_292 on SYui-MacBookPro.local with PID 24944 (/Users/soyoung/Desktop/멋진김소영/영진이네/BLM/target/classes started by soyoung in /Users/soyoung/Desktop/멋진김소영/영진이네/BLM)
2023-12-24 02:36:00 [INFO ] kopo.poly.BlmUserServiceApplication - The following 1 profile is active: "prod"
2023-12-24 02:36:03 [INFO ] kopo.poly.BlmUserServiceApplication - Started BlmUserServiceApplication in 3.946 seconds (JVM running for 5.155)
2023-12-24 02:36:32 [INFO ] kopo.poly.controller.StoreController - kopo.poly.controller.StoreController.청년점포 등록 페이지로 이동 컨트롤러 실행합니다.
2023-12-24 02:36:58 [INFO ] kopo.poly.controller.StoreController - kopo.poly.controller.StoreController.청춘활짝 블루밍, 청년점포 등록 컨트롤러 요청 받았습니다.
2023-12-24 02:36:58 [INFO ] kopo.poly.service.impl.StoreService - kopo.poly.service.impl.StoreService점포 정보 등록, 서비스 실행합니다.
2023-12-24 02:36:59 [INFO ] kopo.poly.service.impl.StoreService - photoUrl : https://bluefingers97.kr.object.ncloudstorage.com/bootstrap.png
2023-12-24 02:36:59 [INFO ] kopo.poly.service.impl.StoreService - photoUrl : https://bluefingers97.kr.object.ncloudstorage.com/css3-logo.png
2023-12-24 02:36:59 [INFO ] kopo.poly.service.impl.StoreService - photoUrl : https://bluefingers97.kr.object.ncloudstorage.com/html_logo.png
2023-12-24 02:36:59 [INFO ] kopo.poly.service.impl.StoreService - photoUrl : https://bluefingers97.kr.object.ncloudstorage.com/java-logo-1.png
2023-12-24 02:36:59 [INFO ] kopo.poly.service.impl.StoreService - kopo.poly.service.impl.StoreService점포 정보 등록, 서비스 종료합니다.
2023-12-24 02:36:59 [INFO ] kopo.poly.controller.StoreController - 청년점포 등록 결과(성공 1, 실패 0) : 1
2023-12-24 02:36:59 [INFO ] kopo.poly.controller.StoreController - kopo.poly.controller.StoreController.청춘활짝 블루밍, 청년점포 등록 컨트롤러 요청 종료합니다.
2023-12-24 02:37:47 [INFO ] kopo.poly.controller.StoreController - kopo.poly.controller.StoreController.점포 게시판 진입, 청년점포 리스트 가져오기 컨트롤러 실행합니다.
2023-12-24 02:37:47 [INFO ] kopo.poly.service.impl.StoreService - kopo.poly.service.impl.StoreService.청년점포 리스트 서비스 호출 받았습니다.
2023-12-24 02:37:47 [INFO ] kopo.poly.controller.StoreController - kopo.poly.controller.StoreController.점포 게시판 진입, 청년점포 리스트 가져오기 컨트롤러 종료합니다.
2023-12-24 02:37:52 [INFO ] kopo.poly.controller.StoreController - kopo.poly.controller.StoreController.청년점포 상세보기 컨트롤러 실행합니다.
2023-12-24 02:37:52 [INFO ] kopo.poly.service.impl.StoreService - kopo.poly.service.impl.StoreService.청년점포 상세보기 서비스 호출 받았습니다.
2023-12-24 02:37:52 [INFO ] kopo.poly.controller.StoreController - 메인 이미지 경로 : https://bluefingers97.kr.object.ncloudstorage.com/bootstrap.png
2023-12-24 02:37:52 [INFO ] kopo.poly.controller.StoreController - kopo.poly.controller.StoreController.청년점포 상세보기 컨트롤러 종료합니다.
2023-12-24 02:37:53 [INFO ] k.poly.controller.ReviewController - kopo.poly.controller.ReviewController.getReviewList Start!
2023-12-24 02:37:53 [INFO ] k.poly.controller.ReviewController - store_seq : 7
2023-12-24 02:37:53 [INFO ] kopo.poly.service.impl.ReviewService - kopo.poly.service.impl.ReviewService.getReviewList start!
2023-12-24 02:37:53 [INFO ] k.poly.controller.ReviewController - 조회된 리뷰 수 : 0
2023-12-24 02:37:53 [INFO ] k.poly.controller.ReviewController - kopo.poly.controller.ReviewController.getReviewList End!
2023-12-24 02:41:14 [INFO ] kopo.poly.controller.StoreController - kopo.poly.controller.StoreController.점포 게시판 진입, 청년점포 리스트 가져오기 컨트롤러 실행합니다.
2023-12-24 02:41:14 [INFO ] kopo.poly.service.impl.StoreService - kopo.poly.service.impl.StoreService.청년점포 리스트 서비스 호출 받았습니다.
2023-12-24 02:41:14 [INFO ] kopo.poly.controller.StoreController - kopo.poly.controller.StoreController.점포 게시판 진입, 청년점포 리스트 가져오기 컨트롤러 종료합니다.
2023-12-24 02:48:39 [INFO ] kopo.poly.controller.StoreController - kopo.poly.controller.StoreController.청년점포 등록 페이지로 이동 컨트롤러 실행합니다.
2023-12-24 02:50:14 [INFO ] k.poly.controller.NoticeController - kopo.poly.controller.NoticeController.noticeList Start!
2023-12-24 02:50:14 [INFO ] kopo.poly.service.impl.NoticeService - kopo.poly.service.impl.NoticeService.getNoticeList start!
2023-12-24 02:50:14 [INFO ] k.poly.controller.NoticeController - 제주
2023-12-24 02:50:14 [INFO ] k.poly.controller.NoticeController - 부산
2023-12-24 02:50:14 [INFO ] k.poly.controller.NoticeController - 광주
2023-12-24 02:50:14 [INFO ] k.poly.controller.NoticeController - 울산
2023-12-24 02:50:14 [INFO ] k.poly.controller.NoticeController - 경기
2023-12-24 02:50:14 [INFO ] k.poly.controller.NoticeController - 대전
2023-12-24 02:50:14 [INFO ] k.poly.controller.NoticeController - 세종
2023-12-24 02:50:14 [INFO ] k.poly.controller.NoticeController - 경남
2023-12-24 02:50:14 [INFO ] k.poly.controller.NoticeController - 경북
2023-12-24 02:50:14 [INFO ] k.poly.controller.NoticeController - 전남
2023-12-24 02:50:14 [INFO ] k.poly.controller.NoticeController - 전북
2023-12-24 02:50:14 [INFO ] k.poly.controller.NoticeController - 충남
2023-12-24 02:50:14 [INFO ] k.poly.controller.NoticeController - 충북
2023-12-24 02:50:14 [INFO ] k.poly.controller.NoticeController - 강원
2023-12-24 02:50:14 [INFO ] k.poly.controller.NoticeController - 경기
2023-12-24 02:50:14 [INFO ] k.poly.controller.NoticeController - 울산
2023-12-24 02:50:14 [INFO ] k.poly.controller.NoticeController - 대전
2023-12-24 02:50:14 [INFO ] k.poly.controller.NoticeController - 광주
2023-12-24 02:50:14 [INFO ] k.poly.controller.NoticeController - 인천
2023-12-24 02:50:14 [INFO ] k.poly.controller.NoticeController - 대구
2023-12-24 02:50:14 [INFO ] k.poly.controller.NoticeController - 부산
2023-12-24 02:50:14 [INFO ] k.poly.controller.NoticeController - 인천
2023-12-24 02:50:14 [INFO ] k.poly.controller.NoticeController - 대전

2023-12-24 02:50:14 [INFO ] k.poly.controller.NoticeController - kopo.poly.controller.NoticeController.noticeList End!
2023-12-24 02:50:27 [INFO ] k.poly.controller.NoticeController - kopo.poly.controller.NoticeController.noticeInfo Start!
2023-12-24 02:50:27 [INFO ] k.poly.controller.NoticeController - notice_seq : 30
2023-12-24 02:50:27 [INFO ] kopo.poly.service.impl.NoticeService - kopo.poly.service.impl.NoticeService.getNoticeInfo start!
2023-12-24 02:50:27 [INFO ] kopo.poly.service.impl.NoticeService - Update ReadCNT
2023-12-24 02:50:27 [INFO ] k.poly.controller.NoticeController - kopo.poly.controller.NoticeController.noticeInfo End!
2023-12-24 02:50:27 [INFO ] k.poly.controller.CommentController - kopo.poly.controller.CommentController.getCommentList Start!
2023-12-24 02:50:27 [INFO ] k.poly.controller.CommentController - notice_seq : 30
2023-12-24 02:50:27 [INFO ] k.poly.service.impl.CommentService - kopo.poly.service.impl.CommentService.getCommentList start!
2023-12-24 02:50:27 [INFO ] k.poly.controller.CommentController - 조회된 댓글 수 : 1
2023-12-24 02:50:27 [INFO ] k.poly.controller.CommentController - kopo.poly.controller.CommentController.getCommentList End!
2023-12-24 02:52:35 [INFO ] kopo.poly.BlmUserServiceApplication - Starting BlmUserServiceApplication using Java 1.8.0_292 on SYui-MacBookPro.local with PID 25108 (/Users/soyoung/Desktop/멋진김소영/영진이네/BLM/target/classes started by soyoung in /Users/soyoung/Desktop/멋진김소영/영진이네/BLM)
2023-12-24 02:52:35 [INFO ] kopo.poly.BlmUserServiceApplication - The following 1 profile is active: "prod"
2023-12-24 02:52:38 [INFO ] kopo.poly.BlmUserServiceApplication - Started BlmUserServiceApplication in 4.31 seconds (JVM running for 6.004)
2023-12-24 02:52:42 [INFO ] k.poly.controller.NoticeController - kopo.poly.controller.NoticeController.noticeList Start!
2023-12-24 02:52:42 [INFO ] kopo.poly.service.impl.NoticeService - kopo.poly.service.impl.NoticeService.getNoticeList start!
2023-12-24 02:52:42 [INFO ] k.poly.controller.NoticeController - 제주
2023-12-24 02:52:42 [INFO ] k.poly.controller.NoticeController - 부산
2023-12-24 02:52:42 [INFO ] k.poly.controller.NoticeController - 광주
2023-12-24 02:52:42 [INFO ] k.poly.controller.NoticeController - 울산
2023-12-24 02:52:42 [INFO ] k.poly.controller.NoticeController - 경기
2023-12-24 02:52:42 [INFO ] k.poly.controller.NoticeController - 대전
2023-12-24 02:52:42 [INFO ] k.poly.controller.NoticeController - 세종
2023-12-24 02:52:42 [INFO ] k.poly.controller.NoticeController - 경남
2023-12-24 02:52:42 [INFO ] k.poly.controller.NoticeController - 경북
2023-12-24 02:52:42 [INFO ] k.poly.controller.NoticeController - 전남
2023-12-24 02:52:42 [INFO ] k.poly.controller.NoticeController - 전북
2023-12-24 02:52:42 [INFO ] k.poly.controller.NoticeController - 충남
2023-12-24 02:52:42 [INFO ] k.poly.controller.NoticeController - 충북
2023-12-24 02:52:42 [INFO ] k.poly.controller.NoticeController - 강원
2023-12-24 02:52:42 [INFO ] k.poly.controller.NoticeController - 경기
2023-12-24 02:52:42 [INFO ] k.poly.controller.NoticeController - 울산
2023-12-24 02:52:42 [INFO ] k.poly.controller.NoticeController - 대전
2023-12-24 02:52:42 [INFO ] k.poly.controller.NoticeController - 광주
2023-12-24 02:52:42 [INFO ] k.poly.controller.NoticeController - 인천
2023-12-24 02:52:42 [INFO ] k.poly.controller.NoticeController - 대구
2023-12-24 02:52:42 [INFO ] k.poly.controller.NoticeController - 부산
2023-12-24 02:52:42 [INFO ] k.poly.controller.NoticeController - 인천
2023-12-24 02:52:42 [INFO ] k.poly.controller.NoticeController - 대전

2023-12-24 02:52:42 [INFO ] k.poly.controller.NoticeController - kopo.poly.controller.NoticeController.noticeList End!
2023-12-24 02:53:42 [INFO ] kopo.poly.BlmUserServiceApplication - Starting BlmUserServiceApplication using Java 1.8.0_292 on SYui-MacBookPro.local with PID 25124 (/Users/soyoung/Desktop/멋진김소영/영진이네/BLM/target/classes started by soyoung in /Users/soyoung/Desktop/멋진김소영/영진이네/BLM)
2023-12-24 02:53:42 [INFO ] kopo.poly.BlmUserServiceApplication - The following 1 profile is active: "prod"
2023-12-24 02:53:46 [INFO ] kopo.poly.BlmUserServiceApplication - Started BlmUserServiceApplication in 4.914 seconds (JVM running for 6.515)
2023-12-24 02:53:49 [INFO ] k.poly.controller.NoticeController - kopo.poly.controller.NoticeController.noticeList Start!
2023-12-24 02:53:49 [INFO ] kopo.poly.service.impl.NoticeService - kopo.poly.service.impl.NoticeService.getNoticeList start!
2023-12-24 02:53:50 [INFO ] k.poly.controller.NoticeController - 제주
2023-12-24 02:53:50 [INFO ] k.poly.controller.NoticeController - 부산
2023-12-24 02:53:50 [INFO ] k.poly.controller.NoticeController - 광주
2023-12-24 02:53:50 [INFO ] k.poly.controller.NoticeController - 울산
2023-12-24 02:53:50 [INFO ] k.poly.controller.NoticeController - 경기
2023-12-24 02:53:50 [INFO ] k.poly.controller.NoticeController - 대전
2023-12-24 02:53:50 [INFO ] k.poly.controller.NoticeController - 세종
2023-12-24 02:53:50 [INFO ] k.poly.controller.NoticeController - 경남
2023-12-24 02:53:50 [INFO ] k.poly.controller.NoticeController - 경북
2023-12-24 02:53:50 [INFO ] k.poly.controller.NoticeController - 전남
2023-12-24 02:53:50 [INFO ] k.poly.controller.NoticeController - 전북
2023-12-24 02:53:50 [INFO ] k.poly.controller.NoticeController - 충남
2023-12-24 02:53:50 [INFO ] k.poly.controller.NoticeController - 충북
2023-12-24 02:53:50 [INFO ] k.poly.controller.NoticeController - 강원
2023-12-24 02:53:50 [INFO ] k.poly.controller.NoticeController - 경기
2023-12-24 02:53:50 [INFO ] k.poly.controller.NoticeController - 울산
2023-12-24 02:53:50 [INFO ] k.poly.controller.NoticeController - 대전
2023-12-24 02:53:50 [INFO ] k.poly.controller.NoticeController - 광주
2023-12-24 02:53:50 [INFO ] k.poly.controller.NoticeController - 인천
2023-12-24 02:53:50 [INFO ] k.poly.controller.NoticeController - 대구
2023-12-24 02:53:50 [INFO ] k.poly.controller.NoticeController - 부산
2023-12-24 02:53:50 [INFO ] k.poly.controller.NoticeController - 인천
2023-12-24 02:53:50 [INFO ] k.poly.controller.NoticeController - 대전

2023-12-24 02:53:50 [INFO ] k.poly.controller.NoticeController - kopo.poly.controller.NoticeController.noticeList End!
2023-12-24 02:55:11 [INFO ] kopo.poly.BlmUserServiceApplication - Starting BlmUserServiceApplication using Java 1.8.0_292 on SYui-MacBookPro.local with PID 25145 (/Users/soyoung/Desktop/멋진김소영/영진이네/BLM/target/classes started by soyoung in /Users/soyoung/Desktop/멋진김소영/영진이네/BLM)
2023-12-24 02:55:12 [INFO ] kopo.poly.BlmUserServiceApplication - The following 1 profile is active: "prod"
2023-12-24 02:55:16 [INFO ] kopo.poly.BlmUserServiceApplication - Started BlmUserServiceApplication in 5.007 seconds (JVM running for 7.049)
2023-12-24 02:55:17 [INFO ] k.poly.controller.NoticeController - kopo.poly.controller.NoticeController.noticeList Start!
2023-12-24 02:55:17 [INFO ] kopo.poly.service.impl.NoticeService - kopo.poly.service.impl.NoticeService.getNoticeList start!
2023-12-24 02:55:17 [INFO ] k.poly.controller.NoticeController - 제주
2023-12-24 02:55:17 [INFO ] k.poly.controller.NoticeController - 부산
2023-12-24 02:55:17 [INFO ] k.poly.controller.NoticeController - 광주
2023-12-24 02:55:17 [INFO ] k.poly.controller.NoticeController - 울산
2023-12-24 02:55:17 [INFO ] k.poly.controller.NoticeController - 경기
2023-12-24 02:55:17 [INFO ] k.poly.controller.NoticeController - 대전
2023-12-24 02:55:17 [INFO ] k.poly.controller.NoticeController - 세종
2023-12-24 02:55:17 [INFO ] k.poly.controller.NoticeController - 경남
2023-12-24 02:55:17 [INFO ] k.poly.controller.NoticeController - 경북
2023-12-24 02:55:17 [INFO ] k.poly.controller.NoticeController - 전남
2023-12-24 02:55:17 [INFO ] k.poly.controller.NoticeController - 전북
2023-12-24 02:55:17 [INFO ] k.poly.controller.NoticeController - 충남
2023-12-24 02:55:17 [INFO ] k.poly.controller.NoticeController - 충북
2023-12-24 02:55:17 [INFO ] k.poly.controller.NoticeController - 강원
2023-12-24 02:55:17 [INFO ] k.poly.controller.NoticeController - 경기
2023-12-24 02:55:17 [INFO ] k.poly.controller.NoticeController - 울산
2023-12-24 02:55:17 [INFO ] k.poly.controller.NoticeController - 대전
2023-12-24 02:55:17 [INFO ] k.poly.controller.NoticeController - 광주
2023-12-24 02:55:17 [INFO ] k.poly.controller.NoticeController - 인천
2023-12-24 02:55:17 [INFO ] k.poly.controller.NoticeController - 대구
2023-12-24 02:55:17 [INFO ] k.poly.controller.NoticeController - 부산
2023-12-24 02:55:17 [INFO ] k.poly.controller.NoticeController - 인천
2023-12-24 02:55:17 [INFO ] k.poly.controller.NoticeController - 대전

2023-12-24 02:55:17 [INFO ] k.poly.controller.NoticeController - kopo.poly.controller.NoticeController.noticeList End!
2023-12-24 02:55:23 [INFO ] k.poly.controller.NoticeController - kopo.poly.controller.NoticeController.커뮤니티글 최신순(getSortByDate) 컨트롤러 요청 받았습니다.
2023-12-24 02:55:23 [INFO ] kopo.poly.service.impl.NoticeService - kopo.poly.service.impl.NoticeService커뮤니티글 최신순 정렬 호출합니다.
2023-12-24 02:55:23 [INFO ] k.poly.controller.NoticeController - kopo.poly.controller.NoticeController.커뮤니티글 최신순(getSortByDate) 컨트롤러 요청 종료합니다.
2023-12-24 02:55:26 [INFO ] k.poly.controller.NoticeController - kopo.poly.controller.NoticeController.커뮤니티글 조회수순(getSortByViewCount) 컨트롤러 요청 받았습니다.
2023-12-24 02:55:26 [INFO ] kopo.poly.service.impl.NoticeService - kopo.poly.service.impl.NoticeService커뮤니티글 조회수순 정렬 호출합니다.
2023-12-24 02:55:26 [INFO ] k.poly.controller.NoticeController - kopo.poly.controller.NoticeController.커뮤니티글 조회수순(getSortByViewCount) 컨트롤러 요청 종료습니다.
2023-12-24 02:55:29 [INFO ] k.poly.controller.NoticeController - kopo.poly.controller.NoticeController.커뮤니티 지역별 작성글, 컨트롤러 호출 받았습니다.
2023-12-24 02:55:29 [INFO ] k.poly.controller.NoticeController - 지역 : 부산
2023-12-24 02:55:29 [INFO ] kopo.poly.service.impl.NoticeService - kopo.poly.service.impl.NoticeService지역별 글 호출합니다.
2023-12-24 02:55:29 [INFO ] k.poly.controller.NoticeController - kopo.poly.controller.NoticeController.커뮤니티 지역별 작성글, 컨트롤러 호출 종료합니다.
2023-12-24 02:55:30 [INFO ] k.poly.controller.NoticeController - kopo.poly.controller.NoticeController.커뮤니티 지역별 작성글, 컨트롤러 호출 받았습니다.
2023-12-24 02:55:30 [INFO ] k.poly.controller.NoticeController - 지역 : 대구
2023-12-24 02:55:30 [INFO ] kopo.poly.service.impl.NoticeService - kopo.poly.service.impl.NoticeService지역별 글 호출합니다.
2023-12-24 02:55:30 [INFO ] k.poly.controller.NoticeController - kopo.poly.controller.NoticeController.커뮤니티 지역별 작성글, 컨트롤러 호출 종료합니다.
2023-12-24 02:55:32 [INFO ] k.poly.controller.NoticeController - kopo.poly.controller.NoticeController.커뮤니티 지역별 작성글, 컨트롤러 호출 받았습니다.
2023-12-24 02:55:32 [INFO ] k.poly.controller.NoticeController - 지역 : 광주
2023-12-24 02:55:32 [INFO ] kopo.poly.service.impl.NoticeService - kopo.poly.service.impl.NoticeService지역별 글 호출합니다.
2023-12-24 02:55:32 [INFO ] k.poly.controller.NoticeController - kopo.poly.controller.NoticeController.커뮤니티 지역별 작성글, 컨트롤러 호출 종료합니다.
2023-12-24 02:55:34 [INFO ] kopo.poly.controller.MainController - kopo.poly.controller.MainController블루밍 서비스 메인화면 호출 시작합니다.
2023-12-24 02:55:34 [INFO ] k.poly.service.impl.PolicyService2 - kopo.poly.service.impl.PolicyService2메인 페이지에 띄울 최신 정책 10개 호출합니다.
2023-12-24 02:55:34 [INFO ] kopo.poly.service.impl.JobService - kopo.poly.service.impl.JobService메인 페이지에 띄울 최신 일자리 10개 호출합니다.
2023-12-24 02:55:34 [INFO ] kopo.poly.service.impl.NoticeService - kopo.poly.service.impl.NoticeService메인페이지에 띄울 최신글 10개 호출합니다.
2023-12-24 02:55:34 [INFO ] kopo.poly.service.impl.StoreService - kopo.poly.service.impl.StoreService.청년점포 메인에 띄울 가게 정보 호출합니다.
2023-12-24 02:55:34 [INFO ] kopo.poly.service.impl.StoreService - kopo.poly.service.impl.StoreService.청년점포 메인에 띄울 가게 정보 호출 종료합니다.
2023-12-24 02:55:34 [INFO ] kopo.poly.controller.MainController - kopo.poly.controller.MainController블루밍 서비스 메인화면 호출 종료합니다.
2023-12-24 11:08:46 [INFO ] kopo.poly.BlmUserServiceApplication - Starting BlmUserServiceApplication using Java 1.8.0_292 on SYui-MacBookPro.local with PID 25450 (/Users/soyoung/Desktop/멋진김소영/영진이네/BLM/target/classes started by soyoung in /Users/soyoung/Desktop/멋진김소영/영진이네/BLM)
2023-12-24 11:08:46 [INFO ] kopo.poly.BlmUserServiceApplication - The following 1 profile is active: "prod"
2023-12-24 11:08:50 [INFO ] kopo.poly.BlmUserServiceApplication - Started BlmUserServiceApplication in 25.435 seconds (JVM running for 32.693)
2023-12-24 11:10:20 [INFO ] kopo.poly.controller.MainController - kopo.poly.controller.MainController블루밍 서비스 메인화면 호출 시작합니다.
2023-12-24 11:10:20 [INFO ] k.poly.service.impl.PolicyService2 - kopo.poly.service.impl.PolicyService2메인 페이지에 띄울 최신 정책 10개 호출합니다.
2023-12-24 11:10:20 [INFO ] kopo.poly.service.impl.JobService - kopo.poly.service.impl.JobService메인 페이지에 띄울 최신 일자리 10개 호출합니다.
2023-12-24 11:10:20 [INFO ] kopo.poly.service.impl.NoticeService - kopo.poly.service.impl.NoticeService메인페이지에 띄울 최신글 10개 호출합니다.
2023-12-24 11:10:20 [INFO ] kopo.poly.service.impl.StoreService - kopo.poly.service.impl.StoreService.청년점포 메인에 띄울 가게 정보 호출합니다.
2023-12-24 11:10:20 [INFO ] kopo.poly.service.impl.StoreService - kopo.poly.service.impl.StoreService.청년점포 메인에 띄울 가게 정보 호출 종료합니다.
2023-12-24 11:10:20 [INFO ] kopo.poly.controller.MainController - kopo.poly.controller.MainController블루밍 서비스 메인화면 호출 종료합니다.
2023-12-24 11:10:31 [INFO ] k.poly.controller.NoticeController - kopo.poly.controller.NoticeController.noticeList Start!
2023-12-24 11:10:31 [INFO ] kopo.poly.service.impl.NoticeService - kopo.poly.service.impl.NoticeService.getNoticeList start!
2023-12-24 11:10:31 [INFO ] k.poly.controller.NoticeController - 제주
2023-12-24 11:10:31 [INFO ] k.poly.controller.NoticeController - 부산
2023-12-24 11:10:31 [INFO ] k.poly.controller.NoticeController - 광주
2023-12-24 11:10:31 [INFO ] k.poly.controller.NoticeController - 울산
2023-12-24 11:10:31 [INFO ] k.poly.controller.NoticeController - 경기
2023-12-24 11:10:31 [INFO ] k.poly.controller.NoticeController - 대전
2023-12-24 11:10:31 [INFO ] k.poly.controller.NoticeController - 세종
2023-12-24 11:10:31 [INFO ] k.poly.controller.NoticeController - 경남
2023-12-24 11:10:31 [INFO ] k.poly.controller.NoticeController - 경북
2023-12-24 11:10:31 [INFO ] k.poly.controller.NoticeController - 전남
2023-12-24 11:10:31 [INFO ] k.poly.controller.NoticeController - 전북
2023-12-24 11:10:31 [INFO ] k.poly.controller.NoticeController - 충남
2023-12-24 11:10:31 [INFO ] k.poly.controller.NoticeController - 충북
2023-12-24 11:10:31 [INFO ] k.poly.controller.NoticeController - 강원
2023-12-24 11:10:31 [INFO ] k.poly.controller.NoticeController - 경기
2023-12-24 11:10:31 [INFO ] k.poly.controller.NoticeController - 울산
2023-12-24 11:10:31 [INFO ] k.poly.controller.NoticeController - 대전
2023-12-24 11:10:31 [INFO ] k.poly.controller.NoticeController - 광주
2023-12-24 11:10:31 [INFO ] k.poly.controller.NoticeController - 인천
2023-12-24 11:10:31 [INFO ] k.poly.controller.NoticeController - 대구
2023-12-24 11:10:31 [INFO ] k.poly.controller.NoticeController - 부산
2023-12-24 11:10:31 [INFO ] k.poly.controller.NoticeController - 인천
2023-12-24 11:10:31 [INFO ] k.poly.controller.NoticeController - 대전

2023-12-24 11:10:31 [INFO ] k.poly.controller.NoticeController - kopo.poly.controller.NoticeController.noticeList End!
2023-12-24 11:10:33 [INFO ] kopo.poly.controller.StoreController - kopo.poly.controller.StoreController.점포 게시판 진입, 청년점포 리스트 가져오기 컨트롤러 실행합니다.
2023-12-24 11:10:33 [INFO ] kopo.poly.service.impl.StoreService - kopo.poly.service.impl.StoreService.청년점포 리스트 서비스 호출 받았습니다.
2023-12-24 11:10:33 [INFO ] kopo.poly.controller.StoreController - kopo.poly.controller.StoreController.점포 게시판 진입, 청년점포 리스트 가져오기 컨트롤러 종료합니다.
2023-12-24 11:10:38 [INFO ] kopo.poly.controller.StoreController - kopo.poly.controller.StoreController.청년점포 상세보기 컨트롤러 실행합니다.
2023-12-24 11:10:38 [INFO ] kopo.poly.service.impl.StoreService - kopo.poly.service.impl.StoreService.청년점포 상세보기 서비스 호출 받았습니다.
2023-12-24 11:10:38 [INFO ] kopo.poly.controller.StoreController - 메인 이미지 경로 : https://kr.object.ncloudstorage.com/bluefingers97/hoppy_0.jpg
2023-12-24 11:10:38 [INFO ] kopo.poly.controller.StoreController - kopo.poly.controller.StoreController.청년점포 상세보기 컨트롤러 종료합니다.
2023-12-24 11:10:39 [INFO ] k.poly.controller.ReviewController - kopo.poly.controller.ReviewController.getReviewList Start!
2023-12-24 11:10:39 [INFO ] k.poly.controller.ReviewController - store_seq : 2
2023-12-24 11:10:39 [INFO ] kopo.poly.service.impl.ReviewService - kopo.poly.service.impl.ReviewService.getReviewList start!
2023-12-24 11:10:39 [INFO ] k.poly.controller.ReviewController - 조회된 리뷰 수 : 1
2023-12-24 11:10:39 [INFO ] k.poly.controller.ReviewController - kopo.poly.controller.ReviewController.getReviewList End!
2023-12-24 11:10:44 [INFO ] kopo.poly.controller.MainController - kopo.poly.controller.MainController블루밍 서비스 메인화면 호출 시작합니다.
2023-12-24 11:10:44 [INFO ] k.poly.service.impl.PolicyService2 - kopo.poly.service.impl.PolicyService2메인 페이지에 띄울 최신 정책 10개 호출합니다.
2023-12-24 11:10:44 [INFO ] kopo.poly.service.impl.JobService - kopo.poly.service.impl.JobService메인 페이지에 띄울 최신 일자리 10개 호출합니다.
2023-12-24 11:10:44 [INFO ] kopo.poly.service.impl.NoticeService - kopo.poly.service.impl.NoticeService메인페이지에 띄울 최신글 10개 호출합니다.
2023-12-24 11:10:44 [INFO ] kopo.poly.service.impl.StoreService - kopo.poly.service.impl.StoreService.청년점포 메인에 띄울 가게 정보 호출합니다.
2023-12-24 11:10:44 [INFO ] kopo.poly.service.impl.StoreService - kopo.poly.service.impl.StoreService.청년점포 메인에 띄울 가게 정보 호출 종료합니다.
2023-12-24 11:10:44 [INFO ] kopo.poly.controller.MainController - kopo.poly.controller.MainController블루밍 서비스 메인화면 호출 종료합니다.
2023-12-24 11:10:48 [INFO ] kopo.poly.controller.StoreController - kopo.poly.controller.StoreController.청년점포 상세보기 컨트롤러 실행합니다.
2023-12-24 11:10:48 [INFO ] kopo.poly.service.impl.StoreService - kopo.poly.service.impl.StoreService.청년점포 상세보기 서비스 호출 받았습니다.
2023-12-24 11:10:48 [INFO ] kopo.poly.controller.StoreController - 메인 이미지 경로 : https://bluefingers97.kr.object.ncloudstorage.com/bootstrap.png
2023-12-24 11:10:48 [INFO ] kopo.poly.controller.StoreController - kopo.poly.controller.StoreController.청년점포 상세보기 컨트롤러 종료합니다.
2023-12-24 11:10:48 [INFO ] k.poly.controller.ReviewController - kopo.poly.controller.ReviewController.getReviewList Start!
2023-12-24 11:10:48 [INFO ] k.poly.controller.ReviewController - store_seq : 7
2023-12-24 11:10:48 [INFO ] kopo.poly.service.impl.ReviewService - kopo.poly.service.impl.ReviewService.getReviewList start!
2023-12-24 11:10:48 [INFO ] k.poly.controller.ReviewController - 조회된 리뷰 수 : 0
2023-12-24 11:10:48 [INFO ] k.poly.controller.ReviewController - kopo.poly.controller.ReviewController.getReviewList End!
2023-12-24 11:11:38 [INFO ] kopo.poly.BlmUserServiceApplication - Starting BlmUserServiceApplication using Java 1.8.0_292 on SYui-MacBookPro.local with PID 25491 (/Users/soyoung/Desktop/멋진김소영/영진이네/BLM/target/classes started by soyoung in /Users/soyoung/Desktop/멋진김소영/영진이네/BLM)
2023-12-24 11:11:38 [INFO ] kopo.poly.BlmUserServiceApplication - The following 1 profile is active: "prod"
2023-12-24 11:11:41 [INFO ] kopo.poly.BlmUserServiceApplication - Started BlmUserServiceApplication in 23.068 seconds (JVM running for 28.966)
2023-12-24 11:11:42 [INFO ] kopo.poly.controller.MainController - kopo.poly.controller.MainController블루밍 서비스 메인화면 호출 시작합니다.
2023-12-24 11:11:42 [INFO ] k.poly.service.impl.PolicyService2 - kopo.poly.service.impl.PolicyService2메인 페이지에 띄울 최신 정책 10개 호출합니다.
2023-12-24 11:11:43 [INFO ] kopo.poly.service.impl.JobService - kopo.poly.service.impl.JobService메인 페이지에 띄울 최신 일자리 10개 호출합니다.
2023-12-24 11:11:43 [INFO ] kopo.poly.service.impl.NoticeService - kopo.poly.service.impl.NoticeService메인페이지에 띄울 최신글 10개 호출합니다.
2023-12-24 11:11:43 [INFO ] kopo.poly.service.impl.StoreService - kopo.poly.service.impl.StoreService.청년점포 메인에 띄울 가게 정보 호출합니다.
2023-12-24 11:11:43 [INFO ] kopo.poly.service.impl.StoreService - kopo.poly.service.impl.StoreService.청년점포 메인에 띄울 가게 정보 호출 종료합니다.
2023-12-24 11:11:43 [INFO ] kopo.poly.controller.MainController - kopo.poly.controller.MainController블루밍 서비스 메인화면 호출 종료합니다.
2023-12-24 11:11:53 [INFO ] kopo.poly.controller.StoreController - kopo.poly.controller.StoreController.점포 게시판 진입, 청년점포 리스트 가져오기 컨트롤러 실행합니다.
2023-12-24 11:11:53 [INFO ] kopo.poly.service.impl.StoreService - kopo.poly.service.impl.StoreService.청년점포 리스트 서비스 호출 받았습니다.
2023-12-24 11:11:53 [INFO ] kopo.poly.controller.StoreController - kopo.poly.controller.StoreController.점포 게시판 진입, 청년점포 리스트 가져오기 컨트롤러 종료합니다.
2023-12-24 11:12:05 [INFO ] kopo.poly.controller.MainController - kopo.poly.controller.MainController블루밍 서비스 메인화면 호출 시작합니다.
2023-12-24 11:12:05 [INFO ] k.poly.service.impl.PolicyService2 - kopo.poly.service.impl.PolicyService2메인 페이지에 띄울 최신 정책 10개 호출합니다.
2023-12-24 11:12:05 [INFO ] kopo.poly.service.impl.JobService - kopo.poly.service.impl.JobService메인 페이지에 띄울 최신 일자리 10개 호출합니다.
2023-12-24 11:12:05 [INFO ] kopo.poly.service.impl.NoticeService - kopo.poly.service.impl.NoticeService메인페이지에 띄울 최신글 10개 호출합니다.
2023-12-24 11:12:05 [INFO ] kopo.poly.service.impl.StoreService - kopo.poly.service.impl.StoreService.청년점포 메인에 띄울 가게 정보 호출합니다.
2023-12-24 11:12:05 [INFO ] kopo.poly.service.impl.StoreService - kopo.poly.service.impl.StoreService.청년점포 메인에 띄울 가게 정보 호출 종료합니다.
2023-12-24 11:12:05 [INFO ] kopo.poly.controller.MainController - kopo.poly.controller.MainController블루밍 서비스 메인화면 호출 종료합니다.
2023-12-24 11:12:11 [INFO ] k.poly.controller.NoticeController - kopo.poly.controller.NoticeController.noticeList Start!
2023-12-24 11:12:11 [INFO ] kopo.poly.service.impl.NoticeService - kopo.poly.service.impl.NoticeService.getNoticeList start!
2023-12-24 11:12:11 [INFO ] k.poly.controller.NoticeController - 제주
2023-12-24 11:12:11 [INFO ] k.poly.controller.NoticeController - 부산
2023-12-24 11:12:11 [INFO ] k.poly.controller.NoticeController - 광주
2023-12-24 11:12:11 [INFO ] k.poly.controller.NoticeController - 울산
2023-12-24 11:12:11 [INFO ] k.poly.controller.NoticeController - 경기
2023-12-24 11:12:11 [INFO ] k.poly.controller.NoticeController - 대전
2023-12-24 11:12:11 [INFO ] k.poly.controller.NoticeController - 세종
2023-12-24 11:12:11 [INFO ] k.poly.controller.NoticeController - 경남
2023-12-24 11:12:11 [INFO ] k.poly.controller.NoticeController - 경북
2023-12-24 11:12:11 [INFO ] k.poly.controller.NoticeController - 전남
2023-12-24 11:12:11 [INFO ] k.poly.controller.NoticeController - 전북
2023-12-24 11:12:11 [INFO ] k.poly.controller.NoticeController - 충남
2023-12-24 11:12:11 [INFO ] k.poly.controller.NoticeController - 충북
2023-12-24 11:12:11 [INFO ] k.poly.controller.NoticeController - 강원
2023-12-24 11:12:11 [INFO ] k.poly.controller.NoticeController - 경기
2023-12-24 11:12:11 [INFO ] k.poly.controller.NoticeController - 울산
2023-12-24 11:12:11 [INFO ] k.poly.controller.NoticeController - 대전
2023-12-24 11:12:11 [INFO ] k.poly.controller.NoticeController - 광주
2023-12-24 11:12:11 [INFO ] k.poly.controller.NoticeController - 인천
2023-12-24 11:12:11 [INFO ] k.poly.controller.NoticeController - 대구
2023-12-24 11:12:11 [INFO ] k.poly.controller.NoticeController - 부산
2023-12-24 11:12:11 [INFO ] k.poly.controller.NoticeController - 인천
2023-12-24 11:12:11 [INFO ] k.poly.controller.NoticeController - 대전

2023-12-24 11:12:11 [INFO ] k.poly.controller.NoticeController - kopo.poly.controller.NoticeController.noticeList End!
2023-12-24 11:12:21 [INFO ] k.poly.controller.NoticeController - kopo.poly.controller.NoticeController.커뮤니티글 최신순(getSortByDate) 컨트롤러 요청 받았습니다.
2023-12-24 11:12:21 [INFO ] kopo.poly.service.impl.NoticeService - kopo.poly.service.impl.NoticeService커뮤니티글 최신순 정렬 호출합니다.
2023-12-24 11:12:21 [INFO ] k.poly.controller.NoticeController - kopo.poly.controller.NoticeController.커뮤니티글 최신순(getSortByDate) 컨트롤러 요청 종료합니다.
2023-12-24 11:12:24 [INFO ] k.poly.controller.NoticeController - kopo.poly.controller.NoticeController.커뮤니티글 조회수순(getSortByViewCount) 컨트롤러 요청 받았습니다.
2023-12-24 11:12:24 [INFO ] kopo.poly.service.impl.NoticeService - kopo.poly.service.impl.NoticeService커뮤니티글 조회수순 정렬 호출합니다.
2023-12-24 11:12:24 [INFO ] k.poly.controller.NoticeController - kopo.poly.controller.NoticeController.커뮤니티글 조회수순(getSortByViewCount) 컨트롤러 요청 종료습니다.
2023-12-24 11:12:26 [INFO ] k.poly.controller.NoticeController - kopo.poly.controller.NoticeController.커뮤니티 지역별 작성글, 컨트롤러 호출 받았습니다.
2023-12-24 11:12:26 [INFO ] k.poly.controller.NoticeController - 지역 : 부산
2023-12-24 11:12:26 [INFO ] kopo.poly.service.impl.NoticeService - kopo.poly.service.impl.NoticeService지역별 글 호출합니다.
2023-12-24 11:12:26 [INFO ] k.poly.controller.NoticeController - kopo.poly.controller.NoticeController.커뮤니티 지역별 작성글, 컨트롤러 호출 종료합니다.
2023-12-24 11:12:28 [INFO ] k.poly.controller.NoticeController - kopo.poly.controller.NoticeController.커뮤니티 지역별 작성글, 컨트롤러 호출 받았습니다.
2023-12-24 11:12:28 [INFO ] k.poly.controller.NoticeController - 지역 : 대구
2023-12-24 11:12:28 [INFO ] kopo.poly.service.impl.NoticeService - kopo.poly.service.impl.NoticeService지역별 글 호출합니다.
2023-12-24 11:12:29 [INFO ] k.poly.controller.NoticeController - kopo.poly.controller.NoticeController.커뮤니티 지역별 작성글, 컨트롤러 호출 종료합니다.
2023-12-24 11:12:31 [INFO ] kopo.poly.controller.StoreController - kopo.poly.controller.StoreController.점포 게시판 진입, 청년점포 리스트 가져오기 컨트롤러 실행합니다.
2023-12-24 11:12:31 [INFO ] kopo.poly.service.impl.StoreService - kopo.poly.service.impl.StoreService.청년점포 리스트 서비스 호출 받았습니다.
2023-12-24 11:12:31 [INFO ] kopo.poly.controller.StoreController - kopo.poly.controller.StoreController.점포 게시판 진입, 청년점포 리스트 가져오기 컨트롤러 종료합니다.
2023-12-24 11:14:31 [INFO ] kopo.poly.BlmUserServiceApplication - Starting BlmUserServiceApplication using Java 1.8.0_292 on SYui-MacBookPro.local with PID 25520 (/Users/soyoung/Desktop/멋진김소영/영진이네/BLM/target/classes started by soyoung in /Users/soyoung/Desktop/멋진김소영/영진이네/BLM)
2023-12-24 11:14:31 [INFO ] kopo.poly.BlmUserServiceApplication - The following 1 profile is active: "prod"
2023-12-24 11:14:33 [INFO ] kopo.poly.BlmUserServiceApplication - Started BlmUserServiceApplication in 22.541 seconds (JVM running for 28.899)
2023-12-24 11:14:56 [INFO ] kopo.poly.controller.StoreController - kopo.poly.controller.StoreController.점포 게시판 진입, 청년점포 리스트 가져오기 컨트롤러 실행합니다.
2023-12-24 11:14:56 [INFO ] kopo.poly.service.impl.StoreService - kopo.poly.service.impl.StoreService.청년점포 리스트 서비스 호출 받았습니다.
2023-12-24 11:14:56 [INFO ] kopo.poly.controller.StoreController - kopo.poly.controller.StoreController.점포 게시판 진입, 청년점포 리스트 가져오기 컨트롤러 종료합니다.
2023-12-24 11:15:08 [INFO ] kopo.poly.controller.StoreController - kopo.poly.controller.StoreController.청년점포 등록 페이지로 이동 컨트롤러 실행합니다.
2023-12-24 11:21:13 [INFO ] kopo.poly.controller.StoreController - kopo.poly.controller.StoreController.청년점포 등록 페이지로 이동 컨트롤러 실행합니다.
2023-12-24 11:21:17 [INFO ] kopo.poly.controller.StoreController - kopo.poly.controller.StoreController.점포 게시판 진입, 청년점포 리스트 가져오기 컨트롤러 실행합니다.
2023-12-24 11:21:17 [INFO ] kopo.poly.service.impl.StoreService - kopo.poly.service.impl.StoreService.청년점포 리스트 서비스 호출 받았습니다.
2023-12-24 11:21:17 [INFO ] kopo.poly.controller.StoreController - kopo.poly.controller.StoreController.점포 게시판 진입, 청년점포 리스트 가져오기 컨트롤러 종료합니다.
2023-12-24 11:21:53 [INFO ] kopo.poly.BlmUserServiceApplication - Starting BlmUserServiceApplication using Java 1.8.0_292 on SYui-MacBookPro.local with PID 25593 (/Users/soyoung/Desktop/멋진김소영/영진이네/BLM/target/classes started by soyoung in /Users/soyoung/Desktop/멋진김소영/영진이네/BLM)
2023-12-24 11:21:53 [INFO ] kopo.poly.BlmUserServiceApplication - The following 1 profile is active: "prod"
2023-12-24 11:21:55 [INFO ] kopo.poly.BlmUserServiceApplication - Started BlmUserServiceApplication in 22.532 seconds (JVM running for 28.828)
2023-12-24 11:22:01 [INFO ] kopo.poly.controller.StoreController - kopo.poly.controller.StoreController.점포 게시판 진입, 청년점포 리스트 가져오기 컨트롤러 실행합니다.
2023-12-24 11:22:01 [INFO ] kopo.poly.service.impl.StoreService - kopo.poly.service.impl.StoreService.청년점포 리스트 서비스 호출 받았습니다.
2023-12-24 11:22:01 [INFO ] kopo.poly.controller.StoreController - kopo.poly.controller.StoreController.점포 게시판 진입, 청년점포 리스트 가져오기 컨트롤러 종료합니다.
2023-12-24 11:23:44 [INFO ] kopo.poly.BlmUserServiceApplication - Starting BlmUserServiceApplication using Java 1.8.0_292 on SYui-MacBookPro.local with PID 25620 (/Users/soyoung/Desktop/멋진김소영/영진이네/BLM/target/classes started by soyoung in /Users/soyoung/Desktop/멋진김소영/영진이네/BLM)
2023-12-24 11:23:44 [INFO ] kopo.poly.BlmUserServiceApplication - The following 1 profile is active: "prod"
2023-12-24 11:23:47 [INFO ] kopo.poly.BlmUserServiceApplication - Started BlmUserServiceApplication in 22.652 seconds (JVM running for 28.762)
2023-12-24 11:23:49 [INFO ] kopo.poly.controller.StoreController - kopo.poly.controller.StoreController.점포 게시판 진입, 청년점포 리스트 가져오기 컨트롤러 실행합니다.
2023-12-24 11:23:49 [INFO ] kopo.poly.service.impl.StoreService - kopo.poly.service.impl.StoreService.청년점포 리스트 서비스 호출 받았습니다.
2023-12-24 11:23:49 [INFO ] kopo.poly.controller.StoreController - kopo.poly.controller.StoreController.점포 게시판 진입, 청년점포 리스트 가져오기 컨트롤러 종료합니다.
2023-12-24 13:06:03 [INFO ] kopo.poly.BlmUserServiceApplication - Starting BlmUserServiceApplication using Java 1.8.0_292 on SYui-MacBookPro.local with PID 25776 (/Users/soyoung/Desktop/멋진김소영/영진이네/BLM/target/classes started by soyoung in /Users/soyoung/Desktop/멋진김소영/영진이네/BLM)
2023-12-24 13:06:03 [INFO ] kopo.poly.BlmUserServiceApplication - The following 1 profile is active: "prod"
2023-12-24 13:06:05 [INFO ] kopo.poly.BlmUserServiceApplication - Started BlmUserServiceApplication in 22.391 seconds (JVM running for 28.15)
2023-12-24 13:06:18 [INFO ] kopo.poly.controller.MainController - kopo.poly.controller.MainController블루밍 서비스 메인화면 호출 시작합니다.
2023-12-24 13:06:18 [INFO ] k.poly.service.impl.PolicyService2 - kopo.poly.service.impl.PolicyService2메인 페이지에 띄울 최신 정책 10개 호출합니다.
2023-12-24 13:06:18 [INFO ] kopo.poly.service.impl.JobService - kopo.poly.service.impl.JobService메인 페이지에 띄울 최신 일자리 10개 호출합니다.
2023-12-24 13:06:18 [INFO ] kopo.poly.service.impl.NoticeService - kopo.poly.service.impl.NoticeService메인페이지에 띄울 최신글 10개 호출합니다.
2023-12-24 13:06:18 [INFO ] kopo.poly.service.impl.StoreService - kopo.poly.service.impl.StoreService.청년점포 메인에 띄울 가게 정보 호출합니다.
2023-12-24 13:06:18 [INFO ] kopo.poly.service.impl.StoreService - kopo.poly.service.impl.StoreService.청년점포 메인에 띄울 가게 정보 호출 종료합니다.
2023-12-24 13:06:18 [INFO ] kopo.poly.controller.MainController - kopo.poly.controller.MainController블루밍 서비스 메인화면 호출 종료합니다.
2023-12-24 13:06:22 [INFO ] kopo.poly.controller.StoreController - kopo.poly.controller.StoreController.점포 게시판 진입, 청년점포 리스트 가져오기 컨트롤러 실행합니다.
2023-12-24 13:06:22 [INFO ] kopo.poly.service.impl.StoreService - kopo.poly.service.impl.StoreService.청년점포 리스트 서비스 호출 받았습니다.
2023-12-24 13:06:22 [INFO ] kopo.poly.controller.StoreController - kopo.poly.controller.StoreController.점포 게시판 진입, 청년점포 리스트 가져오기 컨트롤러 종료합니다.
2023-12-24 13:10:35 [INFO ] kopo.poly.BlmUserServiceApplication - Starting BlmUserServiceApplication using Java 1.8.0_292 on SYui-MacBookPro.local with PID 25819 (/Users/soyoung/Desktop/멋진김소영/영진이네/BLM/target/classes started by soyoung in /Users/soyoung/Desktop/멋진김소영/영진이네/BLM)
2023-12-24 13:10:35 [INFO ] kopo.poly.BlmUserServiceApplication - The following 1 profile is active: "prod"
2023-12-24 13:10:37 [INFO ] kopo.poly.BlmUserServiceApplication - Started BlmUserServiceApplication in 22.419 seconds (JVM running for 28.562)
2023-12-24 13:11:43 [INFO ] kopo.poly.controller.StoreController - kopo.poly.controller.StoreController.점포 게시판 진입, 청년점포 리스트 가져오기 컨트롤러 실행합니다.
2023-12-24 13:11:43 [INFO ] kopo.poly.service.impl.StoreService - kopo.poly.service.impl.StoreService.청년점포 리스트 서비스 호출 받았습니다.
2023-12-24 13:11:44 [INFO ] kopo.poly.controller.StoreController - kopo.poly.controller.StoreController.점포 게시판 진입, 청년점포 리스트 가져오기 컨트롤러 종료합니다.
2023-12-24 13:15:22 [INFO ] kopo.poly.BlmUserServiceApplication - Starting BlmUserServiceApplication using Java 1.8.0_292 on SYui-MacBookPro.local with PID 25877 (/Users/soyoung/Desktop/멋진김소영/영진이네/BLM/target/classes started by soyoung in /Users/soyoung/Desktop/멋진김소영/영진이네/BLM)
2023-12-24 13:15:22 [INFO ] kopo.poly.BlmUserServiceApplication - The following 1 profile is active: "prod"
2023-12-24 13:15:25 [INFO ] kopo.poly.BlmUserServiceApplication - Started BlmUserServiceApplication in 22.975 seconds (JVM running for 29.067)
2023-12-24 13:15:56 [INFO ] kopo.poly.BlmUserServiceApplication - Starting BlmUserServiceApplication using Java 1.8.0_292 on SYui-MacBookPro.local with PID 25889 (/Users/soyoung/Desktop/멋진김소영/영진이네/BLM/target/classes started by soyoung in /Users/soyoung/Desktop/멋진김소영/영진이네/BLM)
2023-12-24 13:15:56 [INFO ] kopo.poly.BlmUserServiceApplication - The following 1 profile is active: "prod"
2023-12-24 13:15:58 [INFO ] kopo.poly.BlmUserServiceApplication - Started BlmUserServiceApplication in 22.563 seconds (JVM running for 28.583)
2023-12-24 13:16:01 [INFO ] kopo.poly.controller.StoreController - kopo.poly.controller.StoreController.점포 게시판 진입, 청년점포 리스트 가져오기 컨트롤러 실행합니다.
2023-12-24 13:16:01 [INFO ] kopo.poly.service.impl.StoreService - kopo.poly.service.impl.StoreService.청년점포 리스트 서비스 호출 받았습니다.
2023-12-24 13:16:01 [INFO ] kopo.poly.controller.StoreController - kopo.poly.controller.StoreController.점포 게시판 진입, 청년점포 리스트 가져오기 컨트롤러 종료합니다.
2023-12-24 13:17:40 [INFO ] kopo.poly.BlmUserServiceApplication - Starting BlmUserServiceApplication using Java 1.8.0_292 on SYui-MacBookPro.local with PID 25912 (/Users/soyoung/Desktop/멋진김소영/영진이네/BLM/target/classes started by soyoung in /Users/soyoung/Desktop/멋진김소영/영진이네/BLM)
2023-12-24 13:17:40 [INFO ] kopo.poly.BlmUserServiceApplication - The following 1 profile is active: "prod"
2023-12-24 13:17:42 [INFO ] kopo.poly.BlmUserServiceApplication - Started BlmUserServiceApplication in 22.426 seconds (JVM running for 28.572)
2023-12-24 13:18:00 [INFO ] kopo.poly.controller.StoreController - kopo.poly.controller.StoreController.점포 게시판 진입, 청년점포 리스트 가져오기 컨트롤러 실행합니다.
2023-12-24 13:18:00 [INFO ] kopo.poly.service.impl.StoreService - kopo.poly.service.impl.StoreService.청년점포 리스트 서비스 호출 받았습니다.
2023-12-24 13:18:00 [INFO ] kopo.poly.controller.StoreController - kopo.poly.controller.StoreController.점포 게시판 진입, 청년점포 리스트 가져오기 컨트롤러 종료합니다.
2023-12-24 13:18:57 [INFO ] kopo.poly.BlmUserServiceApplication - Starting BlmUserServiceApplication using Java 1.8.0_292 on SYui-MacBookPro.local with PID 25929 (/Users/soyoung/Desktop/멋진김소영/영진이네/BLM/target/classes started by soyoung in /Users/soyoung/Desktop/멋진김소영/영진이네/BLM)
2023-12-24 13:18:57 [INFO ] kopo.poly.BlmUserServiceApplication - The following 1 profile is active: "prod"
2023-12-24 13:19:00 [INFO ] kopo.poly.BlmUserServiceApplication - Started BlmUserServiceApplication in 22.672 seconds (JVM running for 28.896)
2023-12-24 13:19:02 [INFO ] kopo.poly.controller.StoreController - kopo.poly.controller.StoreController.점포 게시판 진입, 청년점포 리스트 가져오기 컨트롤러 실행합니다.
2023-12-24 13:19:02 [INFO ] kopo.poly.service.impl.StoreService - kopo.poly.service.impl.StoreService.청년점포 리스트 서비스 호출 받았습니다.
2023-12-24 13:19:02 [INFO ] kopo.poly.controller.StoreController - kopo.poly.controller.StoreController.점포 게시판 진입, 청년점포 리스트 가져오기 컨트롤러 종료합니다.
2023-12-24 13:20:22 [INFO ] kopo.poly.BlmUserServiceApplication - Starting BlmUserServiceApplication using Java 1.8.0_292 on SYui-MacBookPro.local with PID 25946 (/Users/soyoung/Desktop/멋진김소영/영진이네/BLM/target/classes started by soyoung in /Users/soyoung/Desktop/멋진김소영/영진이네/BLM)
2023-12-24 13:20:22 [INFO ] kopo.poly.BlmUserServiceApplication - The following 1 profile is active: "prod"
2023-12-24 13:20:25 [INFO ] kopo.poly.BlmUserServiceApplication - Started BlmUserServiceApplication in 23.592 seconds (JVM running for 29.665)
2023-12-24 13:20:30 [INFO ] kopo.poly.controller.StoreController - kopo.poly.controller.StoreController.점포 게시판 진입, 청년점포 리스트 가져오기 컨트롤러 실행합니다.
2023-12-24 13:20:30 [INFO ] kopo.poly.service.impl.StoreService - kopo.poly.service.impl.StoreService.청년점포 리스트 서비스 호출 받았습니다.
2023-12-24 13:20:31 [INFO ] kopo.poly.controller.StoreController - kopo.poly.controller.StoreController.점포 게시판 진입, 청년점포 리스트 가져오기 컨트롤러 종료합니다.
2023-12-24 13:21:06 [INFO ] kopo.poly.BlmUserServiceApplication - Starting BlmUserServiceApplication using Java 1.8.0_292 on SYui-MacBookPro.local with PID 25964 (/Users/soyoung/Desktop/멋진김소영/영진이네/BLM/target/classes started by soyoung in /Users/soyoung/Desktop/멋진김소영/영진이네/BLM)
2023-12-24 13:21:06 [INFO ] kopo.poly.BlmUserServiceApplication - The following 1 profile is active: "prod"
2023-12-24 13:21:09 [INFO ] kopo.poly.BlmUserServiceApplication - Started BlmUserServiceApplication in 22.861 seconds (JVM running for 29.095)
2023-12-24 13:21:09 [INFO ] kopo.poly.controller.StoreController - kopo.poly.controller.StoreController.점포 게시판 진입, 청년점포 리스트 가져오기 컨트롤러 실행합니다.
2023-12-24 13:21:09 [INFO ] kopo.poly.service.impl.StoreService - kopo.poly.service.impl.StoreService.청년점포 리스트 서비스 호출 받았습니다.
2023-12-24 13:21:09 [INFO ] kopo.poly.controller.StoreController - kopo.poly.controller.StoreController.점포 게시판 진입, 청년점포 리스트 가져오기 컨트롤러 종료합니다.
2023-12-24 13:22:20 [INFO ] kopo.poly.BlmUserServiceApplication - Starting BlmUserServiceApplication using Java 1.8.0_292 on SYui-MacBookPro.local with PID 25980 (/Users/soyoung/Desktop/멋진김소영/영진이네/BLM/target/classes started by soyoung in /Users/soyoung/Desktop/멋진김소영/영진이네/BLM)
2023-12-24 13:22:20 [INFO ] kopo.poly.BlmUserServiceApplication - The following 1 profile is active: "prod"
2023-12-24 13:22:22 [INFO ] kopo.poly.BlmUserServiceApplication - Started BlmUserServiceApplication in 22.367 seconds (JVM running for 28.609)
2023-12-24 13:22:59 [INFO ] kopo.poly.controller.StoreController - kopo.poly.controller.StoreController.점포 게시판 진입, 청년점포 리스트 가져오기 컨트롤러 실행합니다.
2023-12-24 13:22:59 [INFO ] kopo.poly.service.impl.StoreService - kopo.poly.service.impl.StoreService.청년점포 리스트 서비스 호출 받았습니다.
2023-12-24 13:22:59 [INFO ] kopo.poly.controller.StoreController - kopo.poly.controller.StoreController.점포 게시판 진입, 청년점포 리스트 가져오기 컨트롤러 종료합니다.
2023-12-24 13:24:35 [INFO ] kopo.poly.BlmUserServiceApplication - Starting BlmUserServiceApplication using Java 1.8.0_292 on SYui-MacBookPro.local with PID 26003 (/Users/soyoung/Desktop/멋진김소영/영진이네/BLM/target/classes started by soyoung in /Users/soyoung/Desktop/멋진김소영/영진이네/BLM)
2023-12-24 13:24:35 [INFO ] kopo.poly.BlmUserServiceApplication - The following 1 profile is active: "prod"
2023-12-24 13:24:37 [INFO ] kopo.poly.BlmUserServiceApplication - Started BlmUserServiceApplication in 22.868 seconds (JVM running for 28.926)
2023-12-24 13:24:38 [INFO ] kopo.poly.controller.StoreController - kopo.poly.controller.StoreController.점포 게시판 진입, 청년점포 리스트 가져오기 컨트롤러 실행합니다.
2023-12-24 13:24:38 [INFO ] kopo.poly.service.impl.StoreService - kopo.poly.service.impl.StoreService.청년점포 리스트 서비스 호출 받았습니다.
2023-12-24 13:24:39 [INFO ] kopo.poly.controller.StoreController - kopo.poly.controller.StoreController.점포 게시판 진입, 청년점포 리스트 가져오기 컨트롤러 종료합니다.
2023-12-24 13:26:41 [INFO ] kopo.poly.controller.StoreController - kopo.poly.controller.StoreController.청년점포 등록 페이지로 이동 컨트롤러 실행합니다.
2023-12-24 13:41:53 [INFO ] kopo.poly.controller.StoreController - kopo.poly.controller.StoreController.청춘활짝 블루밍, 청년점포 등록 컨트롤러 요청 받았습니다.
2023-12-24 13:41:53 [INFO ] kopo.poly.service.impl.StoreService - kopo.poly.service.impl.StoreService점포 정보 등록, 서비스 실행합니다.
2023-12-24 13:41:54 [INFO ] kopo.poly.service.impl.StoreService - photoUrl : https://bluefingers97.kr.object.ncloudstorage.com/%E1%84%80%E1%85%A1%E1%86%B7%E1%84%8C%E1%85%A1%E1%84%8B%E1%85%A1%E1%84%8B%E1%85%B5%E1%86%AF%E1%84%85%E1%85%A2%E1%86%AB%E1%84%83%E1%85%B3_2.jpeg
2023-12-24 13:41:54 [INFO ] kopo.poly.service.impl.StoreService - photoUrl : https://bluefingers97.kr.object.ncloudstorage.com/%E1%84%80%E1%85%A1%E1%86%B7%E1%84%8C%E1%85%A1%E1%84%8B%E1%85%A1%E1%84%8B%E1%85%B5%E1%86%AF%E1%84%85%E1%85%A2%E1%86%AB%E1%84%83%E1%85%B3_3.jpeg
2023-12-24 13:41:54 [INFO ] kopo.poly.service.impl.StoreService - photoUrl : https://bluefingers97.kr.object.ncloudstorage.com/%E1%84%80%E1%85%A1%E1%86%B7%E1%84%8C%E1%85%A1%E1%84%8B%E1%85%A1%E1%84%8B%E1%85%B5%E1%86%AF%E1%84%85%E1%85%A2%E1%86%AB%E1%84%83%E1%85%B3_4.jpeg
2023-12-24 13:41:55 [INFO ] kopo.poly.service.impl.StoreService - photoUrl : https://bluefingers97.kr.object.ncloudstorage.com/%E1%84%80%E1%85%A1%E1%86%BC%E1%84%8B%E1%85%AF%E1%86%AB%E1%84%8B%E1%85%A1%E1%84%8B%E1%85%B5%E1%86%AF%E1%84%85%E1%85%A2%E1%86%AB%E1%84%83%E1%85%B3.jpeg
2023-12-24 13:41:55 [INFO ] kopo.poly.service.impl.StoreService - kopo.poly.service.impl.StoreService점포 정보 등록, 서비스 종료합니다.
2023-12-24 13:41:55 [INFO ] kopo.poly.controller.StoreController - 청년점포 등록 결과(성공 1, 실패 0) : 1
2023-12-24 13:41:55 [INFO ] kopo.poly.controller.StoreController - kopo.poly.controller.StoreController.청춘활짝 블루밍, 청년점포 등록 컨트롤러 요청 종료합니다.
2023-12-24 13:42:11 [INFO ] kopo.poly.controller.StoreController - kopo.poly.controller.StoreController.점포 게시판 진입, 청년점포 리스트 가져오기 컨트롤러 실행합니다.
2023-12-24 13:42:11 [INFO ] kopo.poly.service.impl.StoreService - kopo.poly.service.impl.StoreService.청년점포 리스트 서비스 호출 받았습니다.
2023-12-24 13:42:11 [INFO ] kopo.poly.controller.StoreController - kopo.poly.controller.StoreController.점포 게시판 진입, 청년점포 리스트 가져오기 컨트롤러 종료합니다.
2023-12-24 13:42:25 [INFO ] kopo.poly.controller.StoreController - kopo.poly.controller.StoreController.청년점포 상세보기 컨트롤러 실행합니다.
2023-12-24 13:42:25 [INFO ] kopo.poly.service.impl.StoreService - kopo.poly.service.impl.StoreService.청년점포 상세보기 서비스 호출 받았습니다.
2023-12-24 13:42:25 [INFO ] kopo.poly.controller.StoreController - 메인 이미지 경로 : https://bluefingers97.kr.object.ncloudstorage.com/%E1%84%80%E1%85%A1%E1%86%B7%E1%84%8C%E1%85%A1%E1%84%8B%E1%85%A1%E1%84%8B%E1%85%B5%E1%86%AF%E1%84%85%E1%85%A2%E1%86%AB%E1%84%83%E1%85%B3_2.jpeg
2023-12-24 13:42:25 [INFO ] kopo.poly.controller.StoreController - kopo.poly.controller.StoreController.청년점포 상세보기 컨트롤러 종료합니다.
2023-12-24 13:42:25 [INFO ] k.poly.controller.ReviewController - kopo.poly.controller.ReviewController.getReviewList Start!
2023-12-24 13:42:25 [INFO ] k.poly.controller.ReviewController - store_seq : 7
2023-12-24 13:42:25 [INFO ] kopo.poly.service.impl.ReviewService - kopo.poly.service.impl.ReviewService.getReviewList start!
2023-12-24 13:42:25 [INFO ] k.poly.controller.ReviewController - 조회된 리뷰 수 : 0
2023-12-24 13:42:25 [INFO ] k.poly.controller.ReviewController - kopo.poly.controller.ReviewController.getReviewList End!
2023-12-24 13:42:37 [INFO ] kopo.poly.controller.StoreController - kopo.poly.controller.StoreController.점포 게시판 진입, 청년점포 리스트 가져오기 컨트롤러 실행합니다.
2023-12-24 13:42:37 [INFO ] kopo.poly.service.impl.StoreService - kopo.poly.service.impl.StoreService.청년점포 리스트 서비스 호출 받았습니다.
2023-12-24 13:42:37 [INFO ] kopo.poly.controller.StoreController - kopo.poly.controller.StoreController.점포 게시판 진입, 청년점포 리스트 가져오기 컨트롤러 종료합니다.
2023-12-24 13:42:58 [INFO ] kopo.poly.controller.MainController - kopo.poly.controller.MainController블루밍 서비스 메인화면 호출 시작합니다.
2023-12-24 13:42:58 [INFO ] k.poly.service.impl.PolicyService2 - kopo.poly.service.impl.PolicyService2메인 페이지에 띄울 최신 정책 10개 호출합니다.
2023-12-24 13:42:58 [INFO ] kopo.poly.service.impl.JobService - kopo.poly.service.impl.JobService메인 페이지에 띄울 최신 일자리 10개 호출합니다.
2023-12-24 13:42:58 [INFO ] kopo.poly.service.impl.NoticeService - kopo.poly.service.impl.NoticeService메인페이지에 띄울 최신글 10개 호출합니다.
2023-12-24 13:42:59 [INFO ] kopo.poly.service.impl.StoreService - kopo.poly.service.impl.StoreService.청년점포 메인에 띄울 가게 정보 호출합니다.
2023-12-24 13:42:59 [INFO ] kopo.poly.service.impl.StoreService - kopo.poly.service.impl.StoreService.청년점포 메인에 띄울 가게 정보 호출 종료합니다.
2023-12-24 13:42:59 [INFO ] kopo.poly.controller.MainController - kopo.poly.controller.MainController블루밍 서비스 메인화면 호출 종료합니다.
2023-12-24 13:43:10 [INFO ] k.poly.controller.NoticeController - kopo.poly.controller.NoticeController.noticeList Start!
2023-12-24 13:43:10 [INFO ] kopo.poly.service.impl.NoticeService - kopo.poly.service.impl.NoticeService.getNoticeList start!
2023-12-24 13:43:10 [INFO ] k.poly.controller.NoticeController - 제주
2023-12-24 13:43:10 [INFO ] k.poly.controller.NoticeController - 부산
2023-12-24 13:43:10 [INFO ] k.poly.controller.NoticeController - 광주
2023-12-24 13:43:10 [INFO ] k.poly.controller.NoticeController - 울산
2023-12-24 13:43:10 [INFO ] k.poly.controller.NoticeController - 경기
2023-12-24 13:43:10 [INFO ] k.poly.controller.NoticeController - 대전
2023-12-24 13:43:10 [INFO ] k.poly.controller.NoticeController - 세종
2023-12-24 13:43:10 [INFO ] k.poly.controller.NoticeController - 경남
2023-12-24 13:43:10 [INFO ] k.poly.controller.NoticeController - 경북
2023-12-24 13:43:10 [INFO ] k.poly.controller.NoticeController - 전남
2023-12-24 13:43:10 [INFO ] k.poly.controller.NoticeController - 전북
2023-12-24 13:43:10 [INFO ] k.poly.controller.NoticeController - 충남
2023-12-24 13:43:10 [INFO ] k.poly.controller.NoticeController - 충북
2023-12-24 13:43:10 [INFO ] k.poly.controller.NoticeController - 강원
2023-12-24 13:43:10 [INFO ] k.poly.controller.NoticeController - 경기
2023-12-24 13:43:10 [INFO ] k.poly.controller.NoticeController - 울산
2023-12-24 13:43:10 [INFO ] k.poly.controller.NoticeController - 대전
2023-12-24 13:43:10 [INFO ] k.poly.controller.NoticeController - 광주
2023-12-24 13:43:10 [INFO ] k.poly.controller.NoticeController - 인천
2023-12-24 13:43:10 [INFO ] k.poly.controller.NoticeController - 대구
2023-12-24 13:43:10 [INFO ] k.poly.controller.NoticeController - 부산
2023-12-24 13:43:10 [INFO ] k.poly.controller.NoticeController - 인천
2023-12-24 13:43:10 [INFO ] k.poly.controller.NoticeController - 대전

2023-12-24 13:43:10 [INFO ] k.poly.controller.NoticeController - kopo.poly.controller.NoticeController.noticeList End!
2023-12-24 13:43:18 [INFO ] k.poly.controller.NoticeController - kopo.poly.controller.NoticeController.커뮤니티 지역별 작성글, 컨트롤러 호출 받았습니다.
2023-12-24 13:43:18 [INFO ] k.poly.controller.NoticeController - 지역 : 대구
2023-12-24 13:43:18 [INFO ] kopo.poly.service.impl.NoticeService - kopo.poly.service.impl.NoticeService지역별 글 호출합니다.
2023-12-24 13:43:18 [INFO ] k.poly.controller.NoticeController - kopo.poly.controller.NoticeController.커뮤니티 지역별 작성글, 컨트롤러 호출 종료합니다.
2023-12-24 13:43:21 [INFO ] kopo.poly.controller.MainController - kopo.poly.controller.MainController블루밍 서비스 메인화면 호출 시작합니다.
2023-12-24 13:43:21 [INFO ] k.poly.service.impl.PolicyService2 - kopo.poly.service.impl.PolicyService2메인 페이지에 띄울 최신 정책 10개 호출합니다.
2023-12-24 13:43:21 [INFO ] kopo.poly.service.impl.JobService - kopo.poly.service.impl.JobService메인 페이지에 띄울 최신 일자리 10개 호출합니다.
2023-12-24 13:43:21 [INFO ] kopo.poly.service.impl.NoticeService - kopo.poly.service.impl.NoticeService메인페이지에 띄울 최신글 10개 호출합니다.
2023-12-24 13:43:21 [INFO ] kopo.poly.service.impl.StoreService - kopo.poly.service.impl.StoreService.청년점포 메인에 띄울 가게 정보 호출합니다.
2023-12-24 13:43:21 [INFO ] kopo.poly.service.impl.StoreService - kopo.poly.service.impl.StoreService.청년점포 메인에 띄울 가게 정보 호출 종료합니다.
2023-12-24 13:43:21 [INFO ] kopo.poly.controller.MainController - kopo.poly.controller.MainController블루밍 서비스 메인화면 호출 종료합니다.
2023-12-24 13:45:04 [INFO ] kopo.poly.BlmUserServiceApplication - Starting BlmUserServiceApplication using Java 1.8.0_292 on SYui-MacBookPro.local with PID 26213 (/Users/soyoung/Desktop/멋진김소영/영진이네/BLM/target/classes started by soyoung in /Users/soyoung/Desktop/멋진김소영/영진이네/BLM)
2023-12-24 13:45:04 [INFO ] kopo.poly.BlmUserServiceApplication - The following 1 profile is active: "prod"
2023-12-24 13:45:07 [INFO ] kopo.poly.BlmUserServiceApplication - Started BlmUserServiceApplication in 23.09 seconds (JVM running for 29.464)
2023-12-24 13:45:10 [INFO ] kopo.poly.controller.StoreController - kopo.poly.controller.StoreController.점포 게시판 진입, 청년점포 리스트 가져오기 컨트롤러 실행합니다.
2023-12-24 13:45:10 [INFO ] kopo.poly.service.impl.StoreService - kopo.poly.service.impl.StoreService.청년점포 리스트 서비스 호출 받았습니다.
2023-12-24 13:45:10 [INFO ] kopo.poly.controller.StoreController - kopo.poly.controller.StoreController.점포 게시판 진입, 청년점포 리스트 가져오기 컨트롤러 종료합니다.
2023-12-24 13:45:12 [INFO ] kopo.poly.controller.StoreController - kopo.poly.controller.StoreController.청년점포 등록 페이지로 이동 컨트롤러 실행합니다.
2023-12-24 13:53:27 [INFO ] kopo.poly.controller.StoreController - kopo.poly.controller.StoreController.청춘활짝 블루밍, 청년점포 등록 컨트롤러 요청 받았습니다.
2023-12-24 13:53:27 [INFO ] kopo.poly.service.impl.StoreService - kopo.poly.service.impl.StoreService점포 정보 등록, 서비스 실행합니다.
2023-12-24 13:53:28 [INFO ] kopo.poly.service.impl.StoreService - photoUrl : https://bluefingers97.kr.object.ncloudstorage.com/5c124c7d484a513c87ebff1b6c1ad26c_w.jpeg
2023-12-24 13:53:28 [INFO ] kopo.poly.service.impl.StoreService - kopo.poly.service.impl.StoreService점포 정보 등록, 서비스 종료합니다.
2023-12-24 13:53:28 [INFO ] kopo.poly.controller.StoreController - org.springframework.dao.DataIntegrityViolationException: 
### Error updating database.  Cause: java.sql.SQLIntegrityConstraintViolationException: (conn=59126) Column 'STORE_SUB_PHOTO_ONE' cannot be null
### The error may exist in file [/Users/soyoung/Desktop/멋진김소영/영진이네/BLM/target/classes/mapper/StoreMapper.xml]
### The error may involve kopo.poly.persistance.mapper.IStoreMapper.insertStoreInfo-Inline
### The error occurred while setting parameters
### SQL: INSERT INTO STORE_INFO         (STORE_SEQ,          USER_ID,          STORE_NAME,          STORE_OWNER_NAME,          STORE_INTRODUCE,          STORE_MAIN_PHOTO,          STORE_SUB_PHOTO_ONE,          STORE_SUB_PHOTO_TWO,          STORE_SUB_PHOTO_THREE,          STORE_ADDR,          STORE_ADDR2,          STORE_CALL,          REG_DT)         VALUES ((SELECT NVL(MAX(A.STORE_SEQ), 0) + 1 FROM STORE_INFO A),                 ?, ?, ?, ?, ?,                 ?, ?, ?, ?,                 ?, ?, SYSDATE())
### Cause: java.sql.SQLIntegrityConstraintViolationException: (conn=59126) Column 'STORE_SUB_PHOTO_ONE' cannot be null
; (conn=59126) Column 'STORE_SUB_PHOTO_ONE' cannot be null; nested exception is java.sql.SQLIntegrityConstraintViolationException: (conn=59126) Column 'STORE_SUB_PHOTO_ONE' cannot be null
2023-12-24 13:53:28 [INFO ] kopo.poly.controller.StoreController - kopo.poly.controller.StoreController.청춘활짝 블루밍, 청년점포 등록 컨트롤러 요청 종료합니다.
2023-12-24 13:54:44 [INFO ] kopo.poly.controller.StoreController - kopo.poly.controller.StoreController.청춘활짝 블루밍, 청년점포 등록 컨트롤러 요청 받았습니다.
2023-12-24 13:54:44 [INFO ] kopo.poly.service.impl.StoreService - kopo.poly.service.impl.StoreService점포 정보 등록, 서비스 실행합니다.
2023-12-24 13:54:44 [INFO ] kopo.poly.service.impl.StoreService - photoUrl : https://bluefingers97.kr.object.ncloudstorage.com/%E1%84%80%E1%85%A1%E1%86%B7%E1%84%8C%E1%85%A1%E1%84%8B%E1%85%A1%E1%84%8B%E1%85%B5%E1%86%AF%E1%84%85%E1%85%A2%E1%86%AB%E1%84%83%E1%85%B3_2.jpeg
2023-12-24 13:54:45 [INFO ] kopo.poly.service.impl.StoreService - photoUrl : https://bluefingers97.kr.object.ncloudstorage.com/%E1%84%80%E1%85%A1%E1%86%B7%E1%84%8C%E1%85%A1%E1%84%8B%E1%85%A1%E1%84%8B%E1%85%B5%E1%86%AF%E1%84%85%E1%85%A2%E1%86%AB%E1%84%83%E1%85%B3_3.jpeg
2023-12-24 13:54:45 [INFO ] kopo.poly.service.impl.StoreService - photoUrl : https://bluefingers97.kr.object.ncloudstorage.com/%E1%84%80%E1%85%A1%E1%86%B7%E1%84%8C%E1%85%A1%E1%84%8B%E1%85%A1%E1%84%8B%E1%85%B5%E1%86%AF%E1%84%85%E1%85%A2%E1%86%AB%E1%84%83%E1%85%B3_4.jpeg
2023-12-24 13:54:45 [INFO ] kopo.poly.service.impl.StoreService - photoUrl : https://bluefingers97.kr.object.ncloudstorage.com/%E1%84%80%E1%85%A1%E1%86%BC%E1%84%8B%E1%85%AF%E1%86%AB%E1%84%8B%E1%85%A1%E1%84%8B%E1%85%B5%E1%86%AF%E1%84%85%E1%85%A2%E1%86%AB%E1%84%83%E1%85%B3.jpeg
2023-12-24 13:54:45 [INFO ] kopo.poly.service.impl.StoreService - kopo.poly.service.impl.StoreService점포 정보 등록, 서비스 종료합니다.
2023-12-24 13:54:45 [INFO ] kopo.poly.controller.StoreController - 청년점포 등록 결과(성공 1, 실패 0) : 1
2023-12-24 13:54:45 [INFO ] kopo.poly.controller.StoreController - kopo.poly.controller.StoreController.청춘활짝 블루밍, 청년점포 등록 컨트롤러 요청 종료합니다.
2023-12-24 13:58:23 [INFO ] kopo.poly.BlmUserServiceApplication - Starting BlmUserServiceApplication using Java 1.8.0_292 on SYui-MacBookPro.local with PID 26443 (/Users/soyoung/Desktop/멋진김소영/영진이네/BLM/target/classes started by soyoung in /Users/soyoung/Desktop/멋진김소영/영진이네/BLM)
2023-12-24 13:58:23 [INFO ] kopo.poly.BlmUserServiceApplication - The following 1 profile is active: "prod"
2023-12-24 13:58:25 [INFO ] kopo.poly.BlmUserServiceApplication - Started BlmUserServiceApplication in 22.367 seconds (JVM running for 28.295)
2023-12-24 13:58:56 [INFO ] kopo.poly.controller.MainController - kopo.poly.controller.MainController블루밍 서비스 메인화면 호출 시작합니다.
2023-12-24 13:58:56 [INFO ] k.poly.service.impl.PolicyService2 - kopo.poly.service.impl.PolicyService2메인 페이지에 띄울 최신 정책 10개 호출합니다.
2023-12-24 13:58:57 [INFO ] kopo.poly.service.impl.JobService - kopo.poly.service.impl.JobService메인 페이지에 띄울 최신 일자리 10개 호출합니다.
2023-12-24 13:58:57 [INFO ] kopo.poly.service.impl.NoticeService - kopo.poly.service.impl.NoticeService메인페이지에 띄울 최신글 10개 호출합니다.
2023-12-24 13:58:57 [INFO ] kopo.poly.service.impl.StoreService - kopo.poly.service.impl.StoreService.청년점포 메인에 띄울 가게 정보 호출합니다.
2023-12-24 13:58:57 [INFO ] kopo.poly.service.impl.StoreService - kopo.poly.service.impl.StoreService.청년점포 메인에 띄울 가게 정보 호출 종료합니다.
2023-12-24 13:58:57 [INFO ] kopo.poly.controller.MainController - kopo.poly.controller.MainController블루밍 서비스 메인화면 호출 종료합니다.
2023-12-24 13:58:59 [INFO ] kopo.poly.controller.StoreController - kopo.poly.controller.StoreController.점포 게시판 진입, 청년점포 리스트 가져오기 컨트롤러 실행합니다.
2023-12-24 13:58:59 [INFO ] kopo.poly.service.impl.StoreService - kopo.poly.service.impl.StoreService.청년점포 리스트 서비스 호출 받았습니다.
2023-12-24 13:58:59 [INFO ] kopo.poly.controller.StoreController - kopo.poly.controller.StoreController.점포 게시판 진입, 청년점포 리스트 가져오기 컨트롤러 종료합니다.
2023-12-24 13:59:53 [INFO ] kopo.poly.BlmUserServiceApplication - Starting BlmUserServiceApplication using Java 1.8.0_292 on SYui-MacBookPro.local with PID 26460 (/Users/soyoung/Desktop/멋진김소영/영진이네/BLM/target/classes started by soyoung in /Users/soyoung/Desktop/멋진김소영/영진이네/BLM)
2023-12-24 13:59:53 [INFO ] kopo.poly.BlmUserServiceApplication - The following 1 profile is active: "prod"
2023-12-24 13:59:56 [INFO ] kopo.poly.BlmUserServiceApplication - Started BlmUserServiceApplication in 22.658 seconds (JVM running for 28.671)
2023-12-24 14:00:04 [INFO ] kopo.poly.controller.MainController - kopo.poly.controller.MainController블루밍 서비스 메인화면 호출 시작합니다.
2023-12-24 14:00:04 [INFO ] k.poly.service.impl.PolicyService2 - kopo.poly.service.impl.PolicyService2메인 페이지에 띄울 최신 정책 10개 호출합니다.
2023-12-24 14:00:04 [INFO ] kopo.poly.service.impl.JobService - kopo.poly.service.impl.JobService메인 페이지에 띄울 최신 일자리 10개 호출합니다.
2023-12-24 14:00:04 [INFO ] kopo.poly.service.impl.NoticeService - kopo.poly.service.impl.NoticeService메인페이지에 띄울 최신글 10개 호출합니다.
2023-12-24 14:00:04 [INFO ] kopo.poly.service.impl.StoreService - kopo.poly.service.impl.StoreService.청년점포 메인에 띄울 가게 정보 호출합니다.
2023-12-24 14:00:04 [INFO ] kopo.poly.service.impl.StoreService - kopo.poly.service.impl.StoreService.청년점포 메인에 띄울 가게 정보 호출 종료합니다.
2023-12-24 14:00:04 [INFO ] kopo.poly.controller.MainController - kopo.poly.controller.MainController블루밍 서비스 메인화면 호출 종료합니다.
2023-12-24 14:00:08 [INFO ] kopo.poly.controller.StoreController - kopo.poly.controller.StoreController.점포 게시판 진입, 청년점포 리스트 가져오기 컨트롤러 실행합니다.
2023-12-24 14:00:08 [INFO ] kopo.poly.service.impl.StoreService - kopo.poly.service.impl.StoreService.청년점포 리스트 서비스 호출 받았습니다.
2023-12-24 14:00:08 [INFO ] kopo.poly.controller.StoreController - kopo.poly.controller.StoreController.점포 게시판 진입, 청년점포 리스트 가져오기 컨트롤러 종료합니다.
2023-12-24 14:00:16 [INFO ] kopo.poly.controller.StoreController - kopo.poly.controller.StoreController.청년점포 등록 페이지로 이동 컨트롤러 실행합니다.
2023-12-24 14:00:42 [INFO ] kopo.poly.controller.StoreController - kopo.poly.controller.StoreController.청춘활짝 블루밍, 청년점포 등록 컨트롤러 요청 받았습니다.
2023-12-24 14:00:42 [INFO ] kopo.poly.service.impl.StoreService - kopo.poly.service.impl.StoreService점포 정보 등록, 서비스 실행합니다.
2023-12-24 14:00:43 [INFO ] kopo.poly.service.impl.StoreService - photoUrl : https://bluefingers97.kr.object.ncloudstorage.com/%E1%84%80%E1%85%A1%E1%86%B7%E1%84%8C%E1%85%A1%E1%84%8B%E1%85%A1%E1%84%8B%E1%85%B5%E1%86%AF%E1%84%85%E1%85%A2%E1%86%AB%E1%84%83%E1%85%B3_2.jpeg
2023-12-24 14:00:43 [INFO ] kopo.poly.service.impl.StoreService - photoUrl : https://bluefingers97.kr.object.ncloudstorage.com/%E1%84%80%E1%85%A1%E1%86%B7%E1%84%8C%E1%85%A1%E1%84%8B%E1%85%A1%E1%84%8B%E1%85%B5%E1%86%AF%E1%84%85%E1%85%A2%E1%86%AB%E1%84%83%E1%85%B3_3.jpeg
2023-12-24 14:00:43 [INFO ] kopo.poly.service.impl.StoreService - photoUrl : https://bluefingers97.kr.object.ncloudstorage.com/%E1%84%80%E1%85%A1%E1%86%B7%E1%84%8C%E1%85%A1%E1%84%8B%E1%85%A1%E1%84%8B%E1%85%B5%E1%86%AF%E1%84%85%E1%85%A2%E1%86%AB%E1%84%83%E1%85%B3_4.jpeg
2023-12-24 14:00:43 [INFO ] kopo.poly.service.impl.StoreService - photoUrl : https://bluefingers97.kr.object.ncloudstorage.com/%E1%84%80%E1%85%A1%E1%86%BC%E1%84%8B%E1%85%AF%E1%86%AB%E1%84%8B%E1%85%A1%E1%84%8B%E1%85%B5%E1%86%AF%E1%84%85%E1%85%A2%E1%86%AB%E1%84%83%E1%85%B3.jpeg
2023-12-24 14:00:43 [INFO ] kopo.poly.service.impl.StoreService - kopo.poly.service.impl.StoreService점포 정보 등록, 서비스 종료합니다.
2023-12-24 14:00:43 [INFO ] kopo.poly.controller.StoreController - 청년점포 등록 결과(성공 1, 실패 0) : 1
2023-12-24 14:00:43 [INFO ] kopo.poly.controller.StoreController - kopo.poly.controller.StoreController.청춘활짝 블루밍, 청년점포 등록 컨트롤러 요청 종료합니다.
2023-12-24 14:01:48 [INFO ] kopo.poly.BlmUserServiceApplication - Starting BlmUserServiceApplication using Java 1.8.0_292 on SYui-MacBookPro.local with PID 26482 (/Users/soyoung/Desktop/멋진김소영/영진이네/BLM/target/classes started by soyoung in /Users/soyoung/Desktop/멋진김소영/영진이네/BLM)
2023-12-24 14:01:48 [INFO ] kopo.poly.BlmUserServiceApplication - The following 1 profile is active: "prod"
2023-12-24 14:01:51 [INFO ] kopo.poly.BlmUserServiceApplication - Started BlmUserServiceApplication in 22.808 seconds (JVM running for 28.565)
2023-12-24 14:01:54 [INFO ] kopo.poly.controller.StoreController - kopo.poly.controller.StoreController.점포 게시판 진입, 청년점포 리스트 가져오기 컨트롤러 실행합니다.
2023-12-24 14:01:54 [INFO ] kopo.poly.service.impl.StoreService - kopo.poly.service.impl.StoreService.청년점포 리스트 서비스 호출 받았습니다.
2023-12-24 14:01:55 [INFO ] kopo.poly.controller.StoreController - kopo.poly.controller.StoreController.점포 게시판 진입, 청년점포 리스트 가져오기 컨트롤러 종료합니다.
2023-12-24 14:01:57 [INFO ] kopo.poly.controller.StoreController - kopo.poly.controller.StoreController.청년점포 등록 페이지로 이동 컨트롤러 실행합니다.
2023-12-24 14:02:39 [INFO ] kopo.poly.controller.StoreController - kopo.poly.controller.StoreController.청춘활짝 블루밍, 청년점포 등록 컨트롤러 요청 받았습니다.
2023-12-24 14:02:39 [INFO ] kopo.poly.service.impl.StoreService - kopo.poly.service.impl.StoreService점포 정보 등록, 서비스 실행합니다.
2023-12-24 14:02:39 [INFO ] kopo.poly.service.impl.StoreService - photoUrl : https://bluefingers97.kr.object.ncloudstorage.com/%E1%84%80%E1%85%A1%E1%86%B7%E1%84%8C%E1%85%A1%E1%84%8B%E1%85%A1%E1%84%8B%E1%85%B5%E1%86%AF%E1%84%85%E1%85%A2%E1%86%AB%E1%84%83%E1%85%B3_2.jpeg
2023-12-24 14:02:39 [INFO ] kopo.poly.service.impl.StoreService - photoUrl : https://bluefingers97.kr.object.ncloudstorage.com/%E1%84%80%E1%85%A1%E1%86%B7%E1%84%8C%E1%85%A1%E1%84%8B%E1%85%A1%E1%84%8B%E1%85%B5%E1%86%AF%E1%84%85%E1%85%A2%E1%86%AB%E1%84%83%E1%85%B3_3.jpeg
2023-12-24 14:02:40 [INFO ] kopo.poly.service.impl.StoreService - photoUrl : https://bluefingers97.kr.object.ncloudstorage.com/%E1%84%80%E1%85%A1%E1%86%B7%E1%84%8C%E1%85%A1%E1%84%8B%E1%85%A1%E1%84%8B%E1%85%B5%E1%86%AF%E1%84%85%E1%85%A2%E1%86%AB%E1%84%83%E1%85%B3_4.jpeg
2023-12-24 14:02:40 [INFO ] kopo.poly.service.impl.StoreService - photoUrl : https://bluefingers97.kr.object.ncloudstorage.com/%E1%84%80%E1%85%A1%E1%86%BC%E1%84%8B%E1%85%AF%E1%86%AB%E1%84%8B%E1%85%A1%E1%84%8B%E1%85%B5%E1%86%AF%E1%84%85%E1%85%A2%E1%86%AB%E1%84%83%E1%85%B3.jpeg
2023-12-24 14:02:40 [INFO ] kopo.poly.service.impl.StoreService - kopo.poly.service.impl.StoreService점포 정보 등록, 서비스 종료합니다.
2023-12-24 14:02:40 [INFO ] kopo.poly.controller.StoreController - 청년점포 등록 결과(성공 1, 실패 0) : 1
2023-12-24 14:02:40 [INFO ] kopo.poly.controller.StoreController - kopo.poly.controller.StoreController.청춘활짝 블루밍, 청년점포 등록 컨트롤러 요청 종료합니다.
2023-12-24 14:04:59 [INFO ] kopo.poly.controller.MainController - kopo.poly.controller.MainController블루밍 서비스 메인화면 호출 시작합니다.
2023-12-24 14:04:59 [INFO ] k.poly.service.impl.PolicyService2 - kopo.poly.service.impl.PolicyService2메인 페이지에 띄울 최신 정책 10개 호출합니다.
2023-12-24 14:04:59 [INFO ] kopo.poly.service.impl.JobService - kopo.poly.service.impl.JobService메인 페이지에 띄울 최신 일자리 10개 호출합니다.
2023-12-24 14:04:59 [INFO ] kopo.poly.service.impl.NoticeService - kopo.poly.service.impl.NoticeService메인페이지에 띄울 최신글 10개 호출합니다.
2023-12-24 14:04:59 [INFO ] kopo.poly.service.impl.StoreService - kopo.poly.service.impl.StoreService.청년점포 메인에 띄울 가게 정보 호출합니다.
2023-12-24 14:04:59 [INFO ] kopo.poly.service.impl.StoreService - kopo.poly.service.impl.StoreService.청년점포 메인에 띄울 가게 정보 호출 종료합니다.
2023-12-24 14:04:59 [INFO ] kopo.poly.controller.MainController - kopo.poly.controller.MainController블루밍 서비스 메인화면 호출 종료합니다.
2023-12-24 14:04:59 [INFO ] kopo.poly.controller.MainController - kopo.poly.controller.MainController블루밍 서비스 메인화면 호출 시작합니다.
2023-12-24 14:04:59 [INFO ] k.poly.service.impl.PolicyService2 - kopo.poly.service.impl.PolicyService2메인 페이지에 띄울 최신 정책 10개 호출합니다.
2023-12-24 14:04:59 [INFO ] kopo.poly.service.impl.JobService - kopo.poly.service.impl.JobService메인 페이지에 띄울 최신 일자리 10개 호출합니다.
2023-12-24 14:04:59 [INFO ] kopo.poly.service.impl.NoticeService - kopo.poly.service.impl.NoticeService메인페이지에 띄울 최신글 10개 호출합니다.
2023-12-24 14:04:59 [INFO ] kopo.poly.service.impl.StoreService - kopo.poly.service.impl.StoreService.청년점포 메인에 띄울 가게 정보 호출합니다.
2023-12-24 14:04:59 [INFO ] kopo.poly.service.impl.StoreService - kopo.poly.service.impl.StoreService.청년점포 메인에 띄울 가게 정보 호출 종료합니다.
2023-12-24 14:04:59 [INFO ] kopo.poly.controller.MainController - kopo.poly.controller.MainController블루밍 서비스 메인화면 호출 종료합니다.
2023-12-24 14:05:06 [INFO ] kopo.poly.controller.StoreController - kopo.poly.controller.StoreController.청년점포 상세보기 컨트롤러 실행합니다.
2023-12-24 14:05:06 [INFO ] kopo.poly.service.impl.StoreService - kopo.poly.service.impl.StoreService.청년점포 상세보기 서비스 호출 받았습니다.
2023-12-24 14:05:06 [INFO ] kopo.poly.controller.StoreController - 메인 이미지 경로 : https://bluefingers97.kr.object.ncloudstorage.com/%E1%84%80%E1%85%A1%E1%86%B7%E1%84%8C%E1%85%A1%E1%84%8B%E1%85%A1%E1%84%8B%E1%85%B5%E1%86%AF%E1%84%85%E1%85%A2%E1%86%AB%E1%84%83%E1%85%B3_2.jpeg
2023-12-24 14:05:06 [INFO ] kopo.poly.controller.StoreController - kopo.poly.controller.StoreController.청년점포 상세보기 컨트롤러 종료합니다.
2023-12-24 14:05:06 [INFO ] k.poly.controller.ReviewController - kopo.poly.controller.ReviewController.getReviewList Start!
2023-12-24 14:05:06 [INFO ] k.poly.controller.ReviewController - store_seq : 8
2023-12-24 14:05:06 [INFO ] kopo.poly.service.impl.ReviewService - kopo.poly.service.impl.ReviewService.getReviewList start!
2023-12-24 14:05:06 [INFO ] k.poly.controller.ReviewController - 조회된 리뷰 수 : 0
2023-12-24 14:05:06 [INFO ] k.poly.controller.ReviewController - kopo.poly.controller.ReviewController.getReviewList End!
2023-12-24 14:05:15 [INFO ] kopo.poly.controller.MainController - kopo.poly.controller.MainController블루밍 서비스 메인화면 호출 시작합니다.
2023-12-24 14:05:15 [INFO ] k.poly.service.impl.PolicyService2 - kopo.poly.service.impl.PolicyService2메인 페이지에 띄울 최신 정책 10개 호출합니다.
2023-12-24 14:05:15 [INFO ] kopo.poly.service.impl.JobService - kopo.poly.service.impl.JobService메인 페이지에 띄울 최신 일자리 10개 호출합니다.
2023-12-24 14:05:15 [INFO ] kopo.poly.service.impl.NoticeService - kopo.poly.service.impl.NoticeService메인페이지에 띄울 최신글 10개 호출합니다.
2023-12-24 14:05:15 [INFO ] kopo.poly.service.impl.StoreService - kopo.poly.service.impl.StoreService.청년점포 메인에 띄울 가게 정보 호출합니다.
2023-12-24 14:05:15 [INFO ] kopo.poly.service.impl.StoreService - kopo.poly.service.impl.StoreService.청년점포 메인에 띄울 가게 정보 호출 종료합니다.
2023-12-24 14:05:15 [INFO ] kopo.poly.controller.MainController - kopo.poly.controller.MainController블루밍 서비스 메인화면 호출 종료합니다.
2023-12-24 14:13:15 [INFO ] kopo.poly.BlmUserServiceApplication - Starting BlmUserServiceApplication using Java 1.8.0_292 on SYui-MacBookPro.local with PID 26604 (/Users/soyoung/Desktop/멋진김소영/영진이네/BLM/target/classes started by soyoung in /Users/soyoung/Desktop/멋진김소영/영진이네/BLM)
2023-12-24 14:13:15 [INFO ] kopo.poly.BlmUserServiceApplication - The following 1 profile is active: "prod"
2023-12-24 14:13:17 [INFO ] kopo.poly.BlmUserServiceApplication - Started BlmUserServiceApplication in 22.439 seconds (JVM running for 28.321)
2023-12-24 14:17:13 [INFO ] kopo.poly.BlmUserServiceApplication - Starting BlmUserServiceApplication using Java 1.8.0_292 on SYui-MacBookPro.local with PID 26631 (/Users/soyoung/Desktop/멋진김소영/영진이네/BLM/target/classes started by soyoung in /Users/soyoung/Desktop/멋진김소영/영진이네/BLM)
2023-12-24 14:17:13 [INFO ] kopo.poly.BlmUserServiceApplication - The following 1 profile is active: "prod"
2023-12-24 14:17:15 [INFO ] kopo.poly.BlmUserServiceApplication - Started BlmUserServiceApplication in 22.538 seconds (JVM running for 28.785)
2023-12-24 14:18:03 [INFO ] kopo.poly.controller.StoreController - kopo.poly.controller.StoreController.점포 게시판 진입, 청년점포 리스트 가져오기 컨트롤러 실행합니다.
2023-12-24 14:18:03 [INFO ] kopo.poly.service.impl.StoreService - kopo.poly.service.impl.StoreService.청년점포 리스트 서비스 호출 받았습니다.
2023-12-24 14:18:04 [INFO ] kopo.poly.controller.StoreController - kopo.poly.controller.StoreController.점포 게시판 진입, 청년점포 리스트 가져오기 컨트롤러 종료합니다.
2023-12-24 14:18:06 [INFO ] kopo.poly.controller.StoreController - kopo.poly.controller.StoreController.청년점포 등록 페이지로 이동 컨트롤러 실행합니다.
2023-12-24 14:18:45 [INFO ] kopo.poly.controller.StoreController - kopo.poly.controller.StoreController.청춘활짝 블루밍, 청년점포 등록 컨트롤러 요청 받았습니다.
2023-12-24 14:18:45 [INFO ] kopo.poly.service.impl.StoreService - kopo.poly.service.impl.StoreService점포 정보 등록, 서비스 실행합니다.
2023-12-24 14:18:46 [INFO ] kopo.poly.service.impl.StoreService - photoUrl : https://bluefingers97.kr.object.ncloudstorage.com/%E1%84%80%E1%85%A1%E1%86%B7%E1%84%8C%E1%85%A1%E1%84%8B%E1%85%A1%E1%84%8B%E1%85%B5%E1%86%AF%E1%84%85%E1%85%A2%E1%86%AB%E1%84%83%E1%85%B3_2.jpeg
2023-12-24 14:18:46 [INFO ] kopo.poly.service.impl.StoreService - photoUrl : https://bluefingers97.kr.object.ncloudstorage.com/%E1%84%80%E1%85%A1%E1%86%B7%E1%84%8C%E1%85%A1%E1%84%8B%E1%85%A1%E1%84%8B%E1%85%B5%E1%86%AF%E1%84%85%E1%85%A2%E1%86%AB%E1%84%83%E1%85%B3_3.jpeg
2023-12-24 14:18:46 [INFO ] kopo.poly.service.impl.StoreService - photoUrl : https://bluefingers97.kr.object.ncloudstorage.com/%E1%84%80%E1%85%A1%E1%86%B7%E1%84%8C%E1%85%A1%E1%84%8B%E1%85%A1%E1%84%8B%E1%85%B5%E1%86%AF%E1%84%85%E1%85%A2%E1%86%AB%E1%84%83%E1%85%B3_4.jpeg
2023-12-24 14:18:46 [INFO ] kopo.poly.service.impl.StoreService - photoUrl : https://bluefingers97.kr.object.ncloudstorage.com/%E1%84%80%E1%85%A1%E1%86%BC%E1%84%8B%E1%85%AF%E1%86%AB%E1%84%8B%E1%85%A1%E1%84%8B%E1%85%B5%E1%86%AF%E1%84%85%E1%85%A2%E1%86%AB%E1%84%83%E1%85%B3.jpeg
2023-12-24 14:18:46 [INFO ] kopo.poly.service.impl.StoreService - kopo.poly.service.impl.StoreService점포 정보 등록, 서비스 종료합니다.
2023-12-24 14:18:46 [INFO ] kopo.poly.controller.StoreController - 청년점포 등록 결과(성공 1, 실패 0) : 1
2023-12-24 14:18:46 [INFO ] kopo.poly.controller.StoreController - kopo.poly.controller.StoreController.청춘활짝 블루밍, 청년점포 등록 컨트롤러 요청 종료합니다.
2023-12-24 14:19:47 [INFO ] kopo.poly.BlmUserServiceApplication - Starting BlmUserServiceApplication using Java 1.8.0_292 on SYui-MacBookPro.local with PID 26664 (/Users/soyoung/Desktop/멋진김소영/영진이네/BLM/target/classes started by soyoung in /Users/soyoung/Desktop/멋진김소영/영진이네/BLM)
2023-12-24 14:19:47 [INFO ] kopo.poly.BlmUserServiceApplication - The following 1 profile is active: "prod"
2023-12-24 14:19:50 [INFO ] kopo.poly.BlmUserServiceApplication - Started BlmUserServiceApplication in 23.38 seconds (JVM running for 29.159)
2023-12-24 14:20:36 [INFO ] kopo.poly.controller.MainController - kopo.poly.controller.MainController블루밍 서비스 메인화면 호출 시작합니다.
2023-12-24 14:20:36 [INFO ] k.poly.service.impl.PolicyService2 - kopo.poly.service.impl.PolicyService2메인 페이지에 띄울 최신 정책 10개 호출합니다.
2023-12-24 14:20:36 [INFO ] kopo.poly.service.impl.JobService - kopo.poly.service.impl.JobService메인 페이지에 띄울 최신 일자리 10개 호출합니다.
2023-12-24 14:20:36 [INFO ] kopo.poly.service.impl.NoticeService - kopo.poly.service.impl.NoticeService메인페이지에 띄울 최신글 10개 호출합니다.
2023-12-24 14:20:36 [INFO ] kopo.poly.service.impl.StoreService - kopo.poly.service.impl.StoreService.청년점포 메인에 띄울 가게 정보 호출합니다.
2023-12-24 14:20:36 [INFO ] kopo.poly.service.impl.StoreService - kopo.poly.service.impl.StoreService.청년점포 메인에 띄울 가게 정보 호출 종료합니다.
2023-12-24 14:20:36 [INFO ] kopo.poly.controller.MainController - kopo.poly.controller.MainController블루밍 서비스 메인화면 호출 종료합니다.
2023-12-24 14:20:36 [INFO ] kopo.poly.controller.MainController - kopo.poly.controller.MainController블루밍 서비스 메인화면 호출 시작합니다.
2023-12-24 14:20:36 [INFO ] k.poly.service.impl.PolicyService2 - kopo.poly.service.impl.PolicyService2메인 페이지에 띄울 최신 정책 10개 호출합니다.
2023-12-24 14:20:36 [INFO ] kopo.poly.service.impl.JobService - kopo.poly.service.impl.JobService메인 페이지에 띄울 최신 일자리 10개 호출합니다.
2023-12-24 14:20:36 [INFO ] kopo.poly.service.impl.NoticeService - kopo.poly.service.impl.NoticeService메인페이지에 띄울 최신글 10개 호출합니다.
2023-12-24 14:20:36 [INFO ] kopo.poly.service.impl.StoreService - kopo.poly.service.impl.StoreService.청년점포 메인에 띄울 가게 정보 호출합니다.
2023-12-24 14:20:36 [INFO ] kopo.poly.service.impl.StoreService - kopo.poly.service.impl.StoreService.청년점포 메인에 띄울 가게 정보 호출 종료합니다.
2023-12-24 14:20:36 [INFO ] kopo.poly.controller.MainController - kopo.poly.controller.MainController블루밍 서비스 메인화면 호출 종료합니다.
2023-12-24 14:20:39 [INFO ] kopo.poly.controller.StoreController - kopo.poly.controller.StoreController.점포 게시판 진입, 청년점포 리스트 가져오기 컨트롤러 실행합니다.
2023-12-24 14:20:39 [INFO ] kopo.poly.service.impl.StoreService - kopo.poly.service.impl.StoreService.청년점포 리스트 서비스 호출 받았습니다.
2023-12-24 14:20:39 [INFO ] kopo.poly.controller.StoreController - kopo.poly.controller.StoreController.점포 게시판 진입, 청년점포 리스트 가져오기 컨트롤러 종료합니다.
2023-12-24 14:20:43 [INFO ] kopo.poly.controller.StoreController - kopo.poly.controller.StoreController.청년점포 등록 페이지로 이동 컨트롤러 실행합니다.
2023-12-24 14:21:06 [INFO ] kopo.poly.controller.StoreController - kopo.poly.controller.StoreController.청춘활짝 블루밍, 청년점포 등록 컨트롤러 요청 받았습니다.
2023-12-24 14:21:06 [INFO ] kopo.poly.service.impl.StoreService - kopo.poly.service.impl.StoreService점포 정보 등록, 서비스 실행합니다.
2023-12-24 14:21:07 [INFO ] kopo.poly.service.impl.StoreService - photoUrl : https://bluefingers97.kr.object.ncloudstorage.com/%E1%84%80%E1%85%A1%E1%86%B7%E1%84%8C%E1%85%A1%E1%84%8B%E1%85%A1%E1%84%8B%E1%85%B5%E1%86%AF%E1%84%85%E1%85%A2%E1%86%AB%E1%84%83%E1%85%B3_2.jpeg
2023-12-24 14:21:07 [INFO ] kopo.poly.service.impl.StoreService - photoUrl : https://bluefingers97.kr.object.ncloudstorage.com/%E1%84%80%E1%85%A1%E1%86%B7%E1%84%8C%E1%85%A1%E1%84%8B%E1%85%A1%E1%84%8B%E1%85%B5%E1%86%AF%E1%84%85%E1%85%A2%E1%86%AB%E1%84%83%E1%85%B3_3.jpeg
2023-12-24 14:21:07 [INFO ] kopo.poly.service.impl.StoreService - photoUrl : https://bluefingers97.kr.object.ncloudstorage.com/%E1%84%80%E1%85%A1%E1%86%B7%E1%84%8C%E1%85%A1%E1%84%8B%E1%85%A1%E1%84%8B%E1%85%B5%E1%86%AF%E1%84%85%E1%85%A2%E1%86%AB%E1%84%83%E1%85%B3_4.jpeg
2023-12-24 14:21:07 [INFO ] kopo.poly.service.impl.StoreService - photoUrl : https://bluefingers97.kr.object.ncloudstorage.com/%E1%84%80%E1%85%A1%E1%86%BC%E1%84%8B%E1%85%AF%E1%86%AB%E1%84%8B%E1%85%A1%E1%84%8B%E1%85%B5%E1%86%AF%E1%84%85%E1%85%A2%E1%86%AB%E1%84%83%E1%85%B3.jpeg
2023-12-24 14:21:07 [INFO ] kopo.poly.service.impl.StoreService - kopo.poly.service.impl.StoreService점포 정보 등록, 서비스 종료합니다.
2023-12-24 14:21:07 [INFO ] kopo.poly.controller.StoreController - 청년점포 등록 결과(성공 1, 실패 0) : 1
2023-12-24 14:21:07 [INFO ] kopo.poly.controller.StoreController - kopo.poly.controller.StoreController.청춘활짝 블루밍, 청년점포 등록 컨트롤러 요청 종료합니다.
2023-12-24 14:30:44 [INFO ] kopo.poly.BlmUserServiceApplication - Starting BlmUserServiceApplication using Java 1.8.0_292 on SYui-MacBookPro.local with PID 26795 (/Users/soyoung/Desktop/멋진김소영/영진이네/BLM/target/classes started by soyoung in /Users/soyoung/Desktop/멋진김소영/영진이네/BLM)
2023-12-24 14:30:44 [INFO ] kopo.poly.BlmUserServiceApplication - The following 1 profile is active: "prod"
2023-12-24 14:30:46 [INFO ] kopo.poly.BlmUserServiceApplication - Started BlmUserServiceApplication in 22.654 seconds (JVM running for 28.587)
2023-12-24 14:30:54 [INFO ] kopo.poly.controller.StoreController - kopo.poly.controller.StoreController.청년점포 등록 페이지로 이동 컨트롤러 실행합니다.
2023-12-24 14:31:27 [INFO ] kopo.poly.controller.StoreController - kopo.poly.controller.StoreController.청춘활짝 블루밍, 청년점포 등록 컨트롤러 요청 받았습니다.
2023-12-24 14:31:27 [INFO ] kopo.poly.service.impl.StoreService - kopo.poly.service.impl.StoreService점포 정보 등록, 서비스 실행합니다.
2023-12-24 14:31:28 [INFO ] kopo.poly.service.impl.StoreService - photoUrl : https://bluefingers97.kr.object.ncloudstorage.com/%E1%84%80%E1%85%A1%E1%86%B7%E1%84%8C%E1%85%A1%E1%84%8B%E1%85%A1%E1%84%8B%E1%85%B5%E1%86%AF%E1%84%85%E1%85%A2%E1%86%AB%E1%84%83%E1%85%B3_2.jpeg
2023-12-24 14:31:29 [INFO ] kopo.poly.service.impl.StoreService - photoUrl : https://bluefingers97.kr.object.ncloudstorage.com/%E1%84%80%E1%85%A1%E1%86%B7%E1%84%8C%E1%85%A1%E1%84%8B%E1%85%A1%E1%84%8B%E1%85%B5%E1%86%AF%E1%84%85%E1%85%A2%E1%86%AB%E1%84%83%E1%85%B3_3.jpeg
2023-12-24 14:31:29 [INFO ] kopo.poly.service.impl.StoreService - photoUrl : https://bluefingers97.kr.object.ncloudstorage.com/%E1%84%80%E1%85%A1%E1%86%B7%E1%84%8C%E1%85%A1%E1%84%8B%E1%85%A1%E1%84%8B%E1%85%B5%E1%86%AF%E1%84%85%E1%85%A2%E1%86%AB%E1%84%83%E1%85%B3_4.jpeg
2023-12-24 14:31:29 [INFO ] kopo.poly.service.impl.StoreService - photoUrl : https://bluefingers97.kr.object.ncloudstorage.com/%E1%84%80%E1%85%A1%E1%86%BC%E1%84%8B%E1%85%AF%E1%86%AB%E1%84%8B%E1%85%A1%E1%84%8B%E1%85%B5%E1%86%AF%E1%84%85%E1%85%A2%E1%86%AB%E1%84%83%E1%85%B3.jpeg
2023-12-24 14:31:29 [INFO ] kopo.poly.service.impl.StoreService - kopo.poly.service.impl.StoreService점포 정보 등록, 서비스 종료합니다.
2023-12-24 14:31:29 [INFO ] kopo.poly.controller.StoreController - 청년점포 등록 결과(성공 1, 실패 0) : 1
2023-12-24 14:31:29 [INFO ] kopo.poly.controller.StoreController - kopo.poly.controller.StoreController.청춘활짝 블루밍, 청년점포 등록 컨트롤러 요청 종료합니다.
2023-12-24 14:33:03 [INFO ] kopo.poly.BlmUserServiceApplication - Starting BlmUserServiceApplication using Java 1.8.0_292 on SYui-MacBookPro.local with PID 26825 (/Users/soyoung/Desktop/멋진김소영/영진이네/BLM/target/classes started by soyoung in /Users/soyoung/Desktop/멋진김소영/영진이네/BLM)
2023-12-24 14:33:03 [INFO ] kopo.poly.BlmUserServiceApplication - The following 1 profile is active: "prod"
2023-12-24 14:33:05 [INFO ] kopo.poly.BlmUserServiceApplication - Started BlmUserServiceApplication in 22.555 seconds (JVM running for 28.276)
2023-12-24 14:33:12 [INFO ] kopo.poly.controller.StoreController - kopo.poly.controller.StoreController.청년점포 등록 페이지로 이동 컨트롤러 실행합니다.
2023-12-24 14:33:34 [INFO ] kopo.poly.controller.StoreController - kopo.poly.controller.StoreController.청춘활짝 블루밍, 청년점포 등록 컨트롤러 요청 받았습니다.
2023-12-24 14:33:34 [INFO ] kopo.poly.service.impl.StoreService - kopo.poly.service.impl.StoreService점포 정보 등록, 서비스 실행합니다.
2023-12-24 14:33:34 [INFO ] kopo.poly.service.impl.StoreService - photoUrl : https://bluefingers97.kr.object.ncloudstorage.com/%E1%84%80%E1%85%A1%E1%86%B7%E1%84%8C%E1%85%A1%E1%84%8B%E1%85%A1%E1%84%8B%E1%85%B5%E1%86%AF%E1%84%85%E1%85%A2%E1%86%AB%E1%84%83%E1%85%B3_2.jpeg
2023-12-24 14:33:35 [INFO ] kopo.poly.service.impl.StoreService - photoUrl : https://bluefingers97.kr.object.ncloudstorage.com/%E1%84%80%E1%85%A1%E1%86%B7%E1%84%8C%E1%85%A1%E1%84%8B%E1%85%A1%E1%84%8B%E1%85%B5%E1%86%AF%E1%84%85%E1%85%A2%E1%86%AB%E1%84%83%E1%85%B3_3.jpeg
2023-12-24 14:33:35 [INFO ] kopo.poly.service.impl.StoreService - photoUrl : https://bluefingers97.kr.object.ncloudstorage.com/%E1%84%80%E1%85%A1%E1%86%B7%E1%84%8C%E1%85%A1%E1%84%8B%E1%85%A1%E1%84%8B%E1%85%B5%E1%86%AF%E1%84%85%E1%85%A2%E1%86%AB%E1%84%83%E1%85%B3_4.jpeg
2023-12-24 14:33:35 [INFO ] kopo.poly.service.impl.StoreService - photoUrl : https://bluefingers97.kr.object.ncloudstorage.com/%E1%84%80%E1%85%A1%E1%86%BC%E1%84%8B%E1%85%AF%E1%86%AB%E1%84%8B%E1%85%A1%E1%84%8B%E1%85%B5%E1%86%AF%E1%84%85%E1%85%A2%E1%86%AB%E1%84%83%E1%85%B3.jpeg
2023-12-24 14:33:35 [INFO ] kopo.poly.service.impl.StoreService - kopo.poly.service.impl.StoreService점포 정보 등록, 서비스 종료합니다.
2023-12-24 14:33:35 [INFO ] kopo.poly.controller.StoreController - 청년점포 등록 결과(성공 1, 실패 0) : 1
2023-12-24 14:33:35 [INFO ] kopo.poly.controller.StoreController - kopo.poly.controller.StoreController.청춘활짝 블루밍, 청년점포 등록 컨트롤러 요청 종료합니다.
2023-12-24 14:33:37 [INFO ] kopo.poly.controller.StoreController - kopo.poly.controller.StoreController.점포 게시판 진입, 청년점포 리스트 가져오기 컨트롤러 실행합니다.
2023-12-24 14:33:37 [INFO ] kopo.poly.service.impl.StoreService - kopo.poly.service.impl.StoreService.청년점포 리스트 서비스 호출 받았습니다.
2023-12-24 14:33:37 [INFO ] kopo.poly.controller.StoreController - kopo.poly.controller.StoreController.점포 게시판 진입, 청년점포 리스트 가져오기 컨트롤러 종료합니다.
2023-12-24 14:34:12 [INFO ] kopo.poly.controller.StoreController - kopo.poly.controller.StoreController.청년점포 상세보기 컨트롤러 실행합니다.
2023-12-24 14:34:12 [INFO ] kopo.poly.service.impl.StoreService - kopo.poly.service.impl.StoreService.청년점포 상세보기 서비스 호출 받았습니다.
2023-12-24 14:34:12 [INFO ] kopo.poly.controller.StoreController - 메인 이미지 경로 : https://bluefingers97.kr.object.ncloudstorage.com/%E1%84%80%E1%85%A1%E1%86%B7%E1%84%8C%E1%85%A1%E1%84%8B%E1%85%A1%E1%84%8B%E1%85%B5%E1%86%AF%E1%84%85%E1%85%A2%E1%86%AB%E1%84%83%E1%85%B3_2.jpeg
2023-12-24 14:34:12 [INFO ] kopo.poly.controller.StoreController - kopo.poly.controller.StoreController.청년점포 상세보기 컨트롤러 종료합니다.
2023-12-24 14:34:13 [INFO ] k.poly.controller.ReviewController - kopo.poly.controller.ReviewController.getReviewList Start!
2023-12-24 14:34:13 [INFO ] k.poly.controller.ReviewController - store_seq : 8
2023-12-24 14:34:13 [INFO ] kopo.poly.service.impl.ReviewService - kopo.poly.service.impl.ReviewService.getReviewList start!
2023-12-24 14:34:13 [INFO ] k.poly.controller.ReviewController - 조회된 리뷰 수 : 0
2023-12-24 14:34:13 [INFO ] k.poly.controller.ReviewController - kopo.poly.controller.ReviewController.getReviewList End!
2023-12-24 14:34:16 [INFO ] kopo.poly.controller.StoreController - kopo.poly.controller.StoreController.점포 게시판 진입, 청년점포 리스트 가져오기 컨트롤러 실행합니다.
2023-12-24 14:34:16 [INFO ] kopo.poly.service.impl.StoreService - kopo.poly.service.impl.StoreService.청년점포 리스트 서비스 호출 받았습니다.
2023-12-24 14:34:16 [INFO ] kopo.poly.controller.StoreController - kopo.poly.controller.StoreController.점포 게시판 진입, 청년점포 리스트 가져오기 컨트롤러 종료합니다.
2023-12-24 14:34:26 [INFO ] kopo.poly.controller.MainController - kopo.poly.controller.MainController블루밍 서비스 메인화면 호출 시작합니다.
2023-12-24 14:34:26 [INFO ] k.poly.service.impl.PolicyService2 - kopo.poly.service.impl.PolicyService2메인 페이지에 띄울 최신 정책 10개 호출합니다.
2023-12-24 14:34:26 [INFO ] kopo.poly.service.impl.JobService - kopo.poly.service.impl.JobService메인 페이지에 띄울 최신 일자리 10개 호출합니다.
2023-12-24 14:34:26 [INFO ] kopo.poly.service.impl.NoticeService - kopo.poly.service.impl.NoticeService메인페이지에 띄울 최신글 10개 호출합니다.
2023-12-24 14:34:26 [INFO ] kopo.poly.service.impl.StoreService - kopo.poly.service.impl.StoreService.청년점포 메인에 띄울 가게 정보 호출합니다.
2023-12-24 14:34:26 [INFO ] kopo.poly.service.impl.StoreService - kopo.poly.service.impl.StoreService.청년점포 메인에 띄울 가게 정보 호출 종료합니다.
2023-12-24 14:34:26 [INFO ] kopo.poly.controller.MainController - kopo.poly.controller.MainController블루밍 서비스 메인화면 호출 종료합니다.
2023-12-24 14:34:27 [INFO ] kopo.poly.controller.MainController - kopo.poly.controller.MainController블루밍 서비스 메인화면 호출 시작합니다.
2023-12-24 14:34:27 [INFO ] k.poly.service.impl.PolicyService2 - kopo.poly.service.impl.PolicyService2메인 페이지에 띄울 최신 정책 10개 호출합니다.
2023-12-24 14:34:27 [INFO ] kopo.poly.service.impl.JobService - kopo.poly.service.impl.JobService메인 페이지에 띄울 최신 일자리 10개 호출합니다.
2023-12-24 14:34:27 [INFO ] kopo.poly.service.impl.NoticeService - kopo.poly.service.impl.NoticeService메인페이지에 띄울 최신글 10개 호출합니다.
2023-12-24 14:34:27 [INFO ] kopo.poly.service.impl.StoreService - kopo.poly.service.impl.StoreService.청년점포 메인에 띄울 가게 정보 호출합니다.
2023-12-24 14:34:27 [INFO ] kopo.poly.service.impl.StoreService - kopo.poly.service.impl.StoreService.청년점포 메인에 띄울 가게 정보 호출 종료합니다.
2023-12-24 14:34:27 [INFO ] kopo.poly.controller.MainController - kopo.poly.controller.MainController블루밍 서비스 메인화면 호출 종료합니다.
2023-12-24 14:35:40 [INFO ] kopo.poly.BlmUserServiceApplication - Starting BlmUserServiceApplication using Java 1.8.0_292 on SYui-MacBookPro.local with PID 26858 (/Users/soyoung/Desktop/멋진김소영/영진이네/BLM/target/classes started by soyoung in /Users/soyoung/Desktop/멋진김소영/영진이네/BLM)
2023-12-24 14:35:40 [INFO ] kopo.poly.BlmUserServiceApplication - The following 1 profile is active: "prod"
2023-12-24 14:35:43 [INFO ] kopo.poly.BlmUserServiceApplication - Started BlmUserServiceApplication in 22.739 seconds (JVM running for 28.578)
2023-12-24 14:36:09 [INFO ] kopo.poly.controller.MainController - kopo.poly.controller.MainController블루밍 서비스 메인화면 호출 시작합니다.
2023-12-24 14:36:09 [INFO ] k.poly.service.impl.PolicyService2 - kopo.poly.service.impl.PolicyService2메인 페이지에 띄울 최신 정책 10개 호출합니다.
2023-12-24 14:36:09 [INFO ] kopo.poly.service.impl.JobService - kopo.poly.service.impl.JobService메인 페이지에 띄울 최신 일자리 10개 호출합니다.
2023-12-24 14:36:10 [INFO ] kopo.poly.service.impl.NoticeService - kopo.poly.service.impl.NoticeService메인페이지에 띄울 최신글 10개 호출합니다.
2023-12-24 14:36:10 [INFO ] kopo.poly.service.impl.StoreService - kopo.poly.service.impl.StoreService.청년점포 메인에 띄울 가게 정보 호출합니다.
2023-12-24 14:36:10 [INFO ] kopo.poly.service.impl.StoreService - kopo.poly.service.impl.StoreService.청년점포 메인에 띄울 가게 정보 호출 종료합니다.
2023-12-24 14:36:10 [INFO ] kopo.poly.controller.MainController - kopo.poly.controller.MainController블루밍 서비스 메인화면 호출 종료합니다.
2023-12-24 14:36:17 [INFO ] kopo.poly.controller.StoreController - kopo.poly.controller.StoreController.점포 게시판 진입, 청년점포 리스트 가져오기 컨트롤러 실행합니다.
2023-12-24 14:36:17 [INFO ] kopo.poly.service.impl.StoreService - kopo.poly.service.impl.StoreService.청년점포 리스트 서비스 호출 받았습니다.
2023-12-24 14:36:17 [INFO ] kopo.poly.controller.StoreController - kopo.poly.controller.StoreController.점포 게시판 진입, 청년점포 리스트 가져오기 컨트롤러 종료합니다.
2023-12-24 14:36:25 [INFO ] kopo.poly.controller.StoreController - kopo.poly.controller.StoreController.청년점포 상세보기 컨트롤러 실행합니다.
2023-12-24 14:36:25 [INFO ] kopo.poly.service.impl.StoreService - kopo.poly.service.impl.StoreService.청년점포 상세보기 서비스 호출 받았습니다.
2023-12-24 14:36:25 [INFO ] kopo.poly.controller.StoreController - 메인 이미지 경로 : https://bluefingers97.kr.object.ncloudstorage.com/%E1%84%80%E1%85%A1%E1%86%B7%E1%84%8C%E1%85%A1%E1%84%8B%E1%85%A1%E1%84%8B%E1%85%B5%E1%86%AF%E1%84%85%E1%85%A2%E1%86%AB%E1%84%83%E1%85%B3_2.jpeg
2023-12-24 14:36:25 [INFO ] kopo.poly.controller.StoreController - kopo.poly.controller.StoreController.청년점포 상세보기 컨트롤러 종료합니다.
2023-12-24 14:36:26 [INFO ] k.poly.controller.ReviewController - kopo.poly.controller.ReviewController.getReviewList Start!
2023-12-24 14:36:26 [INFO ] k.poly.controller.ReviewController - store_seq : 7
2023-12-24 14:36:26 [INFO ] kopo.poly.service.impl.ReviewService - kopo.poly.service.impl.ReviewService.getReviewList start!
2023-12-24 14:36:26 [INFO ] k.poly.controller.ReviewController - 조회된 리뷰 수 : 0
2023-12-24 14:36:26 [INFO ] k.poly.controller.ReviewController - kopo.poly.controller.ReviewController.getReviewList End!
2023-12-24 14:38:37 [INFO ] kopo.poly.controller.MainController - kopo.poly.controller.MainController블루밍 서비스 메인화면 호출 시작합니다.
2023-12-24 14:38:37 [INFO ] k.poly.service.impl.PolicyService2 - kopo.poly.service.impl.PolicyService2메인 페이지에 띄울 최신 정책 10개 호출합니다.
2023-12-24 14:38:37 [INFO ] kopo.poly.service.impl.JobService - kopo.poly.service.impl.JobService메인 페이지에 띄울 최신 일자리 10개 호출합니다.
2023-12-24 14:38:37 [INFO ] kopo.poly.service.impl.NoticeService - kopo.poly.service.impl.NoticeService메인페이지에 띄울 최신글 10개 호출합니다.
2023-12-24 14:38:37 [INFO ] kopo.poly.service.impl.StoreService - kopo.poly.service.impl.StoreService.청년점포 메인에 띄울 가게 정보 호출합니다.
2023-12-24 14:38:37 [INFO ] kopo.poly.service.impl.StoreService - kopo.poly.service.impl.StoreService.청년점포 메인에 띄울 가게 정보 호출 종료합니다.
2023-12-24 14:38:37 [INFO ] kopo.poly.controller.MainController - kopo.poly.controller.MainController블루밍 서비스 메인화면 호출 종료합니다.
2023-12-24 14:38:39 [INFO ] kopo.poly.controller.StoreController - kopo.poly.controller.StoreController.점포 게시판 진입, 청년점포 리스트 가져오기 컨트롤러 실행합니다.
2023-12-24 14:38:39 [INFO ] kopo.poly.service.impl.StoreService - kopo.poly.service.impl.StoreService.청년점포 리스트 서비스 호출 받았습니다.
2023-12-24 14:38:39 [INFO ] kopo.poly.controller.StoreController - kopo.poly.controller.StoreController.점포 게시판 진입, 청년점포 리스트 가져오기 컨트롤러 종료합니다.
2023-12-24 14:43:20 [INFO ] kopo.poly.BlmUserServiceApplication - Starting BlmUserServiceApplication using Java 1.8.0_292 on SYui-MacBookPro.local with PID 27061 (/Users/soyoung/Desktop/멋진김소영/영진이네/BLM/target/classes started by soyoung in /Users/soyoung/Desktop/멋진김소영/영진이네/BLM)
2023-12-24 14:43:20 [INFO ] kopo.poly.BlmUserServiceApplication - The following 1 profile is active: "prod"
2023-12-24 14:43:23 [INFO ] kopo.poly.BlmUserServiceApplication - Started BlmUserServiceApplication in 23.617 seconds (JVM running for 29.903)
2023-12-24 14:43:41 [INFO ] kopo.poly.controller.StoreController - kopo.poly.controller.StoreController.청년점포 등록 페이지로 이동 컨트롤러 실행합니다.
